{
  "timestamp": "2025-07-28T06:41:05.303Z",
  "totalTests": 40,
  "passed": 37,
  "failed": 4,
  "warnings": 0,
  "performance": {
    "bundleSize": {
      "value": "1.8MB",
      "threshold": "2MB",
      "passed": true
    },
    "loadTime": {
      "value": "2.1s",
      "threshold": "3s",
      "passed": true
    },
    "memoryUsage": {
      "value": "42MB",
      "threshold": "50MB",
      "passed": true
    },
    "renderPerformance": {
      "value": "85ms",
      "threshold": "100ms",
      "passed": true
    },
    "memoryLeaks": {
      "value": "None detected",
      "threshold": "None",
      "passed": true
    }
  },
  "coverage": {},
  "errors": [
    {
      "type": "CORE_TEST_FAILURE",
      "message": "Command failed: npm test -- --coverage --watchAll=false --verbose\nFAIL __tests__/automation/playwright-e2e.spec.js\n  â— Test suite failed to run\n\n    Cannot find module '@playwright/test' from '__tests__/automation/playwright-e2e.spec.js'\n\n    \u001b[0m \u001b[90m 4 |\u001b[39m \u001b[90m */\u001b[39m\n     \u001b[90m 5 |\u001b[39m\n    \u001b[31m\u001b[1m>\u001b[22m\u001b[39m\u001b[90m 6 |\u001b[39m \u001b[36mconst\u001b[39m { test\u001b[33m,\u001b[39m expect\u001b[33m,\u001b[39m devices } \u001b[33m=\u001b[39m require(\u001b[32m'@playwright/test'\u001b[39m)\u001b[33m;\u001b[39m\n     \u001b[90m   |\u001b[39m                                   \u001b[31m\u001b[1m^\u001b[22m\u001b[39m\n     \u001b[90m 7 |\u001b[39m\n     \u001b[90m 8 |\u001b[39m \u001b[90m// Test configuration\u001b[39m\n     \u001b[90m 9 |\u001b[39m \u001b[36mconst\u001b[39m \u001b[33mTEST_CONFIG\u001b[39m \u001b[33m=\u001b[39m {\u001b[0m\n\n      at Resolver._throwModNotFoundError (node_modules/jest-resolve/build/resolver.js:427:11)\n      at Object.require (__tests__/automation/playwright-e2e.spec.js:6:35)\n\nPASS __tests__/components/LearningQuizManager.test.tsx\n  LearningQuizManager Component\n    âˆš should have component file available (4 ms)\n    âˆš should be a valid TypeScript/JavaScript file (3 ms)\n    âˆš should be able to import basic dependencies (2 ms)\n    âˆš should have valid component structure (2 ms)\n    âˆš should have correct component name (2 ms)\n\nPASS __tests__/web-ui/comprehensive-web-tests.test.ts\n  Comprehensive Web UI Tests\n    ğŸ  App Initialization\n      âˆš should load the web app without errors (4 ms)\n      âˆš should display the main navigation tabs (4 ms)\n      âˆš should start on Learn tab by default (5 ms)\n    ğŸ“š Learn Screen Components\n      âˆš should display lesson cards in swipeable format (6 ms)\n      âˆš should show consistent pill styling (7 ms)\n      âˆš should display topic selector with consistent pills (4 ms)\n      âˆš should show proper card content truncation (9 ms)\n      âˆš should handle card interactions (5 ms)\n    ğŸ“– Lesson Detail Screen\n      âˆš should display enhanced markdown with syntax highlighting (6 ms)\n      âˆš should show text wrapping toggle for code blocks (5 ms)\n      âˆš should display lesson metadata correctly (4 ms)\n    ğŸ” Explore Screen Components\n      âˆš should display quiz options (3 ms)\n      âˆš should show practice quiz with consistent pills (4 ms)\n      âˆš should show interview quiz with consistent pills (7 ms)\n    ğŸ“Š Progress Screen Components\n      âˆš should display progress overview (4 ms)\n      âˆš should show learning calendar (3 ms)\n      âˆš should display achievement badges (4 ms)\n    ğŸ‘¤ Profile Screen Components\n      âˆš should display profile information (4 ms)\n      âˆš should show theme toggle functionality (5 ms)\n      âˆš should display settings and preferences (6 ms)\n    ğŸ¯ Quiz Interface Testing\n      âˆš should handle quiz interactions properly (7 ms)\n      âˆš should show consistent difficulty badges in quiz (4 ms)\n    ğŸ”„ Data Loading and Performance\n      âˆš should load lesson data without errors (5 ms)\n      âˆš should handle navigation smoothly (6 ms)\n    ğŸ“± Responsive Design\n      âˆš should work on different screen sizes (7 ms)\n      âˆš should handle mobile viewport correctly (4 ms)\n\nPASS __tests__/critical/infiniteLoopDetection.test.tsx\n  Infinite Loop Detection Tests\n    Component Render Stability\n      âˆš should not cause infinite loops in basic components (2 ms)\n      âˆš should detect components with potential infinite loops (1 ms)\n      âˆš should handle components with state updates (4 ms)\n    Store Update Stability\n      âˆš should handle store updates without infinite loops (1 ms)\n      âˆš should handle theme updates without infinite loops (1 ms)\n    Basic Performance Tests\n      âˆš should render simple components quickly (1 ms)\n      âˆš should handle multiple renders efficiently (2 ms)\n\nPASS __tests__/smoke/basicFunctionality.test.ts\n  Basic App Functionality\n    Store Initialization\n      âˆš should initialize progress store without errors (1036 ms)\n      âˆš should initialize theme store without errors (38 ms)\n    Data Loading\n      âˆš should load lesson data without errors (3 ms)\n    Basic Store Operations\n      âˆš should handle lesson completion without infinite loops (5 ms)\n      âˆš should handle theme changes without infinite loops (2 ms)\n      âˆš should handle multiple rapid operations without crashing (6 ms)\n    Error Handling\n      âˆš should handle invalid inputs gracefully (3 ms)\n      âˆš should maintain store integrity after errors (6 ms)\n    Performance Checks\n      âˆš should initialize stores quickly (1 ms)\n      âˆš should handle concurrent operations efficiently (46 ms)\n    Memory Management\n      âˆš should not create memory leaks during normal operations (60 ms)\n\nPASS __tests__/store/useProgressStore.test.ts\n  useProgressStore\n    Initial State\n      âˆš should have correct initial state (3 ms)\n      âˆš should have all required action functions (1 ms)\n    markAsCompleted\n      âˆš should mark lesson as completed and add XP (2 ms)\n      âˆš should not add XP if lesson already completed (2 ms)\n    toggleBookmark\n      âˆš should bookmark a lesson (2 ms)\n      âˆš should unbookmark a bookmarked lesson (1 ms)\n    Day Navigation\n      âˆš should increment day (1 ms)\n      âˆš should not increment day beyond 30 (6 ms)\n      âˆš should decrement day (1 ms)\n      âˆš should not decrement day below 1 (1 ms)\n    XP System\n      âˆš should add XP correctly (1 ms)\n    Streak System\n      âˆš should update streak when lesson completed today (2 ms)\n      âˆš should maintain streak for consecutive days (1 ms)\n      âˆš should reset streak if gap in completion (1 ms)\n    Progress Calculations\n      âˆš should calculate completion percentage correctly (3 ms)\n      âˆš should count bookmarked lessons correctly (1 ms)\n    Level System\n      âˆš should calculate level based on XP (2 ms)\n      âˆš should handle XP overflow correctly (2 ms)\n    Data Persistence\n      âˆš should persist state changes (2 ms)\n    Edge Cases\n      âˆš should handle invalid lesson IDs gracefully (2 ms)\n      âˆš should handle negative XP gracefully (2 ms)\n    resetProgress\n      âˆš should reset all progress to initial state (2 ms)\n\nPASS __tests__/components/LearnHeader.test.tsx\n  LearnHeader Component\n    âˆš should have component file available (3 ms)\n    âˆš should be a valid TypeScript/JavaScript file (2 ms)\n    âˆš should be able to import basic dependencies (1 ms)\n    âˆš should have valid component structure (2 ms)\n    âˆš should have correct component name (1 ms)\n\nPASS __tests__/store/useThemeStore.test.ts\n  useThemeStore\n    Initial State\n      âˆš should have correct initial state (4 ms)\n      âˆš should have valid theme mode (2 ms)\n      âˆš should have system theme property (1 ms)\n    Theme Toggle\n      âˆš should toggle from light to dark (2 ms)\n      âˆš should toggle from dark to light (1 ms)\n      âˆš should have toggle functionality (1 ms)\n    Basic Functionality\n      âˆš should have setTheme function (1 ms)\n      âˆš should handle theme changes without errors (1 ms)\n\nPASS __tests__/components/QuizManager.test.tsx\n  QuizManager Component\n    âˆš should have component file available (1 ms)\n    âˆš should be a valid TypeScript/JavaScript file (2 ms)\n    âˆš should be able to import basic dependencies (1 ms)\n    âˆš should have valid component structure (1 ms)\n    âˆš should have correct component name (1 ms)\n\nPASS __tests__/screens/ExploreScreen.test.tsx\n  ExploreScreen Component\n    âˆš should have component file available (1 ms)\n    âˆš should be a valid TypeScript/JavaScript file (1 ms)\n    âˆš should be able to import basic dependencies (2 ms)\n    âˆš should have valid component structure (1 ms)\n    âˆš should have correct component name (1 ms)\n\nPASS __tests__/components/QuizInterface.test.tsx\n  QuizInterface Component\n    âˆš should have component file available (1 ms)\n    âˆš should be a valid TypeScript/JavaScript file (2 ms)\n    âˆš should be able to import basic dependencies (1 ms)\n    âˆš should have valid component structure (1 ms)\n    âˆš should have correct component name (1 ms)\n\nPASS __tests__/screens/ProgressScreen.test.tsx\n  ProgressScreen Component\n    âˆš should have component file available (2 ms)\n    âˆš should be a valid TypeScript/JavaScript file (2 ms)\n    âˆš should be able to import basic dependencies (1 ms)\n    âˆš should have valid component structure (1 ms)\n    âˆš should have correct component name (2 ms)\n\nPASS __tests__/screens/LearnScreen.test.tsx\n  LearnScreen Component\n    âˆš should have component file available (2 ms)\n    âˆš should be a valid TypeScript/JavaScript file (1 ms)\n    âˆš should be able to import basic dependencies (1 ms)\n    âˆš should have valid component structure (1 ms)\n    âˆš should have correct component name (1 ms)\n\nPASS __tests__/components/ProgressBar.test.tsx\n  ProgressBar Component\n    âˆš should have component file available (2 ms)\n    âˆš should be a valid TypeScript/JavaScript file (1 ms)\n    âˆš should be able to import basic dependencies (1 ms)\n    âˆš should have valid component structure (1 ms)\n    âˆš should have correct component name (1 ms)\n\nPASS __tests__/components/QuizCard.test.tsx\n  QuizCard Component\n    âˆš should have component file available (2 ms)\n    âˆš should be a valid TypeScript/JavaScript file (1 ms)\n    âˆš should be able to import basic dependencies (1 ms)\n    âˆš should have valid component structure (1 ms)\n    âˆš should have correct component name (1 ms)\n\nPASS __tests__/basic.test.ts\n  Basic Test Suite\n    âˆš should run basic tests (2 ms)\n    âˆš should handle async operations (1 ms)\n    âˆš should test array operations (1 ms)\n    âˆš should test object properties (1 ms)\n\nPASS __tests__/screens/ProfileScreen.test.tsx\n  ProfileScreen Component\n    âˆš should have component file available (1 ms)\n    âˆš should be a valid TypeScript/JavaScript file (2 ms)\n    âˆš should be able to import basic dependencies (1 ms)\n    âˆš should have valid component structure (2 ms)\n    âˆš should have correct component name (1 ms)\n\nPASS __tests__/components/XPNotification.test.tsx\n  XPNotification Component\n    âˆš should have component file available (1 ms)\n    âˆš should be a valid TypeScript/JavaScript file (1 ms)\n    âˆš should be able to import basic dependencies (1 ms)\n    âˆš should have valid component structure (1 ms)\n    âˆš should have correct component name (1 ms)\n\nPASS __tests__/integration/SwipeFlow.test.tsx\n  SwipeFlow Component\n    âˆš should have component file available (2 ms)\n    âˆš should be a valid TypeScript/JavaScript file (1 ms)\n    âˆš should be able to import basic dependencies (2 ms)\n    âˆš should have valid component structure (1 ms)\n    âˆš should have correct component name (2 ms)\n\nJest: \"global\" coverage threshold for statements (80%) not met: 5.8%\nJest: \"global\" coverage threshold for branches (80%) not met: 3.12%\nJest: \"global\" coverage threshold for lines (80%) not met: 5.66%\nJest: \"global\" coverage threshold for functions (80%) not met: 6.29%\nTest Suites: 1 failed, 18 passed, 19 total\nTests:       138 passed, 138 total\nSnapshots:   0 total\nTime:        14.541 s\nRan all test suites.\n"
    },
    {
      "type": "COMPONENT_TEST_FAILURE",
      "component": "QuizInterface",
      "message": "Component QuizInterface not found"
    },
    {
      "type": "COMPONENT_TEST_FAILURE",
      "component": "SwipeFlow",
      "message": "Component SwipeFlow not found"
    },
    {
      "type": "CROSS_BROWSER_FAILURE",
      "browser": "webkit",
      "message": "Browser compatibility issue in webkit"
    }
  ],
  "duration": 24700,
  "summary": {
    "successRate": "92.50",
    "productionReady": false,
    "duration": "24.70s"
  }
}