{"E:\\DevelopmentPrograms\\CardSwipe-v3\\app\\+not-found.tsx": {"path":"E:\\DevelopmentPrograms\\CardSwipe-v3\\app\\+not-found.tsx","statementMap":{"0":{"start":{"line":5,"column":2},"end":{"line":16,"column":4}},"1":{"start":{"line":19,"column":15},"end":{"line":38,"column":2}}},"fnMap":{"0":{"name":"NotFoundScreen","decl":{"start":{"line":4,"column":24},"end":{"line":4,"column":38}},"loc":{"start":{"line":4,"column":41},"end":{"line":17,"column":1}},"line":4}},"branchMap":{},"s":{"0":0,"1":0},"f":{"0":0},"b":{}}
,"E:\\DevelopmentPrograms\\CardSwipe-v3\\app\\_layout.tsx": {"path":"E:\\DevelopmentPrograms\\CardSwipe-v3\\app\\_layout.tsx","statementMap":{"0":{"start":{"line":18,"column":33},"end":{"line":21,"column":1}},"1":{"start":{"line":24,"column":0},"end":{"line":24,"column":36}},"2":{"start":{"line":27,"column":26},"end":{"line":29,"column":4}},"3":{"start":{"line":31,"column":46},"end":{"line":31,"column":61}},"4":{"start":{"line":32,"column":20},"end":{"line":32,"column":56}},"5":{"start":{"line":32,"column":45},"end":{"line":32,"column":55}},"6":{"start":{"line":33,"column":22},"end":{"line":33,"column":38}},"7":{"start":{"line":36,"column":2},"end":{"line":39,"column":9}},"8":{"start":{"line":38,"column":4},"end":{"line":38,"column":28}},"9":{"start":{"line":41,"column":2},"end":{"line":46,"column":14}},"10":{"start":{"line":42,"column":4},"end":{"line":45,"column":5}},"11":{"start":{"line":43,"column":6},"end":{"line":43,"column":27}},"12":{"start":{"line":44,"column":6},"end":{"line":44,"column":18}},"13":{"start":{"line":48,"column":2},"end":{"line":52,"column":31}},"14":{"start":{"line":49,"column":4},"end":{"line":51,"column":5}},"15":{"start":{"line":50,"column":6},"end":{"line":50,"column":31}},"16":{"start":{"line":54,"column":2},"end":{"line":56,"column":3}},"17":{"start":{"line":55,"column":4},"end":{"line":55,"column":16}},"18":{"start":{"line":58,"column":2},"end":{"line":70,"column":4}},"19":{"start":{"line":74,"column":22},"end":{"line":74,"column":38}},"20":{"start":{"line":76,"column":2},"end":{"line":101,"column":4}}},"fnMap":{"0":{"name":"RootLayout","decl":{"start":{"line":26,"column":24},"end":{"line":26,"column":34}},"loc":{"start":{"line":26,"column":37},"end":{"line":71,"column":1}},"line":26},"1":{"name":"(anonymous_1)","decl":{"start":{"line":32,"column":34},"end":{"line":32,"column":35}},"loc":{"start":{"line":32,"column":45},"end":{"line":32,"column":55}},"line":32},"2":{"name":"(anonymous_2)","decl":{"start":{"line":36,"column":12},"end":{"line":36,"column":13}},"loc":{"start":{"line":36,"column":18},"end":{"line":39,"column":3}},"line":36},"3":{"name":"(anonymous_3)","decl":{"start":{"line":41,"column":12},"end":{"line":41,"column":13}},"loc":{"start":{"line":41,"column":18},"end":{"line":46,"column":3}},"line":41},"4":{"name":"(anonymous_4)","decl":{"start":{"line":48,"column":12},"end":{"line":48,"column":13}},"loc":{"start":{"line":48,"column":18},"end":{"line":52,"column":3}},"line":48},"5":{"name":"RootLayoutNav","decl":{"start":{"line":73,"column":9},"end":{"line":73,"column":22}},"loc":{"start":{"line":73,"column":25},"end":{"line":102,"column":1}},"line":73}},"branchMap":{"0":{"loc":{"start":{"line":42,"column":4},"end":{"line":45,"column":5}},"type":"if","locations":[{"start":{"line":42,"column":4},"end":{"line":45,"column":5}},{"start":{},"end":{}}],"line":42},"1":{"loc":{"start":{"line":49,"column":4},"end":{"line":51,"column":5}},"type":"if","locations":[{"start":{"line":49,"column":4},"end":{"line":51,"column":5}},{"start":{},"end":{}}],"line":49},"2":{"loc":{"start":{"line":49,"column":8},"end":{"line":49,"column":32}},"type":"binary-expr","locations":[{"start":{"line":49,"column":8},"end":{"line":49,"column":14}},{"start":{"line":49,"column":18},"end":{"line":49,"column":32}}],"line":49},"3":{"loc":{"start":{"line":54,"column":2},"end":{"line":56,"column":3}},"type":"if","locations":[{"start":{"line":54,"column":2},"end":{"line":56,"column":3}},{"start":{},"end":{}}],"line":54},"4":{"loc":{"start":{"line":54,"column":6},"end":{"line":54,"column":32}},"type":"binary-expr","locations":[{"start":{"line":54,"column":6},"end":{"line":54,"column":13}},{"start":{"line":54,"column":17},"end":{"line":54,"column":32}}],"line":54},"5":{"loc":{"start":{"line":63,"column":22},"end":{"line":63,"column":77}},"type":"cond-expr","locations":[{"start":{"line":63,"column":45},"end":{"line":63,"column":60}},{"start":{"line":63,"column":63},"end":{"line":63,"column":77}}],"line":63},"6":{"loc":{"start":{"line":96,"column":24},"end":{"line":96,"column":64}},"type":"cond-expr","locations":[{"start":{"line":96,"column":48},"end":{"line":96,"column":55}},{"start":{"line":96,"column":58},"end":{"line":96,"column":64}}],"line":96}},"s":{"0":0,"1":0,"2":0,"3":0,"4":0,"5":0,"6":0,"7":0,"8":0,"9":0,"10":0,"11":0,"12":0,"13":0,"14":0,"15":0,"16":0,"17":0,"18":0,"19":0,"20":0},"f":{"0":0,"1":0,"2":0,"3":0,"4":0,"5":0},"b":{"0":[0,0],"1":[0,0],"2":[0,0],"3":[0,0],"4":[0,0],"5":[0,0],"6":[0,0]}}
,"E:\\DevelopmentPrograms\\CardSwipe-v3\\app\\about.tsx": {"path":"E:\\DevelopmentPrograms\\CardSwipe-v3\\app\\about.tsx","statementMap":{"0":{"start":{"line":38,"column":22},"end":{"line":38,"column":38}},"1":{"start":{"line":39,"column":32},"end":{"line":44,"column":4}},"2":{"start":{"line":46,"column":2},"end":{"line":49,"column":9}},"3":{"start":{"line":47,"column":4},"end":{"line":47,"column":18}},"4":{"start":{"line":48,"column":4},"end":{"line":48,"column":22}},"5":{"start":{"line":51,"column":22},"end":{"line":54,"column":3}},"6":{"start":{"line":52,"column":17},"end":{"line":52,"column":43}},"7":{"start":{"line":53,"column":4},"end":{"line":53,"column":21}},"8":{"start":{"line":56,"column":26},"end":{"line":58,"column":3}},"9":{"start":{"line":57,"column":4},"end":{"line":57,"column":50}},"10":{"start":{"line":60,"column":21},"end":{"line":65,"column":3}},"11":{"start":{"line":61,"column":4},"end":{"line":63,"column":5}},"12":{"start":{"line":62,"column":6},"end":{"line":62,"column":61}},"13":{"start":{"line":64,"column":4},"end":{"line":64,"column":18}},"14":{"start":{"line":67,"column":26},"end":{"line":78,"column":3}},"15":{"start":{"line":68,"column":4},"end":{"line":70,"column":5}},"16":{"start":{"line":69,"column":6},"end":{"line":69,"column":62}},"17":{"start":{"line":72,"column":4},"end":{"line":77,"column":5}},"18":{"start":{"line":73,"column":6},"end":{"line":73,"column":33}},"19":{"start":{"line":74,"column":6},"end":{"line":74,"column":69}},"20":{"start":{"line":76,"column":6},"end":{"line":76,"column":50}},"21":{"start":{"line":80,"column":29},"end":{"line":86,"column":3}},"22":{"start":{"line":81,"column":4},"end":{"line":83,"column":5}},"23":{"start":{"line":82,"column":6},"end":{"line":82,"column":62}},"24":{"start":{"line":85,"column":4},"end":{"line":85,"column":44}},"25":{"start":{"line":88,"column":24},"end":{"line":94,"column":3}},"26":{"start":{"line":89,"column":21},"end":{"line":91,"column":73}},"27":{"start":{"line":93,"column":4},"end":{"line":93,"column":42}},"28":{"start":{"line":96,"column":18},"end":{"line":129,"column":3}},"29":{"start":{"line":107,"column":4},"end":{"line":128,"column":23}},"30":{"start":{"line":131,"column":21},"end":{"line":152,"column":3}},"31":{"start":{"line":142,"column":4},"end":{"line":151,"column":23}},"32":{"start":{"line":144,"column":21},"end":{"line":144,"column":48}},"33":{"start":{"line":154,"column":2},"end":{"line":349,"column":4}},"34":{"start":{"line":308,"column":29},"end":{"line":311,"column":15}},"35":{"start":{"line":352,"column":15},"end":{"line":494,"column":2}}},"fnMap":{"0":{"name":"AboutScreen","decl":{"start":{"line":37,"column":24},"end":{"line":37,"column":35}},"loc":{"start":{"line":37,"column":38},"end":{"line":350,"column":1}},"line":37},"1":{"name":"(anonymous_1)","decl":{"start":{"line":46,"column":12},"end":{"line":46,"column":13}},"loc":{"start":{"line":46,"column":18},"end":{"line":49,"column":3}},"line":46},"2":{"name":"(anonymous_2)","decl":{"start":{"line":51,"column":22},"end":{"line":51,"column":23}},"loc":{"start":{"line":51,"column":28},"end":{"line":54,"column":3}},"line":51},"3":{"name":"(anonymous_3)","decl":{"start":{"line":56,"column":26},"end":{"line":56,"column":27}},"loc":{"start":{"line":56,"column":32},"end":{"line":58,"column":3}},"line":56},"4":{"name":"(anonymous_4)","decl":{"start":{"line":60,"column":21},"end":{"line":60,"column":22}},"loc":{"start":{"line":60,"column":27},"end":{"line":65,"column":3}},"line":60},"5":{"name":"(anonymous_5)","decl":{"start":{"line":67,"column":26},"end":{"line":67,"column":27}},"loc":{"start":{"line":67,"column":64},"end":{"line":78,"column":3}},"line":67},"6":{"name":"(anonymous_6)","decl":{"start":{"line":80,"column":29},"end":{"line":80,"column":30}},"loc":{"start":{"line":80,"column":41},"end":{"line":86,"column":3}},"line":80},"7":{"name":"(anonymous_7)","decl":{"start":{"line":88,"column":24},"end":{"line":88,"column":25}},"loc":{"start":{"line":88,"column":30},"end":{"line":94,"column":3}},"line":88},"8":{"name":"(anonymous_8)","decl":{"start":{"line":96,"column":18},"end":{"line":96,"column":19}},"loc":{"start":{"line":107,"column":4},"end":{"line":128,"column":23}},"line":107},"9":{"name":"(anonymous_9)","decl":{"start":{"line":131,"column":21},"end":{"line":131,"column":22}},"loc":{"start":{"line":142,"column":4},"end":{"line":151,"column":23}},"line":142},"10":{"name":"(anonymous_10)","decl":{"start":{"line":144,"column":15},"end":{"line":144,"column":16}},"loc":{"start":{"line":144,"column":21},"end":{"line":144,"column":48}},"line":144},"11":{"name":"(anonymous_11)","decl":{"start":{"line":308,"column":23},"end":{"line":308,"column":24}},"loc":{"start":{"line":308,"column":29},"end":{"line":311,"column":15}},"line":308}},"branchMap":{"0":{"loc":{"start":{"line":61,"column":4},"end":{"line":63,"column":5}},"type":"if","locations":[{"start":{"line":61,"column":4},"end":{"line":63,"column":5}},{"start":{},"end":{}}],"line":61},"1":{"loc":{"start":{"line":68,"column":4},"end":{"line":70,"column":5}},"type":"if","locations":[{"start":{"line":68,"column":4},"end":{"line":70,"column":5}},{"start":{},"end":{}}],"line":68},"2":{"loc":{"start":{"line":81,"column":4},"end":{"line":83,"column":5}},"type":"if","locations":[{"start":{"line":81,"column":4},"end":{"line":83,"column":5}},{"start":{},"end":{}}],"line":81},"3":{"loc":{"start":{"line":89,"column":21},"end":{"line":91,"column":73}},"type":"cond-expr","locations":[{"start":{"line":90,"column":8},"end":{"line":90,"column":62}},{"start":{"line":91,"column":8},"end":{"line":91,"column":73}}],"line":89},"4":{"loc":{"start":{"line":111,"column":8},"end":{"line":111,"column":42}},"type":"binary-expr","locations":[{"start":{"line":111,"column":8},"end":{"line":111,"column":16}},{"start":{"line":111,"column":20},"end":{"line":111,"column":42}}],"line":111},"5":{"loc":{"start":{"line":126,"column":9},"end":{"line":126,"column":80}},"type":"binary-expr","locations":[{"start":{"line":126,"column":9},"end":{"line":126,"column":16}},{"start":{"line":126,"column":20},"end":{"line":126,"column":80}}],"line":126},"6":{"loc":{"start":{"line":146,"column":29},"end":{"line":146,"column":57}},"type":"binary-expr","locations":[{"start":{"line":146,"column":29},"end":{"line":146,"column":34}},{"start":{"line":146,"column":38},"end":{"line":146,"column":57}}],"line":146},"7":{"loc":{"start":{"line":210,"column":19},"end":{"line":210,"column":60}},"type":"cond-expr","locations":[{"start":{"line":210,"column":43},"end":{"line":210,"column":48}},{"start":{"line":210,"column":51},"end":{"line":210,"column":60}}],"line":210},"8":{"loc":{"start":{"line":230,"column":17},"end":{"line":232,"column":81}},"type":"cond-expr","locations":[{"start":{"line":231,"column":16},"end":{"line":231,"column":70}},{"start":{"line":232,"column":16},"end":{"line":232,"column":81}}],"line":230}},"s":{"0":0,"1":0,"2":0,"3":0,"4":0,"5":0,"6":0,"7":0,"8":0,"9":0,"10":0,"11":0,"12":0,"13":0,"14":0,"15":0,"16":0,"17":0,"18":0,"19":0,"20":0,"21":0,"22":0,"23":0,"24":0,"25":0,"26":0,"27":0,"28":0,"29":0,"30":0,"31":0,"32":0,"33":0,"34":0,"35":0},"f":{"0":0,"1":0,"2":0,"3":0,"4":0,"5":0,"6":0,"7":0,"8":0,"9":0,"10":0,"11":0},"b":{"0":[0,0],"1":[0,0],"2":[0,0],"3":[0,0],"4":[0,0],"5":[0,0],"6":[0,0],"7":[0,0],"8":[0,0]}}
,"E:\\DevelopmentPrograms\\CardSwipe-v3\\app\\error-boundary.tsx": {"path":"E:\\DevelopmentPrograms\\CardSwipe-v3\\app\\error-boundary.tsx","statementMap":{"0":{"start":{"line":14,"column":18},"end":{"line":14,"column":36}},"1":{"start":{"line":16,"column":25},"end":{"line":20,"column":1}},"2":{"start":{"line":23,"column":2},"end":{"line":49,"column":3}},"3":{"start":{"line":24,"column":4},"end":{"line":28,"column":7}},"4":{"start":{"line":30,"column":25},"end":{"line":39,"column":5}},"5":{"start":{"line":41,"column":4},"end":{"line":48,"column":5}},"6":{"start":{"line":42,"column":6},"end":{"line":45,"column":8}},"7":{"start":{"line":47,"column":6},"end":{"line":47,"column":73}},"8":{"start":{"line":52,"column":0},"end":{"line":74,"column":1}},"9":{"start":{"line":53,"column":2},"end":{"line":62,"column":11}},"10":{"start":{"line":54,"column":4},"end":{"line":54,"column":27}},"11":{"start":{"line":55,"column":25},"end":{"line":60,"column":5}},"12":{"start":{"line":61,"column":4},"end":{"line":61,"column":42}},"13":{"start":{"line":64,"column":2},"end":{"line":67,"column":11}},"14":{"start":{"line":65,"column":4},"end":{"line":65,"column":27}},"15":{"start":{"line":66,"column":4},"end":{"line":66,"column":42}},"16":{"start":{"line":69,"column":31},"end":{"line":69,"column":44}},"17":{"start":{"line":70,"column":2},"end":{"line":73,"column":4}},"18":{"start":{"line":71,"column":4},"end":{"line":71,"column":44}},"19":{"start":{"line":72,"column":4},"end":{"line":72,"column":46}},"20":{"start":{"line":78,"column":4},"end":{"line":78,"column":17}},"21":{"start":{"line":79,"column":4},"end":{"line":79,"column":50}},"22":{"start":{"line":83,"column":4},"end":{"line":83,"column":37}},"23":{"start":{"line":87,"column":4},"end":{"line":87,"column":46}},"24":{"start":{"line":88,"column":4},"end":{"line":90,"column":5}},"25":{"start":{"line":89,"column":6},"end":{"line":89,"column":43}},"26":{"start":{"line":94,"column":4},"end":{"line":108,"column":5}},"27":{"start":{"line":95,"column":6},"end":{"line":107,"column":8}},"28":{"start":{"line":110,"column":4},"end":{"line":110,"column":31}},"29":{"start":{"line":114,"column":15},"end":{"line":143,"column":2}}},"fnMap":{"0":{"name":"sendErrorToIframeParent","decl":{"start":{"line":22,"column":9},"end":{"line":22,"column":32}},"loc":{"start":{"line":22,"column":62},"end":{"line":50,"column":1}},"line":22},"1":{"name":"(anonymous_1)","decl":{"start":{"line":53,"column":35},"end":{"line":53,"column":36}},"loc":{"start":{"line":53,"column":46},"end":{"line":62,"column":3}},"line":53},"2":{"name":"(anonymous_2)","decl":{"start":{"line":64,"column":48},"end":{"line":64,"column":49}},"loc":{"start":{"line":64,"column":59},"end":{"line":67,"column":3}},"line":64},"3":{"name":"(anonymous_3)","decl":{"start":{"line":70,"column":18},"end":{"line":70,"column":19}},"loc":{"start":{"line":70,"column":31},"end":{"line":73,"column":3}},"line":70},"4":{"name":"(anonymous_4)","decl":{"start":{"line":77,"column":2},"end":{"line":77,"column":3}},"loc":{"start":{"line":77,"column":28},"end":{"line":80,"column":3}},"line":77},"5":{"name":"(anonymous_5)","decl":{"start":{"line":82,"column":2},"end":{"line":82,"column":3}},"loc":{"start":{"line":82,"column":48},"end":{"line":84,"column":3}},"line":82},"6":{"name":"(anonymous_6)","decl":{"start":{"line":86,"column":2},"end":{"line":86,"column":3}},"loc":{"start":{"line":86,"column":62},"end":{"line":91,"column":3}},"line":86},"7":{"name":"(anonymous_7)","decl":{"start":{"line":93,"column":2},"end":{"line":93,"column":3}},"loc":{"start":{"line":93,"column":11},"end":{"line":111,"column":3}},"line":93}},"branchMap":{"0":{"loc":{"start":{"line":23,"column":2},"end":{"line":49,"column":3}},"type":"if","locations":[{"start":{"line":23,"column":2},"end":{"line":49,"column":3}},{"start":{},"end":{}}],"line":23},"1":{"loc":{"start":{"line":23,"column":6},"end":{"line":23,"column":60}},"type":"binary-expr","locations":[{"start":{"line":23,"column":6},"end":{"line":23,"column":27}},{"start":{"line":23,"column":31},"end":{"line":23,"column":60}}],"line":23},"2":{"loc":{"start":{"line":33,"column":17},"end":{"line":33,"column":71}},"type":"binary-expr","locations":[{"start":{"line":33,"column":17},"end":{"line":33,"column":31}},{"start":{"line":33,"column":35},"end":{"line":33,"column":52}},{"start":{"line":33,"column":56},"end":{"line":33,"column":71}}],"line":33},"3":{"loc":{"start":{"line":44,"column":8},"end":{"line":44,"column":78}},"type":"cond-expr","locations":[{"start":{"line":44,"column":55},"end":{"line":44,"column":72}},{"start":{"line":44,"column":75},"end":{"line":44,"column":78}}],"line":44},"4":{"loc":{"start":{"line":52,"column":0},"end":{"line":74,"column":1}},"type":"if","locations":[{"start":{"line":52,"column":0},"end":{"line":74,"column":1}},{"start":{},"end":{}}],"line":52},"5":{"loc":{"start":{"line":52,"column":4},"end":{"line":52,"column":58}},"type":"binary-expr","locations":[{"start":{"line":52,"column":4},"end":{"line":52,"column":25}},{"start":{"line":52,"column":29},"end":{"line":52,"column":58}}],"line":52},"6":{"loc":{"start":{"line":55,"column":25},"end":{"line":60,"column":5}},"type":"binary-expr","locations":[{"start":{"line":55,"column":25},"end":{"line":55,"column":36}},{"start":{"line":55,"column":40},"end":{"line":60,"column":5}}],"line":55},"7":{"loc":{"start":{"line":56,"column":15},"end":{"line":56,"column":47}},"type":"binary-expr","locations":[{"start":{"line":56,"column":15},"end":{"line":56,"column":28}},{"start":{"line":56,"column":32},"end":{"line":56,"column":47}}],"line":56},"8":{"loc":{"start":{"line":57,"column":16},"end":{"line":57,"column":48}},"type":"binary-expr","locations":[{"start":{"line":57,"column":16},"end":{"line":57,"column":30}},{"start":{"line":57,"column":34},"end":{"line":57,"column":48}}],"line":57},"9":{"loc":{"start":{"line":58,"column":14},"end":{"line":58,"column":44}},"type":"binary-expr","locations":[{"start":{"line":58,"column":14},"end":{"line":58,"column":26}},{"start":{"line":58,"column":30},"end":{"line":58,"column":44}}],"line":58},"10":{"loc":{"start":{"line":59,"column":13},"end":{"line":59,"column":44}},"type":"binary-expr","locations":[{"start":{"line":59,"column":13},"end":{"line":59,"column":24}},{"start":{"line":59,"column":28},"end":{"line":59,"column":44}}],"line":59},"11":{"loc":{"start":{"line":88,"column":4},"end":{"line":90,"column":5}},"type":"if","locations":[{"start":{"line":88,"column":4},"end":{"line":90,"column":5}},{"start":{},"end":{}}],"line":88},"12":{"loc":{"start":{"line":94,"column":4},"end":{"line":108,"column":5}},"type":"if","locations":[{"start":{"line":94,"column":4},"end":{"line":108,"column":5}},{"start":{},"end":{}}],"line":94},"13":{"loc":{"start":{"line":100,"column":13},"end":{"line":104,"column":13}},"type":"binary-expr","locations":[{"start":{"line":100,"column":13},"end":{"line":100,"column":34}},{"start":{"line":101,"column":14},"end":{"line":103,"column":21}}],"line":100}},"s":{"0":0,"1":0,"2":0,"3":0,"4":0,"5":0,"6":0,"7":0,"8":0,"9":0,"10":0,"11":0,"12":0,"13":0,"14":0,"15":0,"16":0,"17":0,"18":0,"19":0,"20":0,"21":0,"22":0,"23":0,"24":0,"25":0,"26":0,"27":0,"28":0,"29":0},"f":{"0":0,"1":0,"2":0,"3":0,"4":0,"5":0,"6":0,"7":0},"b":{"0":[0,0],"1":[0,0],"2":[0,0,0],"3":[0,0],"4":[0,0],"5":[0,0],"6":[0,0],"7":[0,0],"8":[0,0],"9":[0,0],"10":[0,0],"11":[0,0],"12":[0,0],"13":[0,0]}}
,"E:\\DevelopmentPrograms\\CardSwipe-v3\\app\\modal.tsx": {"path":"E:\\DevelopmentPrograms\\CardSwipe-v3\\app\\modal.tsx","statementMap":{"0":{"start":{"line":5,"column":2},"end":{"line":14,"column":4}},"1":{"start":{"line":17,"column":15},"end":{"line":32,"column":2}}},"fnMap":{"0":{"name":"ModalScreen","decl":{"start":{"line":4,"column":24},"end":{"line":4,"column":35}},"loc":{"start":{"line":4,"column":38},"end":{"line":15,"column":1}},"line":4}},"branchMap":{"0":{"loc":{"start":{"line":12,"column":24},"end":{"line":12,"column":64}},"type":"cond-expr","locations":[{"start":{"line":12,"column":48},"end":{"line":12,"column":55}},{"start":{"line":12,"column":58},"end":{"line":12,"column":64}}],"line":12}},"s":{"0":0,"1":0},"f":{"0":0},"b":{"0":[0,0]}}
,"E:\\DevelopmentPrograms\\CardSwipe-v3\\app\\(tabs)\\_layout.tsx": {"path":"E:\\DevelopmentPrograms\\CardSwipe-v3\\app\\(tabs)\\_layout.tsx","statementMap":{"0":{"start":{"line":7,"column":22},"end":{"line":7,"column":38}},"1":{"start":{"line":9,"column":2},"end":{"line":191,"column":4}},"2":{"start":{"line":49,"column":37},"end":{"line":49,"column":73}},"3":{"start":{"line":57,"column":37},"end":{"line":57,"column":72}},"4":{"start":{"line":65,"column":37},"end":{"line":65,"column":73}},"5":{"start":{"line":74,"column":37},"end":{"line":74,"column":69}}},"fnMap":{"0":{"name":"TabLayout","decl":{"start":{"line":6,"column":24},"end":{"line":6,"column":33}},"loc":{"start":{"line":6,"column":36},"end":{"line":192,"column":1}},"line":6},"1":{"name":"(anonymous_1)","decl":{"start":{"line":49,"column":22},"end":{"line":49,"column":23}},"loc":{"start":{"line":49,"column":37},"end":{"line":49,"column":73}},"line":49},"2":{"name":"(anonymous_2)","decl":{"start":{"line":57,"column":22},"end":{"line":57,"column":23}},"loc":{"start":{"line":57,"column":37},"end":{"line":57,"column":72}},"line":57},"3":{"name":"(anonymous_3)","decl":{"start":{"line":65,"column":22},"end":{"line":65,"column":23}},"loc":{"start":{"line":65,"column":37},"end":{"line":65,"column":73}},"line":65},"4":{"name":"(anonymous_4)","decl":{"start":{"line":74,"column":22},"end":{"line":74,"column":23}},"loc":{"start":{"line":74,"column":37},"end":{"line":74,"column":69}},"line":74}},"branchMap":{},"s":{"0":0,"1":0,"2":0,"3":0,"4":0,"5":0},"f":{"0":0,"1":0,"2":0,"3":0,"4":0},"b":{}}
,"E:\\DevelopmentPrograms\\CardSwipe-v3\\app\\(tabs)\\explore.tsx": {"path":"E:\\DevelopmentPrograms\\CardSwipe-v3\\app\\(tabs)\\explore.tsx","statementMap":{"0":{"start":{"line":19,"column":21},"end":{"line":130,"column":1}},"1":{"start":{"line":148,"column":2},"end":{"line":148,"column":65}},"2":{"start":{"line":148,"column":37},"end":{"line":148,"column":63}},"3":{"start":{"line":151,"column":18},"end":{"line":151,"column":42}},"4":{"start":{"line":152,"column":18},"end":{"line":152,"column":34}},"5":{"start":{"line":155,"column":22},"end":{"line":155,"column":38}},"6":{"start":{"line":156,"column":19},"end":{"line":156,"column":62}},"7":{"start":{"line":156,"column":47},"end":{"line":156,"column":61}},"8":{"start":{"line":158,"column":40},"end":{"line":158,"column":52}},"9":{"start":{"line":159,"column":46},"end":{"line":159,"column":111}},"10":{"start":{"line":162,"column":25},"end":{"line":162,"column":80}},"11":{"start":{"line":162,"column":61},"end":{"line":162,"column":72}},"12":{"start":{"line":163,"column":26},"end":{"line":163,"column":82}},"13":{"start":{"line":163,"column":62},"end":{"line":163,"column":74}},"14":{"start":{"line":166,"column":2},"end":{"line":172,"column":40}},"15":{"start":{"line":167,"column":26},"end":{"line":167,"column":70}},"16":{"start":{"line":167,"column":49},"end":{"line":167,"column":69}},"17":{"start":{"line":168,"column":26},"end":{"line":168,"column":70}},"18":{"start":{"line":168,"column":49},"end":{"line":168,"column":69}},"19":{"start":{"line":170,"column":4},"end":{"line":170,"column":64}},"20":{"start":{"line":170,"column":23},"end":{"line":170,"column":64}},"21":{"start":{"line":171,"column":4},"end":{"line":171,"column":65}},"22":{"start":{"line":171,"column":23},"end":{"line":171,"column":65}},"23":{"start":{"line":174,"column":25},"end":{"line":174,"column":63}},"24":{"start":{"line":175,"column":24},"end":{"line":175,"column":61}},"25":{"start":{"line":177,"column":26},"end":{"line":204,"column":3}},"26":{"start":{"line":178,"column":4},"end":{"line":180,"column":5}},"27":{"start":{"line":179,"column":6},"end":{"line":179,"column":62}},"28":{"start":{"line":183,"column":4},"end":{"line":203,"column":5}},"29":{"start":{"line":184,"column":6},"end":{"line":184,"column":47}},"30":{"start":{"line":185,"column":11},"end":{"line":203,"column":5}},"31":{"start":{"line":186,"column":6},"end":{"line":186,"column":47}},"32":{"start":{"line":187,"column":11},"end":{"line":203,"column":5}},"33":{"start":{"line":188,"column":6},"end":{"line":188,"column":54}},"34":{"start":{"line":189,"column":11},"end":{"line":203,"column":5}},"35":{"start":{"line":190,"column":6},"end":{"line":190,"column":52}},"36":{"start":{"line":191,"column":11},"end":{"line":203,"column":5}},"37":{"start":{"line":192,"column":6},"end":{"line":192,"column":51}},"38":{"start":{"line":193,"column":11},"end":{"line":203,"column":5}},"39":{"start":{"line":194,"column":6},"end":{"line":194,"column":52}},"40":{"start":{"line":195,"column":11},"end":{"line":203,"column":5}},"41":{"start":{"line":196,"column":6},"end":{"line":196,"column":54}},"42":{"start":{"line":197,"column":11},"end":{"line":203,"column":5}},"43":{"start":{"line":198,"column":6},"end":{"line":198,"column":53}},"44":{"start":{"line":199,"column":11},"end":{"line":203,"column":5}},"45":{"start":{"line":200,"column":6},"end":{"line":200,"column":54}},"46":{"start":{"line":202,"column":6},"end":{"line":202,"column":37}},"47":{"start":{"line":206,"column":29},"end":{"line":213,"column":3}},"48":{"start":{"line":207,"column":4},"end":{"line":212,"column":5}},"49":{"start":{"line":208,"column":23},"end":{"line":208,"column":40}},"50":{"start":{"line":209,"column":27},"end":{"line":209,"column":44}},"51":{"start":{"line":210,"column":23},"end":{"line":210,"column":40}},"52":{"start":{"line":211,"column":15},"end":{"line":211,"column":48}},"53":{"start":{"line":215,"column":24},"end":{"line":247,"column":3}},"54":{"start":{"line":216,"column":4},"end":{"line":246,"column":23}},"55":{"start":{"line":224,"column":21},"end":{"line":224,"column":42}},"56":{"start":{"line":249,"column":23},"end":{"line":319,"column":3}},"57":{"start":{"line":250,"column":4},"end":{"line":318,"column":23}},"58":{"start":{"line":258,"column":21},"end":{"line":258,"column":42}},"59":{"start":{"line":321,"column":2},"end":{"line":404,"column":4}},"60":{"start":{"line":360,"column":14},"end":{"line":360,"column":57}},"61":{"start":{"line":378,"column":14},"end":{"line":378,"column":56}},"62":{"start":{"line":396,"column":30},"end":{"line":396,"column":44}},"63":{"start":{"line":398,"column":16},"end":{"line":398,"column":71}},"64":{"start":{"line":407,"column":15},"end":{"line":581,"column":2}}},"fnMap":{"0":{"name":"getExploreCardsByCategory","decl":{"start":{"line":147,"column":9},"end":{"line":147,"column":34}},"loc":{"start":{"line":147,"column":86},"end":{"line":149,"column":1}},"line":147},"1":{"name":"(anonymous_1)","decl":{"start":{"line":148,"column":29},"end":{"line":148,"column":30}},"loc":{"start":{"line":148,"column":37},"end":{"line":148,"column":63}},"line":148},"2":{"name":"ExploreScreen","decl":{"start":{"line":154,"column":24},"end":{"line":154,"column":37}},"loc":{"start":{"line":154,"column":40},"end":{"line":405,"column":1}},"line":154},"3":{"name":"(anonymous_3)","decl":{"start":{"line":156,"column":36},"end":{"line":156,"column":37}},"loc":{"start":{"line":156,"column":47},"end":{"line":156,"column":61}},"line":156},"4":{"name":"(anonymous_4)","decl":{"start":{"line":162,"column":56},"end":{"line":162,"column":57}},"loc":{"start":{"line":162,"column":61},"end":{"line":162,"column":72}},"line":162},"5":{"name":"(anonymous_5)","decl":{"start":{"line":163,"column":57},"end":{"line":163,"column":58}},"loc":{"start":{"line":163,"column":62},"end":{"line":163,"column":74}},"line":163},"6":{"name":"(anonymous_6)","decl":{"start":{"line":166,"column":12},"end":{"line":166,"column":13}},"loc":{"start":{"line":166,"column":18},"end":{"line":172,"column":3}},"line":166},"7":{"name":"(anonymous_7)","decl":{"start":{"line":167,"column":44},"end":{"line":167,"column":45}},"loc":{"start":{"line":167,"column":49},"end":{"line":167,"column":69}},"line":167},"8":{"name":"(anonymous_8)","decl":{"start":{"line":168,"column":44},"end":{"line":168,"column":45}},"loc":{"start":{"line":168,"column":49},"end":{"line":168,"column":69}},"line":168},"9":{"name":"(anonymous_9)","decl":{"start":{"line":177,"column":26},"end":{"line":177,"column":27}},"loc":{"start":{"line":177,"column":49},"end":{"line":204,"column":3}},"line":177},"10":{"name":"(anonymous_10)","decl":{"start":{"line":206,"column":29},"end":{"line":206,"column":30}},"loc":{"start":{"line":206,"column":54},"end":{"line":213,"column":3}},"line":206},"11":{"name":"(anonymous_11)","decl":{"start":{"line":215,"column":24},"end":{"line":215,"column":25}},"loc":{"start":{"line":216,"column":4},"end":{"line":246,"column":23}},"line":216},"12":{"name":"(anonymous_12)","decl":{"start":{"line":224,"column":15},"end":{"line":224,"column":16}},"loc":{"start":{"line":224,"column":21},"end":{"line":224,"column":42}},"line":224},"13":{"name":"(anonymous_13)","decl":{"start":{"line":249,"column":23},"end":{"line":249,"column":24}},"loc":{"start":{"line":250,"column":4},"end":{"line":318,"column":23}},"line":250},"14":{"name":"(anonymous_14)","decl":{"start":{"line":258,"column":15},"end":{"line":258,"column":16}},"loc":{"start":{"line":258,"column":21},"end":{"line":258,"column":42}},"line":258},"15":{"name":"(anonymous_15)","decl":{"start":{"line":359,"column":32},"end":{"line":359,"column":33}},"loc":{"start":{"line":360,"column":14},"end":{"line":360,"column":57}},"line":360},"16":{"name":"(anonymous_16)","decl":{"start":{"line":377,"column":31},"end":{"line":377,"column":32}},"loc":{"start":{"line":378,"column":14},"end":{"line":378,"column":56}},"line":378},"17":{"name":"(anonymous_17)","decl":{"start":{"line":396,"column":22},"end":{"line":396,"column":23}},"loc":{"start":{"line":396,"column":30},"end":{"line":396,"column":44}},"line":396},"18":{"name":"(anonymous_18)","decl":{"start":{"line":397,"column":19},"end":{"line":397,"column":20}},"loc":{"start":{"line":398,"column":16},"end":{"line":398,"column":71}},"line":398}},"branchMap":{"0":{"loc":{"start":{"line":170,"column":4},"end":{"line":170,"column":64}},"type":"if","locations":[{"start":{"line":170,"column":4},"end":{"line":170,"column":64}},{"start":{},"end":{}}],"line":170},"1":{"loc":{"start":{"line":171,"column":4},"end":{"line":171,"column":65}},"type":"if","locations":[{"start":{"line":171,"column":4},"end":{"line":171,"column":65}},{"start":{},"end":{}}],"line":171},"2":{"loc":{"start":{"line":178,"column":4},"end":{"line":180,"column":5}},"type":"if","locations":[{"start":{"line":178,"column":4},"end":{"line":180,"column":5}},{"start":{},"end":{}}],"line":178},"3":{"loc":{"start":{"line":183,"column":4},"end":{"line":203,"column":5}},"type":"if","locations":[{"start":{"line":183,"column":4},"end":{"line":203,"column":5}},{"start":{"line":185,"column":11},"end":{"line":203,"column":5}}],"line":183},"4":{"loc":{"start":{"line":185,"column":11},"end":{"line":203,"column":5}},"type":"if","locations":[{"start":{"line":185,"column":11},"end":{"line":203,"column":5}},{"start":{"line":187,"column":11},"end":{"line":203,"column":5}}],"line":185},"5":{"loc":{"start":{"line":187,"column":11},"end":{"line":203,"column":5}},"type":"if","locations":[{"start":{"line":187,"column":11},"end":{"line":203,"column":5}},{"start":{"line":189,"column":11},"end":{"line":203,"column":5}}],"line":187},"6":{"loc":{"start":{"line":189,"column":11},"end":{"line":203,"column":5}},"type":"if","locations":[{"start":{"line":189,"column":11},"end":{"line":203,"column":5}},{"start":{"line":191,"column":11},"end":{"line":203,"column":5}}],"line":189},"7":{"loc":{"start":{"line":191,"column":11},"end":{"line":203,"column":5}},"type":"if","locations":[{"start":{"line":191,"column":11},"end":{"line":203,"column":5}},{"start":{"line":193,"column":11},"end":{"line":203,"column":5}}],"line":191},"8":{"loc":{"start":{"line":193,"column":11},"end":{"line":203,"column":5}},"type":"if","locations":[{"start":{"line":193,"column":11},"end":{"line":203,"column":5}},{"start":{"line":195,"column":11},"end":{"line":203,"column":5}}],"line":193},"9":{"loc":{"start":{"line":195,"column":11},"end":{"line":203,"column":5}},"type":"if","locations":[{"start":{"line":195,"column":11},"end":{"line":203,"column":5}},{"start":{"line":197,"column":11},"end":{"line":203,"column":5}}],"line":195},"10":{"loc":{"start":{"line":197,"column":11},"end":{"line":203,"column":5}},"type":"if","locations":[{"start":{"line":197,"column":11},"end":{"line":203,"column":5}},{"start":{"line":199,"column":11},"end":{"line":203,"column":5}}],"line":197},"11":{"loc":{"start":{"line":199,"column":11},"end":{"line":203,"column":5}},"type":"if","locations":[{"start":{"line":199,"column":11},"end":{"line":203,"column":5}},{"start":{"line":201,"column":11},"end":{"line":203,"column":5}}],"line":199},"12":{"loc":{"start":{"line":207,"column":4},"end":{"line":212,"column":5}},"type":"switch","locations":[{"start":{"line":208,"column":6},"end":{"line":208,"column":40}},{"start":{"line":209,"column":6},"end":{"line":209,"column":44}},{"start":{"line":210,"column":6},"end":{"line":210,"column":40}},{"start":{"line":211,"column":6},"end":{"line":211,"column":48}}],"line":207},"13":{"loc":{"start":{"line":266,"column":11},"end":{"line":270,"column":11}},"type":"binary-expr","locations":[{"start":{"line":266,"column":11},"end":{"line":266,"column":21}},{"start":{"line":267,"column":12},"end":{"line":269,"column":19}}],"line":266},"14":{"loc":{"start":{"line":271,"column":11},"end":{"line":275,"column":11}},"type":"binary-expr","locations":[{"start":{"line":271,"column":11},"end":{"line":271,"column":25}},{"start":{"line":272,"column":12},"end":{"line":274,"column":19}}],"line":271},"15":{"loc":{"start":{"line":299,"column":11},"end":{"line":306,"column":11}},"type":"binary-expr","locations":[{"start":{"line":299,"column":11},"end":{"line":299,"column":26}},{"start":{"line":300,"column":12},"end":{"line":305,"column":19}}],"line":299},"16":{"loc":{"start":{"line":309,"column":9},"end":{"line":316,"column":9}},"type":"binary-expr","locations":[{"start":{"line":309,"column":9},"end":{"line":309,"column":27}},{"start":{"line":310,"column":10},"end":{"line":315,"column":17}}],"line":309}},"s":{"0":0,"1":0,"2":0,"3":0,"4":0,"5":0,"6":0,"7":0,"8":0,"9":0,"10":0,"11":0,"12":0,"13":0,"14":0,"15":0,"16":0,"17":0,"18":0,"19":0,"20":0,"21":0,"22":0,"23":0,"24":0,"25":0,"26":0,"27":0,"28":0,"29":0,"30":0,"31":0,"32":0,"33":0,"34":0,"35":0,"36":0,"37":0,"38":0,"39":0,"40":0,"41":0,"42":0,"43":0,"44":0,"45":0,"46":0,"47":0,"48":0,"49":0,"50":0,"51":0,"52":0,"53":0,"54":0,"55":0,"56":0,"57":0,"58":0,"59":0,"60":0,"61":0,"62":0,"63":0,"64":0},"f":{"0":0,"1":0,"2":0,"3":0,"4":0,"5":0,"6":0,"7":0,"8":0,"9":0,"10":0,"11":0,"12":0,"13":0,"14":0,"15":0,"16":0,"17":0,"18":0},"b":{"0":[0,0],"1":[0,0],"2":[0,0],"3":[0,0],"4":[0,0],"5":[0,0],"6":[0,0],"7":[0,0],"8":[0,0],"9":[0,0],"10":[0,0],"11":[0,0],"12":[0,0,0,0],"13":[0,0],"14":[0,0],"15":[0,0],"16":[0,0]}}
,"E:\\DevelopmentPrograms\\CardSwipe-v3\\app\\(tabs)\\index.tsx": {"path":"E:\\DevelopmentPrograms\\CardSwipe-v3\\app\\(tabs)\\index.tsx","statementMap":{"0":{"start":{"line":12,"column":16},"end":{"line":12,"column":34}},"1":{"start":{"line":13,"column":54},"end":{"line":13,"column":65}},"2":{"start":{"line":14,"column":54},"end":{"line":14,"column":69}},"3":{"start":{"line":15,"column":34},"end":{"line":15,"column":45}},"4":{"start":{"line":16,"column":44},"end":{"line":16,"column":59}},"5":{"start":{"line":17,"column":22},"end":{"line":17,"column":38}},"6":{"start":{"line":20,"column":26},"end":{"line":22,"column":21}},"7":{"start":{"line":21,"column":4},"end":{"line":21,"column":44}},"8":{"start":{"line":25,"column":24},"end":{"line":25,"column":81}},"9":{"start":{"line":27,"column":26},"end":{"line":42,"column":3}},"10":{"start":{"line":29,"column":4},"end":{"line":29,"column":81}},"11":{"start":{"line":32,"column":4},"end":{"line":32,"column":44}},"12":{"start":{"line":33,"column":4},"end":{"line":33,"column":20}},"13":{"start":{"line":34,"column":4},"end":{"line":34,"column":32}},"14":{"start":{"line":37,"column":21},"end":{"line":37,"column":70}},"15":{"start":{"line":38,"column":4},"end":{"line":38,"column":36}},"16":{"start":{"line":39,"column":4},"end":{"line":41,"column":5}},"17":{"start":{"line":40,"column":6},"end":{"line":40,"column":27}},"18":{"start":{"line":44,"column":27},"end":{"line":57,"column":3}},"19":{"start":{"line":46,"column":4},"end":{"line":46,"column":70}},"20":{"start":{"line":49,"column":4},"end":{"line":49,"column":43}},"21":{"start":{"line":52,"column":21},"end":{"line":52,"column":70}},"22":{"start":{"line":53,"column":4},"end":{"line":53,"column":36}},"23":{"start":{"line":54,"column":4},"end":{"line":56,"column":5}},"24":{"start":{"line":55,"column":6},"end":{"line":55,"column":27}},"25":{"start":{"line":59,"column":24},"end":{"line":66,"column":3}},"26":{"start":{"line":61,"column":21},"end":{"line":61,"column":70}},"27":{"start":{"line":62,"column":4},"end":{"line":62,"column":36}},"28":{"start":{"line":63,"column":4},"end":{"line":65,"column":5}},"29":{"start":{"line":64,"column":6},"end":{"line":64,"column":27}},"30":{"start":{"line":68,"column":26},"end":{"line":75,"column":3}},"31":{"start":{"line":70,"column":21},"end":{"line":70,"column":99}},"32":{"start":{"line":71,"column":4},"end":{"line":71,"column":36}},"33":{"start":{"line":72,"column":4},"end":{"line":74,"column":5}},"34":{"start":{"line":73,"column":6},"end":{"line":73,"column":27}},"35":{"start":{"line":77,"column":28},"end":{"line":80,"column":3}},"36":{"start":{"line":78,"column":4},"end":{"line":78,"column":30}},"37":{"start":{"line":79,"column":4},"end":{"line":79,"column":29}},"38":{"start":{"line":82,"column":2},"end":{"line":119,"column":4}},"39":{"start":{"line":94,"column":30},"end":{"line":94,"column":87}},"40":{"start":{"line":95,"column":25},"end":{"line":95,"column":53}},"41":{"start":{"line":96,"column":28},"end":{"line":96,"column":43}},"42":{"start":{"line":98,"column":10},"end":{"line":109,"column":12}},"43":{"start":{"line":116,"column":26},"end":{"line":116,"column":54}},"44":{"start":{"line":124,"column":15},"end":{"line":134,"column":2}}},"fnMap":{"0":{"name":"LearnScreen","decl":{"start":{"line":11,"column":24},"end":{"line":11,"column":35}},"loc":{"start":{"line":11,"column":38},"end":{"line":120,"column":1}},"line":11},"1":{"name":"(anonymous_1)","decl":{"start":{"line":20,"column":34},"end":{"line":20,"column":35}},"loc":{"start":{"line":20,"column":40},"end":{"line":22,"column":3}},"line":20},"2":{"name":"(anonymous_2)","decl":{"start":{"line":27,"column":26},"end":{"line":27,"column":27}},"loc":{"start":{"line":27,"column":32},"end":{"line":42,"column":3}},"line":27},"3":{"name":"(anonymous_3)","decl":{"start":{"line":44,"column":27},"end":{"line":44,"column":28}},"loc":{"start":{"line":44,"column":33},"end":{"line":57,"column":3}},"line":44},"4":{"name":"(anonymous_4)","decl":{"start":{"line":59,"column":24},"end":{"line":59,"column":25}},"loc":{"start":{"line":59,"column":30},"end":{"line":66,"column":3}},"line":59},"5":{"name":"(anonymous_5)","decl":{"start":{"line":68,"column":26},"end":{"line":68,"column":27}},"loc":{"start":{"line":68,"column":32},"end":{"line":75,"column":3}},"line":68},"6":{"name":"(anonymous_6)","decl":{"start":{"line":77,"column":28},"end":{"line":77,"column":29}},"loc":{"start":{"line":77,"column":49},"end":{"line":80,"column":3}},"line":77},"7":{"name":"(anonymous_7)","decl":{"start":{"line":93,"column":53},"end":{"line":93,"column":54}},"loc":{"start":{"line":93,"column":68},"end":{"line":110,"column":9}},"line":93},"8":{"name":"(anonymous_8)","decl":{"start":{"line":102,"column":57},"end":{"line":102,"column":58}},"loc":{"start":{"line":102,"column":63},"end":{"line":102,"column":65}},"line":102},"9":{"name":"(anonymous_9)","decl":{"start":{"line":103,"column":59},"end":{"line":103,"column":60}},"loc":{"start":{"line":103,"column":65},"end":{"line":103,"column":67}},"line":103},"10":{"name":"(anonymous_10)","decl":{"start":{"line":104,"column":53},"end":{"line":104,"column":54}},"loc":{"start":{"line":104,"column":59},"end":{"line":104,"column":61}},"line":104},"11":{"name":"(anonymous_11)","decl":{"start":{"line":105,"column":57},"end":{"line":105,"column":58}},"loc":{"start":{"line":105,"column":63},"end":{"line":105,"column":65}},"line":105},"12":{"name":"(anonymous_12)","decl":{"start":{"line":116,"column":20},"end":{"line":116,"column":21}},"loc":{"start":{"line":116,"column":26},"end":{"line":116,"column":54}},"line":116}},"branchMap":{"0":{"loc":{"start":{"line":25,"column":24},"end":{"line":25,"column":81}},"type":"binary-expr","locations":[{"start":{"line":25,"column":24},"end":{"line":25,"column":59}},{"start":{"line":25,"column":63},"end":{"line":25,"column":81}}],"line":25},"1":{"loc":{"start":{"line":39,"column":4},"end":{"line":41,"column":5}},"type":"if","locations":[{"start":{"line":39,"column":4},"end":{"line":41,"column":5}},{"start":{},"end":{}}],"line":39},"2":{"loc":{"start":{"line":54,"column":4},"end":{"line":56,"column":5}},"type":"if","locations":[{"start":{"line":54,"column":4},"end":{"line":56,"column":5}},{"start":{},"end":{}}],"line":54},"3":{"loc":{"start":{"line":63,"column":4},"end":{"line":65,"column":5}},"type":"if","locations":[{"start":{"line":63,"column":4},"end":{"line":65,"column":5}},{"start":{},"end":{}}],"line":63},"4":{"loc":{"start":{"line":70,"column":21},"end":{"line":70,"column":99}},"type":"cond-expr","locations":[{"start":{"line":70,"column":48},"end":{"line":70,"column":74}},{"start":{"line":70,"column":77},"end":{"line":70,"column":99}}],"line":70},"5":{"loc":{"start":{"line":72,"column":4},"end":{"line":74,"column":5}},"type":"if","locations":[{"start":{"line":72,"column":4},"end":{"line":74,"column":5}},{"start":{},"end":{}}],"line":72},"6":{"loc":{"start":{"line":93,"column":9},"end":{"line":110,"column":10}},"type":"binary-expr","locations":[{"start":{"line":93,"column":9},"end":{"line":93,"column":35}},{"start":{"line":93,"column":39},"end":{"line":110,"column":10}}],"line":93},"7":{"loc":{"start":{"line":102,"column":27},"end":{"line":102,"column":65}},"type":"cond-expr","locations":[{"start":{"line":102,"column":39},"end":{"line":102,"column":54}},{"start":{"line":102,"column":57},"end":{"line":102,"column":65}}],"line":102},"8":{"loc":{"start":{"line":103,"column":28},"end":{"line":103,"column":67}},"type":"cond-expr","locations":[{"start":{"line":103,"column":40},"end":{"line":103,"column":56}},{"start":{"line":103,"column":59},"end":{"line":103,"column":67}}],"line":103},"9":{"loc":{"start":{"line":104,"column":25},"end":{"line":104,"column":61}},"type":"cond-expr","locations":[{"start":{"line":104,"column":37},"end":{"line":104,"column":50}},{"start":{"line":104,"column":53},"end":{"line":104,"column":61}}],"line":104},"10":{"loc":{"start":{"line":105,"column":27},"end":{"line":105,"column":65}},"type":"cond-expr","locations":[{"start":{"line":105,"column":39},"end":{"line":105,"column":54}},{"start":{"line":105,"column":57},"end":{"line":105,"column":65}}],"line":105}},"s":{"0":0,"1":0,"2":0,"3":0,"4":0,"5":0,"6":0,"7":0,"8":0,"9":0,"10":0,"11":0,"12":0,"13":0,"14":0,"15":0,"16":0,"17":0,"18":0,"19":0,"20":0,"21":0,"22":0,"23":0,"24":0,"25":0,"26":0,"27":0,"28":0,"29":0,"30":0,"31":0,"32":0,"33":0,"34":0,"35":0,"36":0,"37":0,"38":0,"39":0,"40":0,"41":0,"42":0,"43":0,"44":0},"f":{"0":0,"1":0,"2":0,"3":0,"4":0,"5":0,"6":0,"7":0,"8":0,"9":0,"10":0,"11":0,"12":0},"b":{"0":[0,0],"1":[0,0],"2":[0,0],"3":[0,0],"4":[0,0],"5":[0,0],"6":[0,0],"7":[0,0],"8":[0,0],"9":[0,0],"10":[0,0]}}
,"E:\\DevelopmentPrograms\\CardSwipe-v3\\app\\(tabs)\\profile.tsx": {"path":"E:\\DevelopmentPrograms\\CardSwipe-v3\\app\\(tabs)\\profile.tsx","statementMap":{"0":{"start":{"line":49,"column":18},"end":{"line":49,"column":67}},"1":{"start":{"line":55,"column":18},"end":{"line":55,"column":42}},"2":{"start":{"line":71,"column":6},"end":{"line":71,"column":24}},"3":{"start":{"line":73,"column":20},"end":{"line":73,"column":56}},"4":{"start":{"line":73,"column":45},"end":{"line":73,"column":55}},"5":{"start":{"line":74,"column":19},"end":{"line":74,"column":59}},"6":{"start":{"line":74,"column":44},"end":{"line":74,"column":58}},"7":{"start":{"line":75,"column":22},"end":{"line":75,"column":38}},"8":{"start":{"line":76,"column":17},"end":{"line":76,"column":36}},"9":{"start":{"line":78,"column":58},"end":{"line":78,"column":72}},"10":{"start":{"line":79,"column":42},"end":{"line":79,"column":56}},"11":{"start":{"line":80,"column":44},"end":{"line":80,"column":58}},"12":{"start":{"line":81,"column":38},"end":{"line":81,"column":52}},"13":{"start":{"line":82,"column":26},"end":{"line":82,"column":57}},"14":{"start":{"line":85,"column":25},"end":{"line":85,"column":80}},"15":{"start":{"line":85,"column":61},"end":{"line":85,"column":72}},"16":{"start":{"line":86,"column":23},"end":{"line":86,"column":37}},"17":{"start":{"line":87,"column":31},"end":{"line":87,"column":68}},"18":{"start":{"line":88,"column":23},"end":{"line":88,"column":33}},"19":{"start":{"line":89,"column":25},"end":{"line":89,"column":44}},"20":{"start":{"line":90,"column":21},"end":{"line":90,"column":45}},"21":{"start":{"line":93,"column":40},"end":{"line":97,"column":4}},"22":{"start":{"line":100,"column":21},"end":{"line":105,"column":3}},"23":{"start":{"line":101,"column":18},"end":{"line":101,"column":44}},"24":{"start":{"line":102,"column":20},"end":{"line":102,"column":53}},"25":{"start":{"line":103,"column":4},"end":{"line":103,"column":50}},"26":{"start":{"line":103,"column":19},"end":{"line":103,"column":50}},"27":{"start":{"line":104,"column":4},"end":{"line":104,"column":25}},"28":{"start":{"line":107,"column":2},"end":{"line":113,"column":9}},"29":{"start":{"line":108,"column":4},"end":{"line":112,"column":15}},"30":{"start":{"line":115,"column":30},"end":{"line":135,"column":3}},"31":{"start":{"line":116,"column":4},"end":{"line":118,"column":5}},"32":{"start":{"line":117,"column":6},"end":{"line":117,"column":62}},"33":{"start":{"line":120,"column":4},"end":{"line":134,"column":6}},"34":{"start":{"line":128,"column":12},"end":{"line":128,"column":28}},"35":{"start":{"line":129,"column":12},"end":{"line":129,"column":84}},"36":{"start":{"line":137,"column":31},"end":{"line":146,"column":3}},"37":{"start":{"line":138,"column":4},"end":{"line":140,"column":5}},"38":{"start":{"line":139,"column":6},"end":{"line":139,"column":62}},"39":{"start":{"line":143,"column":28},"end":{"line":143,"column":72}},"40":{"start":{"line":143,"column":52},"end":{"line":143,"column":71}},"41":{"start":{"line":144,"column":4},"end":{"line":144,"column":72}},"42":{"start":{"line":145,"column":4},"end":{"line":145,"column":109}},"43":{"start":{"line":148,"column":28},"end":{"line":154,"column":3}},"44":{"start":{"line":149,"column":4},"end":{"line":151,"column":5}},"45":{"start":{"line":150,"column":6},"end":{"line":150,"column":61}},"46":{"start":{"line":152,"column":21},"end":{"line":152,"column":60}},"47":{"start":{"line":153,"column":4},"end":{"line":153,"column":23}},"48":{"start":{"line":156,"column":35},"end":{"line":161,"column":3}},"49":{"start":{"line":157,"column":4},"end":{"line":159,"column":5}},"50":{"start":{"line":158,"column":6},"end":{"line":158,"column":61}},"51":{"start":{"line":160,"column":4},"end":{"line":160,"column":51}},"52":{"start":{"line":163,"column":28},"end":{"line":168,"column":3}},"53":{"start":{"line":164,"column":4},"end":{"line":166,"column":5}},"54":{"start":{"line":165,"column":6},"end":{"line":165,"column":61}},"55":{"start":{"line":167,"column":4},"end":{"line":167,"column":35}},"56":{"start":{"line":170,"column":29},"end":{"line":177,"column":3}},"57":{"start":{"line":171,"column":29},"end":{"line":171,"column":43}},"58":{"start":{"line":172,"column":4},"end":{"line":172,"column":39}},"59":{"start":{"line":174,"column":4},"end":{"line":176,"column":5}},"60":{"start":{"line":175,"column":6},"end":{"line":175,"column":61}},"61":{"start":{"line":179,"column":33},"end":{"line":190,"column":3}},"62":{"start":{"line":180,"column":4},"end":{"line":182,"column":5}},"63":{"start":{"line":181,"column":6},"end":{"line":181,"column":61}},"64":{"start":{"line":183,"column":4},"end":{"line":183,"column":31}},"65":{"start":{"line":184,"column":4},"end":{"line":189,"column":6}},"66":{"start":{"line":192,"column":27},"end":{"line":211,"column":3}},"67":{"start":{"line":193,"column":4},"end":{"line":195,"column":5}},"68":{"start":{"line":194,"column":6},"end":{"line":194,"column":62}},"69":{"start":{"line":197,"column":4},"end":{"line":210,"column":6}},"70":{"start":{"line":206,"column":12},"end":{"line":206,"column":95}},"71":{"start":{"line":213,"column":27},"end":{"line":233,"column":3}},"72":{"start":{"line":214,"column":4},"end":{"line":216,"column":5}},"73":{"start":{"line":215,"column":6},"end":{"line":215,"column":62}},"74":{"start":{"line":218,"column":4},"end":{"line":232,"column":6}},"75":{"start":{"line":227,"column":12},"end":{"line":227,"column":91}},"76":{"start":{"line":235,"column":28},"end":{"line":264,"column":3}},"77":{"start":{"line":236,"column":4},"end":{"line":238,"column":5}},"78":{"start":{"line":237,"column":6},"end":{"line":237,"column":62}},"79":{"start":{"line":240,"column":4},"end":{"line":263,"column":6}},"80":{"start":{"line":251,"column":12},"end":{"line":257,"column":13}},"81":{"start":{"line":252,"column":14},"end":{"line":255,"column":18}},"82":{"start":{"line":252,"column":38},"end":{"line":255,"column":15}},"83":{"start":{"line":256,"column":14},"end":{"line":256,"column":89}},"84":{"start":{"line":266,"column":29},"end":{"line":300,"column":3}},"85":{"start":{"line":267,"column":4},"end":{"line":269,"column":5}},"86":{"start":{"line":268,"column":6},"end":{"line":268,"column":62}},"87":{"start":{"line":271,"column":26},"end":{"line":271,"column":100}},"88":{"start":{"line":273,"column":4},"end":{"line":299,"column":6}},"89":{"start":{"line":278,"column":39},"end":{"line":287,"column":9}},"90":{"start":{"line":281,"column":12},"end":{"line":284,"column":16}},"91":{"start":{"line":281,"column":36},"end":{"line":284,"column":13}},"92":{"start":{"line":285,"column":12},"end":{"line":285,"column":87}},"93":{"start":{"line":291,"column":12},"end":{"line":294,"column":16}},"94":{"start":{"line":291,"column":36},"end":{"line":294,"column":13}},"95":{"start":{"line":302,"column":33},"end":{"line":307,"column":3}},"96":{"start":{"line":303,"column":4},"end":{"line":305,"column":5}},"97":{"start":{"line":304,"column":6},"end":{"line":304,"column":62}},"98":{"start":{"line":306,"column":4},"end":{"line":306,"column":90}},"99":{"start":{"line":309,"column":25},"end":{"line":322,"column":3}},"100":{"start":{"line":310,"column":4},"end":{"line":312,"column":5}},"101":{"start":{"line":311,"column":6},"end":{"line":311,"column":62}},"102":{"start":{"line":314,"column":4},"end":{"line":321,"column":5}},"103":{"start":{"line":315,"column":6},"end":{"line":318,"column":9}},"104":{"start":{"line":320,"column":6},"end":{"line":320,"column":49}},"105":{"start":{"line":324,"column":24},"end":{"line":338,"column":3}},"106":{"start":{"line":325,"column":4},"end":{"line":327,"column":5}},"107":{"start":{"line":326,"column":6},"end":{"line":326,"column":62}},"108":{"start":{"line":329,"column":21},"end":{"line":331,"column":73}},"109":{"start":{"line":333,"column":4},"end":{"line":337,"column":5}},"110":{"start":{"line":334,"column":6},"end":{"line":334,"column":38}},"111":{"start":{"line":336,"column":6},"end":{"line":336,"column":55}},"112":{"start":{"line":340,"column":31},"end":{"line":353,"column":3}},"113":{"start":{"line":341,"column":4},"end":{"line":343,"column":5}},"114":{"start":{"line":342,"column":6},"end":{"line":342,"column":62}},"115":{"start":{"line":345,"column":20},"end":{"line":345,"column":43}},"116":{"start":{"line":346,"column":17},"end":{"line":346,"column":157}},"117":{"start":{"line":348,"column":4},"end":{"line":352,"column":5}},"118":{"start":{"line":349,"column":6},"end":{"line":349,"column":133}},"119":{"start":{"line":351,"column":6},"end":{"line":351,"column":58}},"120":{"start":{"line":355,"column":26},"end":{"line":361,"column":3}},"121":{"start":{"line":356,"column":4},"end":{"line":360,"column":5}},"122":{"start":{"line":357,"column":6},"end":{"line":357,"column":33}},"123":{"start":{"line":359,"column":6},"end":{"line":359,"column":50}},"124":{"start":{"line":363,"column":2},"end":{"line":985,"column":4}},"125":{"start":{"line":459,"column":20},"end":{"line":461,"column":27}},"126":{"start":{"line":537,"column":16},"end":{"line":539,"column":17}},"127":{"start":{"line":538,"column":18},"end":{"line":538,"column":74}},"128":{"start":{"line":540,"column":35},"end":{"line":540,"column":90}},"129":{"start":{"line":540,"column":58},"end":{"line":540,"column":89}},"130":{"start":{"line":541,"column":16},"end":{"line":545,"column":17}},"131":{"start":{"line":542,"column":18},"end":{"line":542,"column":58}},"132":{"start":{"line":544,"column":18},"end":{"line":544,"column":114}},"133":{"start":{"line":557,"column":16},"end":{"line":559,"column":17}},"134":{"start":{"line":558,"column":18},"end":{"line":558,"column":74}},"135":{"start":{"line":560,"column":16},"end":{"line":560,"column":54}},"136":{"start":{"line":582,"column":16},"end":{"line":584,"column":17}},"137":{"start":{"line":583,"column":18},"end":{"line":583,"column":74}},"138":{"start":{"line":585,"column":16},"end":{"line":585,"column":48}},"139":{"start":{"line":890,"column":29},"end":{"line":890,"column":75}},"140":{"start":{"line":930,"column":29},"end":{"line":930,"column":77}},"141":{"start":{"line":950,"column":29},"end":{"line":950,"column":75}},"142":{"start":{"line":988,"column":15},"end":{"line":1411,"column":2}}},"fnMap":{"0":{"name":"ProfileScreen","decl":{"start":{"line":57,"column":24},"end":{"line":57,"column":37}},"loc":{"start":{"line":57,"column":40},"end":{"line":986,"column":1}},"line":57},"1":{"name":"(anonymous_1)","decl":{"start":{"line":73,"column":34},"end":{"line":73,"column":35}},"loc":{"start":{"line":73,"column":45},"end":{"line":73,"column":55}},"line":73},"2":{"name":"(anonymous_2)","decl":{"start":{"line":74,"column":33},"end":{"line":74,"column":34}},"loc":{"start":{"line":74,"column":44},"end":{"line":74,"column":58}},"line":74},"3":{"name":"(anonymous_3)","decl":{"start":{"line":85,"column":56},"end":{"line":85,"column":57}},"loc":{"start":{"line":85,"column":61},"end":{"line":85,"column":72}},"line":85},"4":{"name":"(anonymous_4)","decl":{"start":{"line":100,"column":21},"end":{"line":100,"column":22}},"loc":{"start":{"line":100,"column":42},"end":{"line":105,"column":3}},"line":100},"5":{"name":"(anonymous_5)","decl":{"start":{"line":107,"column":12},"end":{"line":107,"column":13}},"loc":{"start":{"line":107,"column":18},"end":{"line":113,"column":3}},"line":107},"6":{"name":"(anonymous_6)","decl":{"start":{"line":115,"column":30},"end":{"line":115,"column":31}},"loc":{"start":{"line":115,"column":36},"end":{"line":135,"column":3}},"line":115},"7":{"name":"(anonymous_7)","decl":{"start":{"line":127,"column":19},"end":{"line":127,"column":20}},"loc":{"start":{"line":127,"column":25},"end":{"line":130,"column":11}},"line":127},"8":{"name":"(anonymous_8)","decl":{"start":{"line":137,"column":31},"end":{"line":137,"column":32}},"loc":{"start":{"line":137,"column":37},"end":{"line":146,"column":3}},"line":137},"9":{"name":"(anonymous_9)","decl":{"start":{"line":143,"column":46},"end":{"line":143,"column":47}},"loc":{"start":{"line":143,"column":52},"end":{"line":143,"column":71}},"line":143},"10":{"name":"(anonymous_10)","decl":{"start":{"line":148,"column":28},"end":{"line":148,"column":29}},"loc":{"start":{"line":148,"column":34},"end":{"line":154,"column":3}},"line":148},"11":{"name":"(anonymous_11)","decl":{"start":{"line":156,"column":35},"end":{"line":156,"column":36}},"loc":{"start":{"line":156,"column":41},"end":{"line":161,"column":3}},"line":156},"12":{"name":"(anonymous_12)","decl":{"start":{"line":163,"column":28},"end":{"line":163,"column":29}},"loc":{"start":{"line":163,"column":34},"end":{"line":168,"column":3}},"line":163},"13":{"name":"(anonymous_13)","decl":{"start":{"line":170,"column":29},"end":{"line":170,"column":30}},"loc":{"start":{"line":170,"column":35},"end":{"line":177,"column":3}},"line":170},"14":{"name":"(anonymous_14)","decl":{"start":{"line":179,"column":33},"end":{"line":179,"column":34}},"loc":{"start":{"line":179,"column":39},"end":{"line":190,"column":3}},"line":179},"15":{"name":"(anonymous_15)","decl":{"start":{"line":192,"column":27},"end":{"line":192,"column":28}},"loc":{"start":{"line":192,"column":33},"end":{"line":211,"column":3}},"line":192},"16":{"name":"(anonymous_16)","decl":{"start":{"line":204,"column":19},"end":{"line":204,"column":20}},"loc":{"start":{"line":204,"column":25},"end":{"line":207,"column":11}},"line":204},"17":{"name":"(anonymous_17)","decl":{"start":{"line":213,"column":27},"end":{"line":213,"column":28}},"loc":{"start":{"line":213,"column":33},"end":{"line":233,"column":3}},"line":213},"18":{"name":"(anonymous_18)","decl":{"start":{"line":225,"column":19},"end":{"line":225,"column":20}},"loc":{"start":{"line":225,"column":25},"end":{"line":228,"column":11}},"line":225},"19":{"name":"(anonymous_19)","decl":{"start":{"line":235,"column":28},"end":{"line":235,"column":29}},"loc":{"start":{"line":235,"column":34},"end":{"line":264,"column":3}},"line":235},"20":{"name":"(anonymous_20)","decl":{"start":{"line":250,"column":19},"end":{"line":250,"column":20}},"loc":{"start":{"line":250,"column":32},"end":{"line":258,"column":11}},"line":250},"21":{"name":"(anonymous_21)","decl":{"start":{"line":252,"column":29},"end":{"line":252,"column":30}},"loc":{"start":{"line":252,"column":38},"end":{"line":255,"column":15}},"line":252},"22":{"name":"(anonymous_22)","decl":{"start":{"line":266,"column":29},"end":{"line":266,"column":30}},"loc":{"start":{"line":266,"column":35},"end":{"line":300,"column":3}},"line":266},"23":{"name":"(anonymous_23)","decl":{"start":{"line":278,"column":29},"end":{"line":278,"column":30}},"loc":{"start":{"line":278,"column":39},"end":{"line":287,"column":9}},"line":278},"24":{"name":"(anonymous_24)","decl":{"start":{"line":280,"column":19},"end":{"line":280,"column":20}},"loc":{"start":{"line":280,"column":25},"end":{"line":286,"column":11}},"line":280},"25":{"name":"(anonymous_25)","decl":{"start":{"line":281,"column":27},"end":{"line":281,"column":28}},"loc":{"start":{"line":281,"column":36},"end":{"line":284,"column":13}},"line":281},"26":{"name":"(anonymous_26)","decl":{"start":{"line":290,"column":19},"end":{"line":290,"column":20}},"loc":{"start":{"line":290,"column":25},"end":{"line":295,"column":11}},"line":290},"27":{"name":"(anonymous_27)","decl":{"start":{"line":291,"column":27},"end":{"line":291,"column":28}},"loc":{"start":{"line":291,"column":36},"end":{"line":294,"column":13}},"line":291},"28":{"name":"(anonymous_28)","decl":{"start":{"line":302,"column":33},"end":{"line":302,"column":34}},"loc":{"start":{"line":302,"column":39},"end":{"line":307,"column":3}},"line":302},"29":{"name":"(anonymous_29)","decl":{"start":{"line":309,"column":25},"end":{"line":309,"column":26}},"loc":{"start":{"line":309,"column":37},"end":{"line":322,"column":3}},"line":309},"30":{"name":"(anonymous_30)","decl":{"start":{"line":324,"column":24},"end":{"line":324,"column":25}},"loc":{"start":{"line":324,"column":36},"end":{"line":338,"column":3}},"line":324},"31":{"name":"(anonymous_31)","decl":{"start":{"line":340,"column":31},"end":{"line":340,"column":32}},"loc":{"start":{"line":340,"column":43},"end":{"line":353,"column":3}},"line":340},"32":{"name":"(anonymous_32)","decl":{"start":{"line":355,"column":26},"end":{"line":355,"column":27}},"loc":{"start":{"line":355,"column":49},"end":{"line":361,"column":3}},"line":355},"33":{"name":"(anonymous_33)","decl":{"start":{"line":458,"column":46},"end":{"line":458,"column":47}},"loc":{"start":{"line":459,"column":20},"end":{"line":461,"column":27}},"line":459},"34":{"name":"(anonymous_34)","decl":{"start":{"line":536,"column":23},"end":{"line":536,"column":24}},"loc":{"start":{"line":536,"column":29},"end":{"line":546,"column":15}},"line":536},"35":{"name":"(anonymous_35)","decl":{"start":{"line":540,"column":48},"end":{"line":540,"column":49}},"loc":{"start":{"line":540,"column":58},"end":{"line":540,"column":89}},"line":540},"36":{"name":"(anonymous_36)","decl":{"start":{"line":556,"column":23},"end":{"line":556,"column":24}},"loc":{"start":{"line":556,"column":29},"end":{"line":561,"column":15}},"line":556},"37":{"name":"(anonymous_37)","decl":{"start":{"line":581,"column":23},"end":{"line":581,"column":24}},"loc":{"start":{"line":581,"column":29},"end":{"line":586,"column":15}},"line":581},"38":{"name":"(anonymous_38)","decl":{"start":{"line":890,"column":23},"end":{"line":890,"column":24}},"loc":{"start":{"line":890,"column":29},"end":{"line":890,"column":75}},"line":890},"39":{"name":"(anonymous_39)","decl":{"start":{"line":930,"column":23},"end":{"line":930,"column":24}},"loc":{"start":{"line":930,"column":29},"end":{"line":930,"column":77}},"line":930},"40":{"name":"(anonymous_40)","decl":{"start":{"line":950,"column":23},"end":{"line":950,"column":24}},"loc":{"start":{"line":950,"column":29},"end":{"line":950,"column":75}},"line":950}},"branchMap":{"0":{"loc":{"start":{"line":103,"column":4},"end":{"line":103,"column":50}},"type":"if","locations":[{"start":{"line":103,"column":4},"end":{"line":103,"column":50}},{"start":{},"end":{}}],"line":103},"1":{"loc":{"start":{"line":116,"column":4},"end":{"line":118,"column":5}},"type":"if","locations":[{"start":{"line":116,"column":4},"end":{"line":118,"column":5}},{"start":{},"end":{}}],"line":116},"2":{"loc":{"start":{"line":138,"column":4},"end":{"line":140,"column":5}},"type":"if","locations":[{"start":{"line":138,"column":4},"end":{"line":140,"column":5}},{"start":{},"end":{}}],"line":138},"3":{"loc":{"start":{"line":149,"column":4},"end":{"line":151,"column":5}},"type":"if","locations":[{"start":{"line":149,"column":4},"end":{"line":151,"column":5}},{"start":{},"end":{}}],"line":149},"4":{"loc":{"start":{"line":152,"column":21},"end":{"line":152,"column":60}},"type":"cond-expr","locations":[{"start":{"line":152,"column":44},"end":{"line":152,"column":51}},{"start":{"line":152,"column":54},"end":{"line":152,"column":60}}],"line":152},"5":{"loc":{"start":{"line":157,"column":4},"end":{"line":159,"column":5}},"type":"if","locations":[{"start":{"line":157,"column":4},"end":{"line":159,"column":5}},{"start":{},"end":{}}],"line":157},"6":{"loc":{"start":{"line":164,"column":4},"end":{"line":166,"column":5}},"type":"if","locations":[{"start":{"line":164,"column":4},"end":{"line":166,"column":5}},{"start":{},"end":{}}],"line":164},"7":{"loc":{"start":{"line":174,"column":4},"end":{"line":176,"column":5}},"type":"if","locations":[{"start":{"line":174,"column":4},"end":{"line":176,"column":5}},{"start":{},"end":{}}],"line":174},"8":{"loc":{"start":{"line":174,"column":8},"end":{"line":174,"column":49}},"type":"binary-expr","locations":[{"start":{"line":174,"column":8},"end":{"line":174,"column":24}},{"start":{"line":174,"column":28},"end":{"line":174,"column":49}}],"line":174},"9":{"loc":{"start":{"line":180,"column":4},"end":{"line":182,"column":5}},"type":"if","locations":[{"start":{"line":180,"column":4},"end":{"line":182,"column":5}},{"start":{},"end":{}}],"line":180},"10":{"loc":{"start":{"line":185,"column":6},"end":{"line":185,"column":65}},"type":"cond-expr","locations":[{"start":{"line":185,"column":19},"end":{"line":185,"column":41}},{"start":{"line":185,"column":44},"end":{"line":185,"column":65}}],"line":185},"11":{"loc":{"start":{"line":186,"column":6},"end":{"line":188,"column":71}},"type":"cond-expr","locations":[{"start":{"line":187,"column":10},"end":{"line":187,"column":68}},{"start":{"line":188,"column":10},"end":{"line":188,"column":71}}],"line":186},"12":{"loc":{"start":{"line":193,"column":4},"end":{"line":195,"column":5}},"type":"if","locations":[{"start":{"line":193,"column":4},"end":{"line":195,"column":5}},{"start":{},"end":{}}],"line":193},"13":{"loc":{"start":{"line":214,"column":4},"end":{"line":216,"column":5}},"type":"if","locations":[{"start":{"line":214,"column":4},"end":{"line":216,"column":5}},{"start":{},"end":{}}],"line":214},"14":{"loc":{"start":{"line":236,"column":4},"end":{"line":238,"column":5}},"type":"if","locations":[{"start":{"line":236,"column":4},"end":{"line":238,"column":5}},{"start":{},"end":{}}],"line":236},"15":{"loc":{"start":{"line":251,"column":12},"end":{"line":257,"column":13}},"type":"if","locations":[{"start":{"line":251,"column":12},"end":{"line":257,"column":13}},{"start":{},"end":{}}],"line":251},"16":{"loc":{"start":{"line":251,"column":16},"end":{"line":251,"column":41}},"type":"binary-expr","locations":[{"start":{"line":251,"column":16},"end":{"line":251,"column":23}},{"start":{"line":251,"column":27},"end":{"line":251,"column":41}}],"line":251},"17":{"loc":{"start":{"line":267,"column":4},"end":{"line":269,"column":5}},"type":"if","locations":[{"start":{"line":267,"column":4},"end":{"line":269,"column":5}},{"start":{},"end":{}}],"line":267},"18":{"loc":{"start":{"line":303,"column":4},"end":{"line":305,"column":5}},"type":"if","locations":[{"start":{"line":303,"column":4},"end":{"line":305,"column":5}},{"start":{},"end":{}}],"line":303},"19":{"loc":{"start":{"line":310,"column":4},"end":{"line":312,"column":5}},"type":"if","locations":[{"start":{"line":310,"column":4},"end":{"line":312,"column":5}},{"start":{},"end":{}}],"line":310},"20":{"loc":{"start":{"line":325,"column":4},"end":{"line":327,"column":5}},"type":"if","locations":[{"start":{"line":325,"column":4},"end":{"line":327,"column":5}},{"start":{},"end":{}}],"line":325},"21":{"loc":{"start":{"line":329,"column":21},"end":{"line":331,"column":73}},"type":"cond-expr","locations":[{"start":{"line":330,"column":8},"end":{"line":330,"column":62}},{"start":{"line":331,"column":8},"end":{"line":331,"column":73}}],"line":329},"22":{"loc":{"start":{"line":341,"column":4},"end":{"line":343,"column":5}},"type":"if","locations":[{"start":{"line":341,"column":4},"end":{"line":343,"column":5}},{"start":{},"end":{}}],"line":341},"23":{"loc":{"start":{"line":377,"column":19},"end":{"line":381,"column":19}},"type":"cond-expr","locations":[{"start":{"line":378,"column":20},"end":{"line":378,"column":80}},{"start":{"line":380,"column":20},"end":{"line":380,"column":54}}],"line":377},"24":{"loc":{"start":{"line":451,"column":17},"end":{"line":453,"column":67}},"type":"cond-expr","locations":[{"start":{"line":451,"column":45},"end":{"line":451,"column":85}},{"start":{"line":452,"column":17},"end":{"line":453,"column":67}}],"line":451},"25":{"loc":{"start":{"line":452,"column":17},"end":{"line":453,"column":67}},"type":"cond-expr","locations":[{"start":{"line":452,"column":43},"end":{"line":452,"column":87}},{"start":{"line":453,"column":17},"end":{"line":453,"column":67}}],"line":452},"26":{"loc":{"start":{"line":456,"column":15},"end":{"line":471,"column":15}},"type":"binary-expr","locations":[{"start":{"line":456,"column":15},"end":{"line":456,"column":38}},{"start":{"line":457,"column":16},"end":{"line":470,"column":23}}],"line":456},"27":{"loc":{"start":{"line":463,"column":19},"end":{"line":469,"column":19}},"type":"binary-expr","locations":[{"start":{"line":463,"column":19},"end":{"line":463,"column":42}},{"start":{"line":464,"column":20},"end":{"line":468,"column":27}}],"line":463},"28":{"loc":{"start":{"line":492,"column":15},"end":{"line":499,"column":15}},"type":"binary-expr","locations":[{"start":{"line":492,"column":15},"end":{"line":492,"column":26}},{"start":{"line":493,"column":16},"end":{"line":498,"column":23}}],"line":492},"29":{"loc":{"start":{"line":501,"column":15},"end":{"line":508,"column":15}},"type":"binary-expr","locations":[{"start":{"line":501,"column":15},"end":{"line":501,"column":37}},{"start":{"line":502,"column":16},"end":{"line":507,"column":23}}],"line":501},"30":{"loc":{"start":{"line":510,"column":15},"end":{"line":517,"column":15}},"type":"binary-expr","locations":[{"start":{"line":510,"column":15},"end":{"line":510,"column":35}},{"start":{"line":511,"column":16},"end":{"line":516,"column":23}}],"line":510},"31":{"loc":{"start":{"line":521,"column":15},"end":{"line":524,"column":54}},"type":"cond-expr","locations":[{"start":{"line":521,"column":38},"end":{"line":521,"column":96}},{"start":{"line":522,"column":15},"end":{"line":524,"column":54}}],"line":521},"32":{"loc":{"start":{"line":522,"column":15},"end":{"line":524,"column":54}},"type":"cond-expr","locations":[{"start":{"line":522,"column":36},"end":{"line":522,"column":79}},{"start":{"line":523,"column":15},"end":{"line":524,"column":54}}],"line":522},"33":{"loc":{"start":{"line":523,"column":15},"end":{"line":524,"column":54}},"type":"cond-expr","locations":[{"start":{"line":523,"column":37},"end":{"line":523,"column":69}},{"start":{"line":524,"column":15},"end":{"line":524,"column":54}}],"line":523},"34":{"loc":{"start":{"line":537,"column":16},"end":{"line":539,"column":17}},"type":"if","locations":[{"start":{"line":537,"column":16},"end":{"line":539,"column":17}},{"start":{},"end":{}}],"line":537},"35":{"loc":{"start":{"line":541,"column":16},"end":{"line":545,"column":17}},"type":"if","locations":[{"start":{"line":541,"column":16},"end":{"line":545,"column":17}},{"start":{"line":543,"column":23},"end":{"line":545,"column":17}}],"line":541},"36":{"loc":{"start":{"line":557,"column":16},"end":{"line":559,"column":17}},"type":"if","locations":[{"start":{"line":557,"column":16},"end":{"line":559,"column":17}},{"start":{},"end":{}}],"line":557},"37":{"loc":{"start":{"line":582,"column":16},"end":{"line":584,"column":17}},"type":"if","locations":[{"start":{"line":582,"column":16},"end":{"line":584,"column":17}},{"start":{},"end":{}}],"line":582},"38":{"loc":{"start":{"line":604,"column":19},"end":{"line":608,"column":19}},"type":"cond-expr","locations":[{"start":{"line":605,"column":20},"end":{"line":605,"column":66}},{"start":{"line":607,"column":20},"end":{"line":607,"column":65}}],"line":604},"39":{"loc":{"start":{"line":615,"column":21},"end":{"line":615,"column":70}},"type":"cond-expr","locations":[{"start":{"line":615,"column":44},"end":{"line":615,"column":55}},{"start":{"line":615,"column":58},"end":{"line":615,"column":70}}],"line":615},"40":{"loc":{"start":{"line":632,"column":19},"end":{"line":636,"column":19}},"type":"cond-expr","locations":[{"start":{"line":633,"column":20},"end":{"line":633,"column":54}},{"start":{"line":635,"column":20},"end":{"line":635,"column":57}}],"line":632},"41":{"loc":{"start":{"line":660,"column":19},"end":{"line":664,"column":19}},"type":"cond-expr","locations":[{"start":{"line":661,"column":20},"end":{"line":661,"column":57}},{"start":{"line":663,"column":20},"end":{"line":663,"column":57}}],"line":660},"42":{"loc":{"start":{"line":919,"column":25},"end":{"line":919,"column":72}},"type":"binary-expr","locations":[{"start":{"line":919,"column":25},"end":{"line":919,"column":61}},{"start":{"line":919,"column":65},"end":{"line":919,"column":72}}],"line":919},"43":{"loc":{"start":{"line":980,"column":19},"end":{"line":980,"column":60}},"type":"cond-expr","locations":[{"start":{"line":980,"column":43},"end":{"line":980,"column":48}},{"start":{"line":980,"column":51},"end":{"line":980,"column":60}}],"line":980}},"s":{"0":0,"1":0,"2":0,"3":0,"4":0,"5":0,"6":0,"7":0,"8":0,"9":0,"10":0,"11":0,"12":0,"13":0,"14":0,"15":0,"16":0,"17":0,"18":0,"19":0,"20":0,"21":0,"22":0,"23":0,"24":0,"25":0,"26":0,"27":0,"28":0,"29":0,"30":0,"31":0,"32":0,"33":0,"34":0,"35":0,"36":0,"37":0,"38":0,"39":0,"40":0,"41":0,"42":0,"43":0,"44":0,"45":0,"46":0,"47":0,"48":0,"49":0,"50":0,"51":0,"52":0,"53":0,"54":0,"55":0,"56":0,"57":0,"58":0,"59":0,"60":0,"61":0,"62":0,"63":0,"64":0,"65":0,"66":0,"67":0,"68":0,"69":0,"70":0,"71":0,"72":0,"73":0,"74":0,"75":0,"76":0,"77":0,"78":0,"79":0,"80":0,"81":0,"82":0,"83":0,"84":0,"85":0,"86":0,"87":0,"88":0,"89":0,"90":0,"91":0,"92":0,"93":0,"94":0,"95":0,"96":0,"97":0,"98":0,"99":0,"100":0,"101":0,"102":0,"103":0,"104":0,"105":0,"106":0,"107":0,"108":0,"109":0,"110":0,"111":0,"112":0,"113":0,"114":0,"115":0,"116":0,"117":0,"118":0,"119":0,"120":0,"121":0,"122":0,"123":0,"124":0,"125":0,"126":0,"127":0,"128":0,"129":0,"130":0,"131":0,"132":0,"133":0,"134":0,"135":0,"136":0,"137":0,"138":0,"139":0,"140":0,"141":0,"142":0},"f":{"0":0,"1":0,"2":0,"3":0,"4":0,"5":0,"6":0,"7":0,"8":0,"9":0,"10":0,"11":0,"12":0,"13":0,"14":0,"15":0,"16":0,"17":0,"18":0,"19":0,"20":0,"21":0,"22":0,"23":0,"24":0,"25":0,"26":0,"27":0,"28":0,"29":0,"30":0,"31":0,"32":0,"33":0,"34":0,"35":0,"36":0,"37":0,"38":0,"39":0,"40":0},"b":{"0":[0,0],"1":[0,0],"2":[0,0],"3":[0,0],"4":[0,0],"5":[0,0],"6":[0,0],"7":[0,0],"8":[0,0],"9":[0,0],"10":[0,0],"11":[0,0],"12":[0,0],"13":[0,0],"14":[0,0],"15":[0,0],"16":[0,0],"17":[0,0],"18":[0,0],"19":[0,0],"20":[0,0],"21":[0,0],"22":[0,0],"23":[0,0],"24":[0,0],"25":[0,0],"26":[0,0],"27":[0,0],"28":[0,0],"29":[0,0],"30":[0,0],"31":[0,0],"32":[0,0],"33":[0,0],"34":[0,0],"35":[0,0],"36":[0,0],"37":[0,0],"38":[0,0],"39":[0,0],"40":[0,0],"41":[0,0],"42":[0,0],"43":[0,0]}}
,"E:\\DevelopmentPrograms\\CardSwipe-v3\\app\\(tabs)\\progress.tsx": {"path":"E:\\DevelopmentPrograms\\CardSwipe-v3\\app\\(tabs)\\progress.tsx","statementMap":{"0":{"start":{"line":26,"column":18},"end":{"line":26,"column":42}},"1":{"start":{"line":42,"column":6},"end":{"line":42,"column":24}},"2":{"start":{"line":44,"column":22},"end":{"line":44,"column":38}},"3":{"start":{"line":45,"column":17},"end":{"line":45,"column":36}},"4":{"start":{"line":47,"column":40},"end":{"line":47,"column":99}},"5":{"start":{"line":48,"column":26},"end":{"line":48,"column":57}},"6":{"start":{"line":51,"column":25},"end":{"line":51,"column":80}},"7":{"start":{"line":51,"column":61},"end":{"line":51,"column":72}},"8":{"start":{"line":52,"column":23},"end":{"line":52,"column":37}},"9":{"start":{"line":53,"column":31},"end":{"line":53,"column":68}},"10":{"start":{"line":54,"column":23},"end":{"line":54,"column":33}},"11":{"start":{"line":55,"column":25},"end":{"line":55,"column":44}},"12":{"start":{"line":56,"column":21},"end":{"line":56,"column":45}},"13":{"start":{"line":59,"column":29},"end":{"line":61,"column":16}},"14":{"start":{"line":60,"column":20},"end":{"line":60,"column":87}},"15":{"start":{"line":64,"column":32},"end":{"line":64,"column":92}},"16":{"start":{"line":65,"column":27},"end":{"line":65,"column":77}},"17":{"start":{"line":68,"column":21},"end":{"line":73,"column":3}},"18":{"start":{"line":69,"column":18},"end":{"line":69,"column":44}},"19":{"start":{"line":70,"column":20},"end":{"line":70,"column":53}},"20":{"start":{"line":71,"column":4},"end":{"line":71,"column":50}},"21":{"start":{"line":71,"column":19},"end":{"line":71,"column":50}},"22":{"start":{"line":72,"column":4},"end":{"line":72,"column":25}},"23":{"start":{"line":76,"column":31},"end":{"line":103,"column":3}},"24":{"start":{"line":77,"column":18},"end":{"line":77,"column":20}},"25":{"start":{"line":78,"column":18},"end":{"line":78,"column":28}},"26":{"start":{"line":79,"column":22},"end":{"line":79,"column":37}},"27":{"start":{"line":80,"column":4},"end":{"line":80,"column":44}},"28":{"start":{"line":82,"column":4},"end":{"line":101,"column":5}},"29":{"start":{"line":82,"column":20},"end":{"line":82,"column":21}},"30":{"start":{"line":83,"column":23},"end":{"line":83,"column":25}},"31":{"start":{"line":84,"column":6},"end":{"line":99,"column":7}},"32":{"start":{"line":84,"column":21},"end":{"line":84,"column":22}},"33":{"start":{"line":85,"column":28},"end":{"line":85,"column":47}},"34":{"start":{"line":86,"column":8},"end":{"line":86,"column":68}},"35":{"start":{"line":88,"column":27},"end":{"line":88,"column":66}},"36":{"start":{"line":89,"column":28},"end":{"line":91,"column":9}},"37":{"start":{"line":90,"column":10},"end":{"line":90,"column":69}},"38":{"start":{"line":93,"column":8},"end":{"line":98,"column":11}},"39":{"start":{"line":100,"column":6},"end":{"line":100,"column":27}},"40":{"start":{"line":102,"column":4},"end":{"line":102,"column":17}},"41":{"start":{"line":105,"column":23},"end":{"line":105,"column":45}},"42":{"start":{"line":107,"column":2},"end":{"line":113,"column":9}},"43":{"start":{"line":108,"column":4},"end":{"line":112,"column":15}},"44":{"start":{"line":116,"column":30},"end":{"line":136,"column":3}},"45":{"start":{"line":117,"column":4},"end":{"line":119,"column":5}},"46":{"start":{"line":118,"column":6},"end":{"line":118,"column":62}},"47":{"start":{"line":122,"column":23},"end":{"line":122,"column":78}},"48":{"start":{"line":122,"column":46},"end":{"line":122,"column":77}},"49":{"start":{"line":124,"column":4},"end":{"line":135,"column":5}},"50":{"start":{"line":125,"column":6},"end":{"line":125,"column":46}},"51":{"start":{"line":127,"column":6},"end":{"line":134,"column":8}},"52":{"start":{"line":131,"column":46},"end":{"line":131,"column":83}},"53":{"start":{"line":138,"column":25},"end":{"line":143,"column":3}},"54":{"start":{"line":139,"column":4},"end":{"line":141,"column":5}},"55":{"start":{"line":140,"column":6},"end":{"line":140,"column":62}},"56":{"start":{"line":142,"column":4},"end":{"line":142,"column":42}},"57":{"start":{"line":145,"column":33},"end":{"line":167,"column":3}},"58":{"start":{"line":146,"column":4},"end":{"line":148,"column":5}},"59":{"start":{"line":147,"column":6},"end":{"line":147,"column":61}},"60":{"start":{"line":150,"column":4},"end":{"line":166,"column":5}},"61":{"start":{"line":151,"column":6},"end":{"line":155,"column":8}},"62":{"start":{"line":157,"column":30},"end":{"line":159,"column":19}},"63":{"start":{"line":158,"column":18},"end":{"line":158,"column":40}},"64":{"start":{"line":161,"column":6},"end":{"line":165,"column":8}},"65":{"start":{"line":169,"column":30},"end":{"line":184,"column":3}},"66":{"start":{"line":170,"column":4},"end":{"line":172,"column":5}},"67":{"start":{"line":171,"column":6},"end":{"line":171,"column":61}},"68":{"start":{"line":174,"column":33},"end":{"line":180,"column":5}},"69":{"start":{"line":182,"column":26},"end":{"line":182,"column":103}},"70":{"start":{"line":183,"column":4},"end":{"line":183,"column":51}},"71":{"start":{"line":186,"column":2},"end":{"line":809,"column":4}},"72":{"start":{"line":234,"column":12},"end":{"line":252,"column":31}},"73":{"start":{"line":240,"column":29},"end":{"line":240,"column":59}},"74":{"start":{"line":361,"column":16},"end":{"line":363,"column":17}},"75":{"start":{"line":362,"column":18},"end":{"line":362,"column":73}},"76":{"start":{"line":364,"column":16},"end":{"line":367,"column":18}},"77":{"start":{"line":385,"column":22},"end":{"line":406,"column":29}},"78":{"start":{"line":387,"column":26},"end":{"line":404,"column":28}},"79":{"start":{"line":415,"column":61},"end":{"line":415,"column":72}},"80":{"start":{"line":601,"column":20},"end":{"line":616,"column":27}},"81":{"start":{"line":671,"column":18},"end":{"line":689,"column":25}},"82":{"start":{"line":812,"column":15},"end":{"line":1457,"column":2}}},"fnMap":{"0":{"name":"ProgressScreen","decl":{"start":{"line":28,"column":24},"end":{"line":28,"column":38}},"loc":{"start":{"line":28,"column":41},"end":{"line":810,"column":1}},"line":28},"1":{"name":"(anonymous_1)","decl":{"start":{"line":51,"column":56},"end":{"line":51,"column":57}},"loc":{"start":{"line":51,"column":61},"end":{"line":51,"column":72}},"l
[...]
lumn":14},"end":{"line":263,"column":20}},"67":{"start":{"line":265,"column":14},"end":{"line":265,"column":47}},"68":{"start":{"line":266,"column":14},"end":{"line":266,"column":20}},"69":{"start":{"line":268,"column":14},"end":{"line":268,"column":47}},"70":{"start":{"line":269,"column":14},"end":{"line":269,"column":20}},"71":{"start":{"line":271,"column":14},"end":{"line":271,"column":48}},"72":{"start":{"line":272,"column":14},"end":{"line":272,"column":20}},"73":{"start":{"line":274,"column":14},"end":{"line":274,"column":86}},"74":{"start":{"line":275,"column":14},"end":{"line":275,"column":20}},"75":{"start":{"line":277,"column":14},"end":{"line":277,"column":54}},"76":{"start":{"line":278,"column":14},"end":{"line":278,"column":20}},"77":{"start":{"line":281,"column":14},"end":{"line":287,"column":17}},"78":{"start":{"line":282,"column":16},"end":{"line":285,"column":17}},"79":{"start":{"line":283,"column":31},"end":{"line":283,"column":65}},"80":{"start":{"line":284,"column":18},"end":{"line":284,"column":34}},"81":{"start":{"line":286,"column":16},"end":{"line":286,"column":29}},"82":{"start":{"line":288,"column":14},"end":{"line":288,"column":20}},"83":{"start":{"line":291,"column":14},"end":{"line":297,"column":17}},"84":{"start":{"line":292,"column":16},"end":{"line":295,"column":17}},"85":{"start":{"line":293,"column":31},"end":{"line":293,"column":65}},"86":{"start":{"line":294,"column":18},"end":{"line":294,"column":36}},"87":{"start":{"line":296,"column":16},"end":{"line":296,"column":29}},"88":{"start":{"line":298,"column":14},"end":{"line":298,"column":20}},"89":{"start":{"line":301,"column":10},"end":{"line":306,"column":11}},"90":{"start":{"line":302,"column":12},"end":{"line":305,"column":15}},"91":{"start":{"line":310,"column":8},"end":{"line":318,"column":9}},"92":{"start":{"line":311,"column":34},"end":{"line":311,"column":87}},"93":{"start":{"line":312,"column":32},"end":{"line":312,"column":87}},"94":{"start":{"line":312,"column":67},"end":{"line":312,"column":83}},"95":{"start":{"line":314,"column":10},"end":{"line":317,"column":13}},"96":{"start":{"line":322,"column":8},"end":{"line":356,"column":11}},"97":{"start":{"line":323,"column":24},"end":{"line":323,"column":34}},"98":{"start":{"line":324,"column":28},"end":{"line":324,"column":64}},"99":{"start":{"line":325,"column":27},"end":{"line":325,"column":102}},"100":{"start":{"line":328,"column":10},"end":{"line":338,"column":11}},"101":{"start":{"line":329,"column":12},"end":{"line":337,"column":14}},"102":{"start":{"line":341,"column":36},"end":{"line":347,"column":19}},"103":{"start":{"line":342,"column":12},"end":{"line":345,"column":13}},"104":{"start":{"line":343,"column":36},"end":{"line":343,"column":59}},"105":{"start":{"line":344,"column":14},"end":{"line":344,"column":48}},"106":{"start":{"line":346,"column":12},"end":{"line":346,"column":25}},"107":{"start":{"line":349,"column":10},"end":{"line":355,"column":12}},"108":{"start":{"line":360,"column":22},"end":{"line":360,"column":27}},"109":{"start":{"line":361,"column":8},"end":{"line":361,"column":46}},"110":{"start":{"line":365,"column":22},"end":{"line":365,"column":27}},"111":{"start":{"line":366,"column":29},"end":{"line":366,"column":45}},"112":{"start":{"line":367,"column":34},"end":{"line":367,"column":58}},"113":{"start":{"line":368,"column":8},"end":{"line":368,"column":47}},"114":{"start":{"line":372,"column":8},"end":{"line":374,"column":11}},"115":{"start":{"line":379,"column":39},"end":{"line":379,"column":51}},"116":{"start":{"line":383,"column":8},"end":{"line":406,"column":9}},"117":{"start":{"line":384,"column":10},"end":{"line":405,"column":12}},"118":{"start":{"line":407,"column":8},"end":{"line":407,"column":30}}},"fnMap":{"0":{"name":"(anonymous_0)","decl":{"start":{"line":81,"column":4},"end":{"line":81,"column":5}},"loc":{"start":{"line":81,"column":19},"end":{"line":376,"column":5}},"line":81},"1":{"name":"(anonymous_1)","decl":{"start":{"line":103,"column":23},"end":{"line":103,"column":24}},"loc":{"start":{"line":103,"column":60},"end":{"line":142,"column":7}},"line":103},"2":{"name":"(anonymous_2)","decl":{"start":{"line":104,"column":12},"end":{"line":104,"column":13}},"loc":{"start":{"line":104,"column":23},"end":{"line":135,"column":9}},"line":104},"3":{"name":"(anonymous_3)","decl":{"start":{"line":144,"column":22},"end":{"line":144,"column":23}},"loc":{"start":{"line":144,"column":44},"end":{"line":158,"column":7}},"line":144},"4":{"name":"(anonymous_4)","decl":{"start":{"line":145,"column":12},"end":{"line":145,"column":13}},"loc":{"start":{"line":145,"column":23},"end":{"line":157,"column":9}},"line":145},"5":{"name":"(anonymous_5)","decl":{"start":{"line":160,"column":20},"end":{"line":160,"column":21}},"loc":{"start":{"line":160,"column":26},"end":{"line":164,"column":7}},"line":160},"6":{"name":"(anonymous_6)","decl":{"start":{"line":161,"column":12},"end":{"line":161,"column":13}},"loc":{"start":{"line":161,"column":24},"end":{"line":163,"column":9}},"line":161},"7":{"name":"(anonymous_7)","decl":{"start":{"line":166,"column":20},"end":{"line":166,"column":21}},"loc":{"start":{"line":166,"column":26},"end":{"line":170,"column":7}},"line":166},"8":{"name":"(anonymous_8)","decl":{"start":{"line":167,"column":12},"end":{"line":167,"column":13}},"loc":{"start":{"line":167,"column":24},"end":{"line":169,"column":9}},"line":167},"9":{"name":"(anonymous_9)","decl":{"start":{"line":172,"column":21},"end":{"line":172,"column":22}},"loc":{"start":{"line":172,"column":27},"end":{"line":180,"column":7}},"line":172},"10":{"name":"(anonymous_10)","decl":{"start":{"line":182,"column":20},"end":{"line":182,"column":21}},"loc":{"start":{"line":182,"column":26},"end":{"line":216,"column":7}},"line":182},"11":{"name":"(anonymous_11)","decl":{"start":{"line":183,"column":12},"end":{"line":183,"column":13}},"loc":{"start":{"line":183,"column":23},"end":{"line":215,"column":9}},"line":183},"12":{"name":"(anonymous_12)","decl":{"start":{"line":218,"column":13},"end":{"line":218,"column":14}},"loc":{"start":{"line":218,"column":33},"end":{"line":223,"column":7}},"line":218},"13":{"name":"(anonymous_13)","decl":{"start":{"line":219,"column":12},"end":{"line":219,"column":13}},"loc":{"start":{"line":219,"column":24},"end":{"line":222,"column":9}},"line":219},"14":{"name":"(anonymous_14)","decl":{"start":{"line":225,"column":20},"end":{"line":225,"column":21}},"loc":{"start":{"line":225,"column":39},"end":{"line":238,"column":7}},"line":225},"15":{"name":"(anonymous_15)","decl":{"start":{"line":226,"column":12},"end":{"line":226,"column":13}},"loc":{"start":{"line":226,"column":23},"end":{"line":234,"column":9}},"line":226},"16":{"name":"(anonymous_16)","decl":{"start":{"line":240,"column":25},"end":{"line":240,"column":26}},"loc":{"start":{"line":240,"column":31},"end":{"line":319,"column":7}},"line":240},"17":{"name":"(anonymous_17)","decl":{"start":{"line":242,"column":70},"end":{"line":242,"column":71}},"loc":{"start":{"line":242,"column":75},"end":{"line":242,"column":86}},"line":242},"18":{"name":"(anonymous_18)","decl":{"start":{"line":245,"column":29},"end":{"line":245,"column":30}},"loc":{"start":{"line":245,"column":44},"end":{"line":307,"column":9}},"line":245},"19":{"name":"(anonymous_19)","decl":{"start":{"line":247,"column":40},"end":{"line":247,"column":41}},"loc":{"start":{"line":247,"column":45},"end":{"line":247,"column":68}},"line":247},"20":{"name":"(anonymous_20)","decl":{"start":{"line":281,"column":64},"end":{"line":281,"column":65}},"loc":{"start":{"line":281,"column":69},"end":{"line":287,"column":15}},"line":281},"21":{"name":"(anonymous_21)","decl":{"start":{"line":291,"column":64},"end":{"line":291,"column":65}},"loc":{"start":{"line":291,"column":69},"end":{"line":297,"column":15}},"line":291},"22":{"name":"(anonymous_22)","decl":{"start":{"line":312,"column":55},"end":{"line":312,"column":56}},"loc":{"start":{"line":312,"column":67},"end":{"line":312,"column":83}},"line":312},"23":{"name":"(anonymous_23)","decl":{"start":{"line":321,"column":24},"end":{"line":321,"column":25}},"loc":{"start":{"line":321,"column":30},"end":{"line":357,"column":7}},"line":321},"24":{"name":"(anonymous_24)","decl":{"start":{"line":322,"column":12},"end":{"line":322,"column":13}},"loc":{"start":{"line":322,"column":23},"end":{"line":356,"column":9}},"line":322},"25":{"name":"(anonymous_25)","decl":{"start":{"line":341,"column":73},"end":{"line":341,"column":74}},"loc":{"start":{"line":341,"column":78},"end":{"line":347,"column":11}},"line":341},"26":{"name":"(anonymous_26)","decl":{"start":{"line":359,"column":16},"end":{"line":359,"column":17}},"loc":{"start":{"line":359,"column":22},"end":{"line":362,"column":7}},"line":359},"27":{"name":"(anonymous_27)","decl":{"start":{"line":364,"column":25},"end":{"line":364,"column":26}},"loc":{"start":{"line":364,"column":31},"end":{"line":369,"column":7}},"line":364},"28":{"name":"(anonymous_28)","decl":{"start":{"line":371,"column":24},"end":{"line":371,"column":25}},"loc":{"start":{"line":371,"column":30},"end":{"line":375,"column":7}},"line":371},"29":{"name":"(anonymous_29)","decl":{"start":{"line":379,"column":33},"end":{"line":379,"column":34}},"loc":{"start":{"line":379,"column":39},"end":{"line":379,"column":51}},"line":379},"30":{"name":"(anonymous_30)","decl":{"start":{"line":381,"column":15},"end":{"line":381,"column":16}},"loc":{"start":{"line":381,"column":57},"end":{"line":408,"column":7}},"line":381}},"branchMap":{"0":{"loc":{"start":{"line":103,"column":42},"end":{"line":103,"column":55}},"type":"default-arg","locations":[{"start":{"line":103,"column":54},"end":{"line":103,"column":55}}],"line":103},"1":{"loc":{"start":{"line":105,"column":33},"end":{"line":105,"column":100}},"type":"binary-expr","locations":[{"start":{"line":105,"column":33},"end":{"line":105,"column":57}},{"start":{"line":105,"column":61},"end":{"line":105,"column":100}}],"line":105},"2":{"loc":{"start":{"line":109,"column":10},"end":{"line":116,"column":11}},"type":"if","locations":[{"start":{"line":109,"column":10},"end":{"line":116,"column":11}},{"start":{},"end":{}}],"line":109},"3":{"loc":{"start":{"line":114,"column":12},"end":{"line":114,"column":40}},"type":"if","locations":[{"start":{"line":114,"column":12},"end":{"line":114,"column":40}},{"start":{},"end":{}}],"line":114},"4":{"loc":{"start":{"line":115,"column":12},"end":{"line":115,"column":42}},"type":"if","locations":[{"start":{"line":115,"column":12},"end":{"line":115,"column":42}},{"start":{},"end":{}}],"line":115},"5":{"loc":{"start":{"line":128,"column":28},"end":{"line":128,"column":57}},"type":"binary-expr","locations":[{"start":{"line":128,"column":28},"end":{"line":128,"column":52}},{"start":{"line":128,"column":56},"end":{"line":128,"column":57}}],"line":128},"6":{"loc":{"start":{"line":146,"column":33},"end":{"line":146,"column":100}},"type":"binary-expr","locations":[{"start":{"line":146,"column":33},"end":{"line":146,"column":57}},{"start":{"line":146,"column":61},"end":{"line":146,"column":100}}],"line":146},"7":{"loc":{"start":{"line":187,"column":10},"end":{"line":189,"column":11}},"type":"if","locations":[{"start":{"line":187,"column":10},"end":{"line":189,"column":11}},{"start":{},"end":{}}],"line":187},"8":{"loc":{"start":{"line":199,"column":10},"end":{"line":201,"column":11}},"type":"if","locations":[{"start":{"line":199,"column":10},"end":{"line":201,"column":11}},{"start":{},"end":{}}],"line":199},"9":{"loc":{"start":{"line":204,"column":10},"end":{"line":211,"column":11}},"type":"if","locations":[{"start":{"line":204,"column":10},"end":{"line":211,"column":11}},{"start":{},"end":{}}],"line":204},"10":{"loc":{"start":{"line":247,"column":10},"end":{"line":247,"column":78}},"type":"if","locations":[{"start":{"line":247,"column":10},"end":{"line":247,"column":78}},{"start":{},"end":{}}],"line":247},"11":{"loc":{"start":{"line":251,"column":10},"end":{"line":299,"column":11}},"type":"switch","locations":[{"start":{"line":252,"column":12},"end":{"line":254,"column":20}},{"start":{"line":255,"column":12},"end":{"line":257,"column":20}},{"start":{"line":258,"column":12},"end":{"line":260,"column":20}},{"start":{"line":261,"column":12},"end":{"line":263,"column":20}},{"start":{"line":264,"column":12},"end":{"line":266,"column":20}},{"start":{"line":267,"column":12},"end":{"line":269,"column":20}},{"start":{"line":270,"column":12},"end":{"line":272,"column":20}},{"start":{"line":273,"column":12},"end":{"line":275,"column":20}},{"start":{"line":276,"column":12},"end":{"line":278,"column":20}},{"start":{"line":279,"column":12},"end":{"line":288,"column":20}},{"start":{"line":289,"column":12},"end":{"line":298,"column":20}}],"line":251},"12":{"loc":{"start":{"line":274,"column":29},"end":{"line":274,"column":85}},"type":"binary-expr","locations":[{"start":{"line":274,"column":29},"end":{"line":274,"column":59}},{"start":{"line":274,"column":63},"end":{"line":274,"column":85}}],"line":274},"13":{"loc":{"start":{"line":282,"column":16},"end":{"line":285,"column":17}},"type":"if","locations":[{"start":{"line":282,"column":16},"end":{"line":285,"column":17}},{"start":{},"end":{}}],"line":282},"14":{"loc":{"start":{"line":292,"column":16},"end":{"line":295,"column":17}},"type":"if","locations":[{"start":{"line":292,"column":16},"end":{"line":295,"column":17}},{"start":{},"end":{}}],"line":292},"15":{"loc":{"start":{"line":301,"column":10},"end":{"line":306,"column":11}},"type":"if","locations":[{"start":{"line":301,"column":10},"end":{"line":306,"column":11}},{"start":{},"end":{}}],"line":301},"16":{"loc":{"start":{"line":310,"column":8},"end":{"line":318,"column":9}},"type":"if","locations":[{"start":{"line":310,"column":8},"end":{"line":318,"column":9}},{"start":{},"end":{}}],"line":310},"17":{"loc":{"start":{"line":328,"column":10},"end":{"line":338,"column":11}},"type":"if","locations":[{"start":{"line":328,"column":10},"end":{"line":338,"column":11}},{"start":{},"end":{}}],"line":328},"18":{"loc":{"start":{"line":342,"column":12},"end":{"line":345,"column":13}},"type":"if","locations":[{"start":{"line":342,"column":12},"end":{"line":345,"column":13}},{"start":{},"end":{}}],"line":342},"19":{"loc":{"start":{"line":383,"column":8},"end":{"line":406,"column":9}},"type":"if","locations":[{"start":{"line":383,"column":8},"end":{"line":406,"column":9}},{"start":{},"end":{}}],"line":383},"20":{"loc":{"start":{"line":385,"column":22},"end":{"line":385,"column":52}},"type":"binary-expr","locations":[{"start":{"line":385,"column":22},"end":{"line":385,"column":46}},{"start":{"line":385,"column":50},"end":{"line":385,"column":52}}],"line":385},"21":{"loc":{"start":{"line":386,"column":24},"end":{"line":386,"column":55}},"type":"binary-expr","locations":[{"start":{"line":386,"column":24},"end":{"line":386,"column":50}},{"start":{"line":386,"column":54},"end":{"line":386,"column":55}}],"line":386},"22":{"loc":{"start":{"line":387,"column":29},"end":{"line":387,"column":82}},"type":"binary-expr","locations":[{"start":{"line":387,"column":29},"end":{"line":387,"column":60}},{"start":{"line":387,"column":64},"end":{"line":387,"column":82}}],"line":387},"23":{"loc":{"start":{"line":388,"column":20},"end":{"line":388,"column":47}},"type":"binary-expr","locations":[{"start":{"line":388,"column":20},"end":{"line":388,"column":42}},{"start":{"line":388,"column":46},"end":{"line":388,"column":47}}],"line":388},"24":{"loc":{"start":{"line":389,"column":23},"end":{"line":389,"column":79}},"type":"binary-expr","locations":[{"start":{"line":389,"column":23},"end":{"line":389,"column":48}},{"start":{"line":389,"column":52},"end":{"line":389,"column":74}},{"start":{"line":389,"column":78},"end":{"line":389,"column":79}}],"line":389},"25":{"loc":{"start":{"line":390,"column":31},"end":{"line":390,"column":72}},"type":"binary-expr","locations":[{"start":{"line":390,"column":31},"end":{"line":390,"column":64}},{"start":{"line":390,"column":68},"end":{"line":390,"column":72}}],"line":390},"26":{"loc":{"start":{"line":391,"column":16},"end":{"line":391,"column":39}},"type":"binary-expr","locations":[{"start":{"line":391,"column":16},"end":{"line":391,"column":34}},{"start":{"line":391,"column":38},"end":{"line":391,"column":39}}],"line":391}},"s":{"0":2,"1":2,"2":2,"3":179,"4":179,"5":179,"6":179,"7":177,"8":177,"9":177,"10":0,"11":177,"12":0,"13":179,"14":179,"15":179,"16":179,"17":179,"18":179,"19":170,"20":170,"21":170,"22":33,"23":33,"24":2,"25":2,"26":25,"27":182,"28":182,"29":182,"30":182,"31":0,"32":182,"33":182,"34":182,"35":182,"36":182,"37":182,"38":0,"39":0,"40":0,"41":0,"42":70,"43":70,"44":0,"45":0,"46":0,"47":0,"48":0,"49":179,"50":179,"51":9014,"52":179,"53":179,"54":1969,"55":6235,"56":646,"57":1323,"58":1323,"59":2,"60":2,"61":18,"62":18,"63":23,"64":23,"65":34,"66":34,"67":172,"68":172,"69":179,"70":179,"71":179,"72":179,"73":179,"74":179,"75":179,"76":179,"77":179,"78":9014,"79":4743,"80":4743,"81":4271,"82":179,"83":179,"84":9014,"85":4743,"86":4743,"87":4271,"88":179,"89":1323,"90":6,"91":179,"92":6,"93":6,"94":6,"95":6,"96":179,"97":179,"98":179,"99":179,"100":179,"101":0,"102":179,"103":9014,"104":4743,"105":4743,"106":4271,"107":179,"108":71,"109":71,"110":0,"111":0,"112":0,"113":0,"114":179,"115":2,"116":0,"117":0,"118":0},"f":{"0":2,"1":179,"2":179,"3":170,"4":170,"5":33,"6":33,"7":2,"8":2,"9":25,"10":182,"11":182,"12":70,"13":70,"14":0,"15":0,"16":179,"17":9014,"18":1969,"19":6235,"20":9014,"21":9014,"22":6,"23":179,"24":179,"25":9014,"26":71,"27":0,"28":179,"29":2,"30":0},"b":{"0":[179],"1":[179,177],"2":[177,2],"3":[0,177],"4":[0,177],"5":[179,179],"6":[170,167],"7":[0,182],"8":[182,0],"9":[0,0],"10":[646,1323],"11":[2,18,23,34,172,179,179,179,179,179,179],"12":[179,0],"13":[4743,4271],"14":[4743,4271],"15":[6,1317],"16":[6,173],"17":[0,179],"18":[4743,4271],"19":[0,0],"20":[0,0],"21":[0,0],"22":[0,0],"23":[0,0],"24":[0,0,0],"25":[0,0],"26":[0,0]},"_coverageSchema":"1a1c01bbd47fc00a2c39e90264f33305004495a9","hash":"fea01b41664eb0a29f96c392a206ad65e15e767d"}
,"E:\\DevelopmentPrograms\\CardSwipe-v3\\store\\useThemeStore.ts": {"path":"E:\\DevelopmentPrograms\\CardSwipe-v3\\store\\useThemeStore.ts","statementMap":{"0":{"start":{"line":13,"column":29},"end":{"line":31,"column":1}},"1":{"start":{"line":15,"column":14},"end":{"line":25,"column":5}},"2":{"start":{"line":18,"column":8},"end":{"line":20,"column":12}},"3":{"start":{"line":18,"column":24},"end":{"line":20,"column":9}},"4":{"start":{"line":23,"column":8},"end":{"line":23,"column":22}},"5":{"start":{"line":28,"column":39},"end":{"line":28,"column":51}}},"fnMap":{"0":{"name":"(anonymous_0)","decl":{"start":{"line":15,"column":4},"end":{"line":15,"column":5}},"loc":{"start":{"line":15,"column":14},"end":{"line":25,"column":5}},"line":15},"1":{"name":"(anonymous_1)","decl":{"start":{"line":17,"column":19},"end":{"line":17,"column":20}},"loc":{"start":{"line":17,"column":25},"end":{"line":21,"column":7}},"line":17},"2":{"name":"(anonymous_2)","decl":{"start":{"line":18,"column":12},"end":{"line":18,"column":13}},"loc":{"start":{"line":18,"column":24},"end":{"line":20,"column":9}},"line":18},"3":{"name":"(anonymous_3)","decl":{"start":{"line":22,"column":16},"end":{"line":22,"column":17}},"loc":{"start":{"line":22,"column":37},"end":{"line":24,"column":7}},"line":22},"4":{"name":"(anonymous_4)","decl":{"start":{"line":28,"column":33},"end":{"line":28,"column":34}},"loc":{"start":{"line":28,"column":39},"end":{"line":28,"column":51}},"line":28}},"branchMap":{"0":{"loc":{"start":{"line":19,"column":16},"end":{"line":19,"column":56}},"type":"cond-expr","locations":[{"start":{"line":19,"column":40},"end":{"line":19,"column":47}},{"start":{"line":19,"column":50},"end":{"line":19,"column":56}}],"line":19}},"s":{"0":2,"1":2,"2":4,"3":4,"4":2,"5":2},"f":{"0":2,"1":4,"2":4,"3":2,"4":2},"b":{"0":[2,2]},"_coverageSchema":"1a1c01bbd47fc00a2c39e90264f33305004495a9","hash":"1de0932b3cd0af561892574b5991a5f3cd29ff39"}
}
