{"/home/sdas/GitRepo/CardSwipe-v3/app/+not-found.tsx": {"path":"/home/sdas/GitRepo/CardSwipe-v3/app/+not-found.tsx","statementMap":{"0":{"start":{"line":5,"column":2},"end":{"line":16,"column":4}},"1":{"start":{"line":19,"column":15},"end":{"line":38,"column":2}}},"fnMap":{"0":{"name":"NotFoundScreen","decl":{"start":{"line":4,"column":24},"end":{"line":4,"column":38}},"loc":{"start":{"line":4,"column":41},"end":{"line":17,"column":1}},"line":4}},"branchMap":{},"s":{"0":0,"1":0},"f":{"0":0},"b":{}}
,"/home/sdas/GitRepo/CardSwipe-v3/app/_layout.tsx": {"path":"/home/sdas/GitRepo/CardSwipe-v3/app/_layout.tsx","statementMap":{"0":{"start":{"line":14,"column":33},"end":{"line":17,"column":1}},"1":{"start":{"line":20,"column":0},"end":{"line":20,"column":36}},"2":{"start":{"line":23,"column":26},"end":{"line":25,"column":4}},"3":{"start":{"line":27,"column":20},"end":{"line":27,"column":56}},"4":{"start":{"line":27,"column":45},"end":{"line":27,"column":55}},"5":{"start":{"line":28,"column":22},"end":{"line":28,"column":38}},"6":{"start":{"line":30,"column":2},"end":{"line":35,"column":14}},"7":{"start":{"line":31,"column":4},"end":{"line":34,"column":5}},"8":{"start":{"line":32,"column":6},"end":{"line":32,"column":27}},"9":{"start":{"line":33,"column":6},"end":{"line":33,"column":18}},"10":{"start":{"line":37,"column":2},"end":{"line":41,"column":15}},"11":{"start":{"line":38,"column":4},"end":{"line":40,"column":5}},"12":{"start":{"line":39,"column":6},"end":{"line":39,"column":31}},"13":{"start":{"line":43,"column":2},"end":{"line":45,"column":3}},"14":{"start":{"line":44,"column":4},"end":{"line":44,"column":16}},"15":{"start":{"line":47,"column":2},"end":{"line":57,"column":4}},"16":{"start":{"line":61,"column":22},"end":{"line":61,"column":38}},"17":{"start":{"line":63,"column":2},"end":{"line":88,"column":4}}},"fnMap":{"0":{"name":"RootLayout","decl":{"start":{"line":22,"column":24},"end":{"line":22,"column":34}},"loc":{"start":{"line":22,"column":37},"end":{"line":58,"column":1}},"line":22},"1":{"name":"(anonymous_1)","decl":{"start":{"line":27,"column":34},"end":{"line":27,"column":35}},"loc":{"start":{"line":27,"column":45},"end":{"line":27,"column":55}},"line":27},"2":{"name":"(anonymous_2)","decl":{"start":{"line":30,"column":12},"end":{"line":30,"column":13}},"loc":{"start":{"line":30,"column":18},"end":{"line":35,"column":3}},"line":30},"3":{"name":"(anonymous_3)","decl":{"start":{"line":37,"column":12},"end":{"line":37,"column":13}},"loc":{"start":{"line":37,"column":18},"end":{"line":41,"column":3}},"line":37},"4":{"name":"RootLayoutNav","decl":{"start":{"line":60,"column":9},"end":{"line":60,"column":22}},"loc":{"start":{"line":60,"column":25},"end":{"line":89,"column":1}},"line":60}},"branchMap":{"0":{"loc":{"start":{"line":31,"column":4},"end":{"line":34,"column":5}},"type":"if","locations":[{"start":{"line":31,"column":4},"end":{"line":34,"column":5}},{"start":{},"end":{}}],"line":31},"1":{"loc":{"start":{"line":38,"column":4},"end":{"line":40,"column":5}},"type":"if","locations":[{"start":{"line":38,"column":4},"end":{"line":40,"column":5}},{"start":{},"end":{}}],"line":38},"2":{"loc":{"start":{"line":43,"column":2},"end":{"line":45,"column":3}},"type":"if","locations":[{"start":{"line":43,"column":2},"end":{"line":45,"column":3}},{"start":{},"end":{}}],"line":43},"3":{"loc":{"start":{"line":51,"column":20},"end":{"line":51,"column":75}},"type":"cond-expr","locations":[{"start":{"line":51,"column":43},"end":{"line":51,"column":58}},{"start":{"line":51,"column":61},"end":{"line":51,"column":75}}],"line":51},"4":{"loc":{"start":{"line":83,"column":24},"end":{"line":83,"column":64}},"type":"cond-expr","locations":[{"start":{"line":83,"column":48},"end":{"line":83,"column":55}},{"start":{"line":83,"column":58},"end":{"line":83,"column":64}}],"line":83}},"s":{"0":0,"1":0,"2":0,"3":0,"4":0,"5":0,"6":0,"7":0,"8":0,"9":0,"10":0,"11":0,"12":0,"13":0,"14":0,"15":0,"16":0,"17":0},"f":{"0":0,"1":0,"2":0,"3":0,"4":0},"b":{"0":[0,0],"1":[0,0],"2":[0,0],"3":[0,0],"4":[0,0]}}
,"/home/sdas/GitRepo/CardSwipe-v3/app/error-boundary.tsx": {"path":"/home/sdas/GitRepo/CardSwipe-v3/app/error-boundary.tsx","statementMap":{"0":{"start":{"line":14,"column":18},"end":{"line":14,"column":36}},"1":{"start":{"line":16,"column":25},"end":{"line":20,"column":1}},"2":{"start":{"line":23,"column":2},"end":{"line":49,"column":3}},"3":{"start":{"line":24,"column":4},"end":{"line":28,"column":7}},"4":{"start":{"line":30,"column":25},"end":{"line":39,"column":5}},"5":{"start":{"line":41,"column":4},"end":{"line":48,"column":5}},"6":{"start":{"line":42,"column":6},"end":{"line":45,"column":8}},"7":{"start":{"line":47,"column":6},"end":{"line":47,"column":73}},"8":{"start":{"line":52,"column":0},"end":{"line":74,"column":1}},"9":{"start":{"line":53,"column":2},"end":{"line":62,"column":11}},"10":{"start":{"line":54,"column":4},"end":{"line":54,"column":27}},"11":{"start":{"line":55,"column":25},"end":{"line":60,"column":5}},"12":{"start":{"line":61,"column":4},"end":{"line":61,"column":42}},"13":{"start":{"line":64,"column":2},"end":{"line":67,"column":11}},"14":{"start":{"line":65,"column":4},"end":{"line":65,"column":27}},"15":{"start":{"line":66,"column":4},"end":{"line":66,"column":42}},"16":{"start":{"line":69,"column":31},"end":{"line":69,"column":44}},"17":{"start":{"line":70,"column":2},"end":{"line":73,"column":4}},"18":{"start":{"line":71,"column":4},"end":{"line":71,"column":44}},"19":{"start":{"line":72,"column":4},"end":{"line":72,"column":46}},"20":{"start":{"line":78,"column":4},"end":{"line":78,"column":17}},"21":{"start":{"line":79,"column":4},"end":{"line":79,"column":50}},"22":{"start":{"line":83,"column":4},"end":{"line":83,"column":37}},"23":{"start":{"line":87,"column":4},"end":{"line":87,"column":46}},"24":{"start":{"line":88,"column":4},"end":{"line":90,"column":5}},"25":{"start":{"line":89,"column":6},"end":{"line":89,"column":43}},"26":{"start":{"line":94,"column":4},"end":{"line":108,"column":5}},"27":{"start":{"line":95,"column":6},"end":{"line":107,"column":8}},"28":{"start":{"line":110,"column":4},"end":{"line":110,"column":31}},"29":{"start":{"line":114,"column":15},"end":{"line":143,"column":2}}},"fnMap":{"0":{"name":"sendErrorToIframeParent","decl":{"start":{"line":22,"column":9},"end":{"line":22,"column":32}},"loc":{"start":{"line":22,"column":62},"end":{"line":50,"column":1}},"line":22},"1":{"name":"(anonymous_1)","decl":{"start":{"line":53,"column":35},"end":{"line":53,"column":36}},"loc":{"start":{"line":53,"column":46},"end":{"line":62,"column":3}},"line":53},"2":{"name":"(anonymous_2)","decl":{"start":{"line":64,"column":48},"end":{"line":64,"column":49}},"loc":{"start":{"line":64,"column":59},"end":{"line":67,"column":3}},"line":64},"3":{"name":"(anonymous_3)","decl":{"start":{"line":70,"column":18},"end":{"line":70,"column":19}},"loc":{"start":{"line":70,"column":31},"end":{"line":73,"column":3}},"line":70},"4":{"name":"(anonymous_4)","decl":{"start":{"line":77,"column":2},"end":{"line":77,"column":3}},"loc":{"start":{"line":77,"column":28},"end":{"line":80,"column":3}},"line":77},"5":{"name":"(anonymous_5)","decl":{"start":{"line":82,"column":2},"end":{"line":82,"column":3}},"loc":{"start":{"line":82,"column":48},"end":{"line":84,"column":3}},"line":82},"6":{"name":"(anonymous_6)","decl":{"start":{"line":86,"column":2},"end":{"line":86,"column":3}},"loc":{"start":{"line":86,"column":62},"end":{"line":91,"column":3}},"line":86},"7":{"name":"(anonymous_7)","decl":{"start":{"line":93,"column":2},"end":{"line":93,"column":3}},"loc":{"start":{"line":93,"column":11},"end":{"line":111,"column":3}},"line":93}},"branchMap":{"0":{"loc":{"start":{"line":23,"column":2},"end":{"line":49,"column":3}},"type":"if","locations":[{"start":{"line":23,"column":2},"end":{"line":49,"column":3}},{"start":{},"end":{}}],"line":23},"1":{"loc":{"start":{"line":23,"column":6},"end":{"line":23,"column":60}},"type":"binary-expr","locations":[{"start":{"line":23,"column":6},"end":{"line":23,"column":27}},{"start":{"line":23,"column":31},"end":{"line":23,"column":60}}],"line":23},"2":{"loc":{"start":{"line":33,"column":17},"end":{"line":33,"column":71}},"type":"binary-expr","locations":[{"start":{"line":33,"column":17},"end":{"line":33,"column":31}},{"start":{"line":33,"column":35},"end":{"line":33,"column":52}},{"start":{"line":33,"column":56},"end":{"line":33,"column":71}}],"line":33},"3":{"loc":{"start":{"line":44,"column":8},"end":{"line":44,"column":78}},"type":"cond-expr","locations":[{"start":{"line":44,"column":55},"end":{"line":44,"column":72}},{"start":{"line":44,"column":75},"end":{"line":44,"column":78}}],"line":44},"4":{"loc":{"start":{"line":52,"column":0},"end":{"line":74,"column":1}},"type":"if","locations":[{"start":{"line":52,"column":0},"end":{"line":74,"column":1}},{"start":{},"end":{}}],"line":52},"5":{"loc":{"start":{"line":52,"column":4},"end":{"line":52,"column":58}},"type":"binary-expr","locations":[{"start":{"line":52,"column":4},"end":{"line":52,"column":25}},{"start":{"line":52,"column":29},"end":{"line":52,"column":58}}],"line":52},"6":{"loc":{"start":{"line":55,"column":25},"end":{"line":60,"column":5}},"type":"binary-expr","locations":[{"start":{"line":55,"column":25},"end":{"line":55,"column":36}},{"start":{"line":55,"column":40},"end":{"line":60,"column":5}}],"line":55},"7":{"loc":{"start":{"line":56,"column":15},"end":{"line":56,"column":47}},"type":"binary-expr","locations":[{"start":{"line":56,"column":15},"end":{"line":56,"column":28}},{"start":{"line":56,"column":32},"end":{"line":56,"column":47}}],"line":56},"8":{"loc":{"start":{"line":57,"column":16},"end":{"line":57,"column":48}},"type":"binary-expr","locations":[{"start":{"line":57,"column":16},"end":{"line":57,"column":30}},{"start":{"line":57,"column":34},"end":{"line":57,"column":48}}],"line":57},"9":{"loc":{"start":{"line":58,"column":14},"end":{"line":58,"column":44}},"type":"binary-expr","locations":[{"start":{"line":58,"column":14},"end":{"line":58,"column":26}},{"start":{"line":58,"column":30},"end":{"line":58,"column":44}}],"line":58},"10":{"loc":{"start":{"line":59,"column":13},"end":{"line":59,"column":44}},"type":"binary-expr","locations":[{"start":{"line":59,"column":13},"end":{"line":59,"column":24}},{"start":{"line":59,"column":28},"end":{"line":59,"column":44}}],"line":59},"11":{"loc":{"start":{"line":88,"column":4},"end":{"line":90,"column":5}},"type":"if","locations":[{"start":{"line":88,"column":4},"end":{"line":90,"column":5}},{"start":{},"end":{}}],"line":88},"12":{"loc":{"start":{"line":94,"column":4},"end":{"line":108,"column":5}},"type":"if","locations":[{"start":{"line":94,"column":4},"end":{"line":108,"column":5}},{"start":{},"end":{}}],"line":94},"13":{"loc":{"start":{"line":100,"column":13},"end":{"line":104,"column":13}},"type":"binary-expr","locations":[{"start":{"line":100,"column":13},"end":{"line":100,"column":34}},{"start":{"line":101,"column":14},"end":{"line":103,"column":21}}],"line":100}},"s":{"0":0,"1":0,"2":0,"3":0,"4":0,"5":0,"6":0,"7":0,"8":0,"9":0,"10":0,"11":0,"12":0,"13":0,"14":0,"15":0,"16":0,"17":0,"18":0,"19":0,"20":0,"21":0,"22":0,"23":0,"24":0,"25":0,"26":0,"27":0,"28":0,"29":0},"f":{"0":0,"1":0,"2":0,"3":0,"4":0,"5":0,"6":0,"7":0},"b":{"0":[0,0],"1":[0,0],"2":[0,0,0],"3":[0,0],"4":[0,0],"5":[0,0],"6":[0,0],"7":[0,0],"8":[0,0],"9":[0,0],"10":[0,0],"11":[0,0],"12":[0,0],"13":[0,0]}}
,"/home/sdas/GitRepo/CardSwipe-v3/app/modal.tsx": {"path":"/home/sdas/GitRepo/CardSwipe-v3/app/modal.tsx","statementMap":{"0":{"start":{"line":5,"column":2},"end":{"line":14,"column":4}},"1":{"start":{"line":17,"column":15},"end":{"line":32,"column":2}}},"fnMap":{"0":{"name":"ModalScreen","decl":{"start":{"line":4,"column":24},"end":{"line":4,"column":35}},"loc":{"start":{"line":4,"column":38},"end":{"line":15,"column":1}},"line":4}},"branchMap":{"0":{"loc":{"start":{"line":12,"column":24},"end":{"line":12,"column":64}},"type":"cond-expr","locations":[{"start":{"line":12,"column":48},"end":{"line":12,"column":55}},{"start":{"line":12,"column":58},"end":{"line":12,"column":64}}],"line":12}},"s":{"0":0,"1":0},"f":{"0":0},"b":{"0":[0,0]}}
,"/home/sdas/GitRepo/CardSwipe-v3/app/(tabs)/_layout.tsx": {"path":"/home/sdas/GitRepo/CardSwipe-v3/app/(tabs)/_layout.tsx","statementMap":{"0":{"start":{"line":7,"column":22},"end":{"line":7,"column":38}},"1":{"start":{"line":9,"column":2},"end":{"line":63,"column":4}},"2":{"start":{"line":35,"column":37},"end":{"line":35,"column":73}},"3":{"start":{"line":43,"column":37},"end":{"line":43,"column":73}},"4":{"start":{"line":51,"column":37},"end":{"line":51,"column":73}},"5":{"start":{"line":59,"column":37},"end":{"line":59,"column":73}}},"fnMap":{"0":{"name":"TabLayout","decl":{"start":{"line":6,"column":24},"end":{"line":6,"column":33}},"loc":{"start":{"line":6,"column":36},"end":{"line":64,"column":1}},"line":6},"1":{"name":"(anonymous_1)","decl":{"start":{"line":35,"column":22},"end":{"line":35,"column":23}},"loc":{"start":{"line":35,"column":37},"end":{"line":35,"column":73}},"line":35},"2":{"name":"(anonymous_2)","decl":{"start":{"line":43,"column":22},"end":{"line":43,"column":23}},"loc":{"start":{"line":43,"column":37},"end":{"line":43,"column":73}},"line":43},"3":{"name":"(anonymous_3)","decl":{"start":{"line":51,"column":22},"end":{"line":51,"column":23}},"loc":{"start":{"line":51,"column":37},"end":{"line":51,"column":73}},"line":51},"4":{"name":"(anonymous_4)","decl":{"start":{"line":59,"column":22},"end":{"line":59,"column":23}},"loc":{"start":{"line":59,"column":37},"end":{"line":59,"column":73}},"line":59}},"branchMap":{},"s":{"0":0,"1":0,"2":0,"3":0,"4":0,"5":0},"f":{"0":0,"1":0,"2":0,"3":0,"4":0},"b":{}}
,"/home/sdas/GitRepo/CardSwipe-v3/app/(tabs)/bookmarks.tsx": {"path":"/home/sdas/GitRepo/CardSwipe-v3/app/(tabs)/bookmarks.tsx","statementMap":{"0":{"start":{"line":10,"column":22},"end":{"line":10,"column":38}},"1":{"start":{"line":12,"column":2},"end":{"line":28,"column":4}},"2":{"start":{"line":31,"column":15},"end":{"line":62,"column":2}}},"fnMap":{"0":{"name":"BookmarksScreen","decl":{"start":{"line":9,"column":24},"end":{"line":9,"column":39}},"loc":{"start":{"line":9,"column":42},"end":{"line":29,"column":1}},"line":9}},"branchMap":{},"s":{"0":0,"1":0,"2":0},"f":{"0":0},"b":{}}
,"/home/sdas/GitRepo/CardSwipe-v3/app/(tabs)/index.tsx": {"path":"/home/sdas/GitRepo/CardSwipe-v3/app/(tabs)/index.tsx","statementMap":{"0":{"start":{"line":12,"column":16},"end":{"line":12,"column":34}},"1":{"start":{"line":13,"column":54},"end":{"line":13,"column":65}},"2":{"start":{"line":14,"column":54},"end":{"line":14,"column":69}},"3":{"start":{"line":15,"column":34},"end":{"line":15,"column":45}},"4":{"start":{"line":16,"column":22},"end":{"line":16,"column":38}},"5":{"start":{"line":19,"column":24},"end":{"line":19,"column":65}},"6":{"start":{"line":21,"column":26},"end":{"line":36,"column":3}},"7":{"start":{"line":23,"column":4},"end":{"line":23,"column":81}},"8":{"start":{"line":26,"column":4},"end":{"line":26,"column":44}},"9":{"start":{"line":27,"column":4},"end":{"line":27,"column":20}},"10":{"start":{"line":28,"column":4},"end":{"line":28,"column":32}},"11":{"start":{"line":31,"column":4},"end":{"line":35,"column":5}},"12":{"start":{"line":32,"column":23},"end":{"line":32,"column":45}},"13":{"start":{"line":33,"column":6},"end":{"line":33,"column":38}},"14":{"start":{"line":34,"column":6},"end":{"line":34,"column":27}},"15":{"start":{"line":38,"column":27},"end":{"line":51,"column":3}},"16":{"start":{"line":40,"column":4},"end":{"line":40,"column":70}},"17":{"start":{"line":43,"column":4},"end":{"line":43,"column":43}},"18":{"start":{"line":46,"column":4},"end":{"line":50,"column":5}},"19":{"start":{"line":47,"column":23},"end":{"line":47,"column":45}},"20":{"start":{"line":48,"column":6},"end":{"line":48,"column":38}},"21":{"start":{"line":49,"column":6},"end":{"line":49,"column":27}},"22":{"start":{"line":53,"column":24},"end":{"line":60,"column":3}},"23":{"start":{"line":55,"column":4},"end":{"line":59,"column":5}},"24":{"start":{"line":56,"column":23},"end":{"line":56,"column":45}},"25":{"start":{"line":57,"column":6},"end":{"line":57,"column":38}},"26":{"start":{"line":58,"column":6},"end":{"line":58,"column":27}},"27":{"start":{"line":62,"column":26},"end":{"line":69,"column":3}},"28":{"start":{"line":64,"column":4},"end":{"line":68,"column":5}},"29":{"start":{"line":65,"column":23},"end":{"line":65,"column":45}},"30":{"start":{"line":66,"column":6},"end":{"line":66,"column":38}},"31":{"start":{"line":67,"column":6},"end":{"line":67,"column":27}},"32":{"start":{"line":71,"column":2},"end":{"line":93,"column":4}},"33":{"start":{"line":90,"column":26},"end":{"line":90,"column":54}},"34":{"start":{"line":96,"column":19},"end":{"line":96,"column":43}},"35":{"start":{"line":98,"column":15},"end":{"line":112,"column":2}}},"fnMap":{"0":{"name":"LearnScreen","decl":{"start":{"line":11,"column":24},"end":{"line":11,"column":35}},"loc":{"start":{"line":11,"column":38},"end":{"line":94,"column":1}},"line":11},"1":{"name":"(anonymous_1)","decl":{"start":{"line":21,"column":26},"end":{"line":21,"column":27}},"loc":{"start":{"line":21,"column":32},"end":{"line":36,"column":3}},"line":21},"2":{"name":"(anonymous_2)","decl":{"start":{"line":38,"column":27},"end":{"line":38,"column":28}},"loc":{"start":{"line":38,"column":33},"end":{"line":51,"column":3}},"line":38},"3":{"name":"(anonymous_3)","decl":{"start":{"line":53,"column":24},"end":{"line":53,"column":25}},"loc":{"start":{"line":53,"column":30},"end":{"line":60,"column":3}},"line":53},"4":{"name":"(anonymous_4)","decl":{"start":{"line":62,"column":26},"end":{"line":62,"column":27}},"loc":{"start":{"line":62,"column":32},"end":{"line":69,"column":3}},"line":62},"5":{"name":"(anonymous_5)","decl":{"start":{"line":90,"column":20},"end":{"line":90,"column":21}},"loc":{"start":{"line":90,"column":26},"end":{"line":90,"column":54}},"line":90}},"branchMap":{"0":{"loc":{"start":{"line":19,"column":24},"end":{"line":19,"column":65}},"type":"binary-expr","locations":[{"start":{"line":19,"column":24},"end":{"line":19,"column":51}},{"start":{"line":19,"column":55},"end":{"line":19,"column":65}}],"line":19},"1":{"loc":{"start":{"line":31,"column":4},"end":{"line":35,"column":5}},"type":"if","locations":[{"start":{"line":31,"column":4},"end":{"line":35,"column":5}},{"start":{},"end":{}}],"line":31},"2":{"loc":{"start":{"line":46,"column":4},"end":{"line":50,"column":5}},"type":"if","locations":[{"start":{"line":46,"column":4},"end":{"line":50,"column":5}},{"start":{},"end":{}}],"line":46},"3":{"loc":{"start":{"line":55,"column":4},"end":{"line":59,"column":5}},"type":"if","locations":[{"start":{"line":55,"column":4},"end":{"line":59,"column":5}},{"start":{},"end":{}}],"line":55},"4":{"loc":{"start":{"line":64,"column":4},"end":{"line":68,"column":5}},"type":"if","locations":[{"start":{"line":64,"column":4},"end":{"line":68,"column":5}},{"start":{},"end":{}}],"line":64}},"s":{"0":0,"1":0,"2":0,"3":0,"4":0,"5":0,"6":0,"7":0,"8":0,"9":0,"10":0,"11":0,"12":0,"13":0,"14":0,"15":0,"16":0,"17":0,"18":0,"19":0,"20":0,"21":0,"22":0,"23":0,"24":0,"25":0,"26":0,"27":0,"28":0,"29":0,"30":0,"31":0,"32":0,"33":0,"34":0,"35":0},"f":{"0":0,"1":0,"2":0,"3":0,"4":0,"5":0},"b":{"0":[0,0],"1":[0,0],"2":[0,0],"3":[0,0],"4":[0,0]}}
,"/home/sdas/GitRepo/CardSwipe-v3/app/(tabs)/progress.tsx": {"path":"/home/sdas/GitRepo/CardSwipe-v3/app/(tabs)/progress.tsx","statementMap":{"0":{"start":{"line":12,"column":19},"end":{"line":12,"column":62}},"1":{"start":{"line":12,"column":47},"end":{"line":12,"column":61}},"2":{"start":{"line":13,"column":22},"end":{"line":13,"column":38}},"3":{"start":{"line":16,"column":25},"end":{"line":16,"column":80}},"4":{"start":{"line":16,"column":61},"end":{"line":16,"column":72}},"5":{"start":{"line":17,"column":23},"end":{"line":17,"column":37}},"6":{"start":{"line":20,"column":27},"end":{"line":20,"column":83}},"7":{"start":{"line":20,"column":52},"end":{"line":20,"column":82}},"8":{"start":{"line":21,"column":27},"end":{"line":21,"column":84}},"9":{"start":{"line":21,"column":52},"end":{"line":21,"column":83}},"10":{"start":{"line":23,"column":2},"end":{"line":118,"column":4}},"11":{"start":{"line":61,"column":16},"end":{"line":82,"column":23}},"12":{"start":{"line":101,"column":16},"end":{"line":104,"column":23}},"13":{"start":{"line":121,"column":15},"end":{"line":212,"column":2}}},"fnMap":{"0":{"name":"ProgressScreen","decl":{"start":{"line":11,"column":24},"end":{"line":11,"column":38}},"loc":{"start":{"line":11,"column":41},"end":{"line":119,"column":1}},"line":11},"1":{"name":"(anonymous_1)","decl":{"start":{"line":12,"column":36},"end":{"line":12,"column":37}},"loc":{"start":{"line":12,"column":47},"end":{"line":12,"column":61}},"line":12},"2":{"name":"(anonymous_2)","decl":{"start":{"line":16,"column":56},"end":{"line":16,"column":57}},"loc":{"start":{"line":16,"column":61},"end":{"line":16,"column":72}},"line":16},"3":{"name":"(anonymous_3)","decl":{"start":{"line":20,"column":42},"end":{"line":20,"column":43}},"loc":{"start":{"line":20,"column":52},"end":{"line":20,"column":82}},"line":20},"4":{"name":"(anonymous_4)","decl":{"start":{"line":21,"column":42},"end":{"line":21,"column":43}},"loc":{"start":{"line":21,"column":52},"end":{"line":21,"column":83}},"line":21},"5":{"name":"(anonymous_5)","decl":{"start":{"line":60,"column":48},"end":{"line":60,"column":49}},"loc":{"start":{"line":61,"column":16},"end":{"line":82,"column":23}},"line":61},"6":{"name":"(anonymous_6)","decl":{"start":{"line":100,"column":48},"end":{"line":100,"column":49}},"loc":{"start":{"line":101,"column":16},"end":{"line":104,"column":23}},"line":101}},"branchMap":{"0":{"loc":{"start":{"line":58,"column":11},"end":{"line":92,"column":11}},"type":"cond-expr","locations":[{"start":{"line":59,"column":12},"end":{"line":84,"column":19}},{"start":{"line":86,"column":12},"end":{"line":91,"column":19}}],"line":58},"1":{"loc":{"start":{"line":77,"column":23},"end":{"line":79,"column":36}},"type":"cond-expr","locations":[{"start":{"line":78,"column":26},"end":{"line":78,"column":89}},{"start":{"line":79,"column":26},"end":{"line":79,"column":36}}],"line":77},"2":{"loc":{"start":{"line":98,"column":11},"end":{"line":114,"column":11}},"type":"cond-expr","locations":[{"start":{"line":99,"column":12},"end":{"line":106,"column":19}},{"start":{"line":108,"column":12},"end":{"line":113,"column":19}}],"line":98}},"s":{"0":0,"1":0,"2":0,"3":0,"4":0,"5":0,"6":0,"7":0,"8":0,"9":0,"10":0,"11":0,"12":0,"13":0},"f":{"0":0,"1":0,"2":0,"3":0,"4":0,"5":0,"6":0},"b":{"0":[0,0],"1":[0,0],"2":[0,0]}}
,"/home/sdas/GitRepo/CardSwipe-v3/app/(tabs)/settings.tsx": {"path":"/home/sdas/GitRepo/CardSwipe-v3/app/(tabs)/settings.tsx","statementMap":{"0":{"start":{"line":23,"column":24},"end":{"line":23,"column":80}},"1":{"start":{"line":23,"column":52},"end":{"line":23,"column":79}},"2":{"start":{"line":24,"column":20},"end":{"line":24,"column":56}},"3":{"start":{"line":24,"column":45},"end":{"line":24,"column":55}},"4":{"start":{"line":25,"column":19},"end":{"line":25,"column":67}},"5":{"start":{"line":25,"column":44},"end":{"line":25,"column":66}},"6":{"start":{"line":26,"column":22},"end":{"line":26,"column":38}},"7":{"start":{"line":28,"column":30},"end":{"line":53,"column":3}},"8":{"start":{"line":29,"column":4},"end":{"line":31,"column":5}},"9":{"start":{"line":30,"column":6},"end":{"line":30,"column":62}},"10":{"start":{"line":33,"column":4},"end":{"line":52,"column":6}},"11":{"start":{"line":44,"column":12},"end":{"line":44,"column":28}},"12":{"start":{"line":45,"column":12},"end":{"line":47,"column":13}},"13":{"start":{"line":46,"column":14},"end":{"line":46,"column":82}},"14":{"start":{"line":55,"column":31},"end":{"line":80,"column":3}},"15":{"start":{"line":56,"column":4},"end":{"line":58,"column":5}},"16":{"start":{"line":57,"column":6},"end":{"line":57,"column":62}},"17":{"start":{"line":60,"column":4},"end":{"line":79,"column":6}},"18":{"start":{"line":71,"column":12},"end":{"line":71,"column":29}},"19":{"start":{"line":72,"column":12},"end":{"line":74,"column":13}},"20":{"start":{"line":73,"column":14},"end":{"line":73,"column":82}},"21":{"start":{"line":75,"column":12},"end":{"line":75,"column":85}},"22":{"start":{"line":82,"column":28},"end":{"line":88,"column":3}},"23":{"start":{"line":83,"column":4},"end":{"line":85,"column":5}},"24":{"start":{"line":84,"column":6},"end":{"line":84,"column":61}},"25":{"start":{"line":87,"column":4},"end":{"line":87,"column":54}},"26":{"start":{"line":90,"column":2},"end":{"line":189,"column":4}},"27":{"start":{"line":192,"column":15},"end":{"line":257,"column":2}}},"fnMap":{"0":{"name":"SettingsScreen","decl":{"start":{"line":22,"column":24},"end":{"line":22,"column":38}},"loc":{"start":{"line":22,"column":41},"end":{"line":190,"column":1}},"line":22},"1":{"name":"(anonymous_1)","decl":{"start":{"line":23,"column":41},"end":{"line":23,"column":42}},"loc":{"start":{"line":23,"column":52},"end":{"line":23,"column":79}},"line":23},"2":{"name":"(anonymous_2)","decl":{"start":{"line":24,"column":34},"end":{"line":24,"column":35}},"loc":{"start":{"line":24,"column":45},"end":{"line":24,"column":55}},"line":24},"3":{"name":"(anonymous_3)","decl":{"start":{"line":25,"column":33},"end":{"line":25,"column":34}},"loc":{"start":{"line":25,"column":44},"end":{"line":25,"column":66}},"line":25},"4":{"name":"(anonymous_4)","decl":{"start":{"line":28,"column":30},"end":{"line":28,"column":31}},"loc":{"start":{"line":28,"column":36},"end":{"line":53,"column":3}},"line":28},"5":{"name":"(anonymous_5)","decl":{"start":{"line":43,"column":19},"end":{"line":43,"column":20}},"loc":{"start":{"line":43,"column":25},"end":{"line":48,"column":11}},"line":43},"6":{"name":"(anonymous_6)","decl":{"start":{"line":55,"column":31},"end":{"line":55,"column":32}},"loc":{"start":{"line":55,"column":37},"end":{"line":80,"column":3}},"line":55},"7":{"name":"(anonymous_7)","decl":{"start":{"line":70,"column":19},"end":{"line":70,"column":20}},"loc":{"start":{"line":70,"column":25},"end":{"line":76,"column":11}},"line":70},"8":{"name":"(anonymous_8)","decl":{"start":{"line":82,"column":28},"end":{"line":82,"column":29}},"loc":{"start":{"line":82,"column":34},"end":{"line":88,"column":3}},"line":82}},"branchMap":{"0":{"loc":{"start":{"line":29,"column":4},"end":{"line":31,"column":5}},"type":"if","locations":[{"start":{"line":29,"column":4},"end":{"line":31,"column":5}},{"start":{},"end":{}}],"line":29},"1":{"loc":{"start":{"line":45,"column":12},"end":{"line":47,"column":13}},"type":"if","locations":[{"start":{"line":45,"column":12},"end":{"line":47,"column":13}},{"start":{},"end":{}}],"line":45},"2":{"loc":{"start":{"line":56,"column":4},"end":{"line":58,"column":5}},"type":"if","locations":[{"start":{"line":56,"column":4},"end":{"line":58,"column":5}},{"start":{},"end":{}}],"line":56},"3":{"loc":{"start":{"line":72,"column":12},"end":{"line":74,"column":13}},"type":"if","locations":[{"start":{"line":72,"column":12},"end":{"line":74,"column":13}},{"start":{},"end":{}}],"line":72},"4":{"loc":{"start":{"line":83,"column":4},"end":{"line":85,"column":5}},"type":"if","locations":[{"start":{"line":83,"column":4},"end":{"line":85,"column":5}},{"start":{},"end":{}}],"line":83},"5":{"loc":{"start":{"line":87,"column":13},"end":{"line":87,"column":52}},"type":"cond-expr","locations":[{"start":{"line":87,"column":36},"end":{"line":87,"column":43}},{"start":{"line":87,"column":46},"end":{"line":87,"column":52}}],"line":87},"6":{"loc":{"start":{"line":103,"column":15},"end":{"line":107,"column":15}},"type":"cond-expr","locations":[{"start":{"line":104,"column":16},"end":{"line":104,"column":59}},{"start":{"line":106,"column":16},"end":{"line":106,"column":58}}],"line":103},"7":{"loc":{"start":{"line":109,"column":17},"end":{"line":109,"column":66}},"type":"cond-expr","locations":[{"start":{"line":109,"column":40},"end":{"line":109,"column":51}},{"start":{"line":109,"column":54},"end":{"line":109,"column":66}}],"line":109}},"s":{"0":0,"1":0,"2":0,"3":0,"4":0,"5":0,"6":0,"7":0,"8":0,"9":0,"10":0,"11":0,"12":0,"13":0,"14":0,"15":0,"16":0,"17":0,"18":0,"19":0,"20":0,"21":0,"22":0,"23":0,"24":0,"25":0,"26":0,"27":0},"f":{"0":0,"1":0,"2":0,"3":0,"4":0,"5":0,"6":0,"7":0,"8":0},"b":{"0":[0,0],"1":[0,0],"2":[0,0],"3":[0,0],"4":[0,0],"5":[0,0],"6":[0,0],"7":[0,0]}}
,"/home/sdas/GitRepo/CardSwipe-v3/app/lesson/[id].tsx": {"path":"/home/sdas/GitRepo/CardSwipe-v3/app/lesson/[id].tsx","statementMap":{"0":{"start":{"line":13,"column":17},"end":{"line":13,"column":39}},"1":{"start":{"line":14,"column":19},"end":{"line":14,"column":41}},"2":{"start":{"line":16,"column":19},"end":{"line":16,"column":62}},"3":{"start":{"line":16,"column":47},"end":{"line":16,"column":61}},"4":{"start":{"line":17,"column":18},"end":{"line":17,"column":60}},"5":{"start":{"line":17,"column":46},"end":{"line":17,"column":59}},"6":{"start":{"line":18,"column":22},"end":{"line":18,"column":38}},"7":{"start":{"line":19,"column":20},"end":{"line":19,"column":56}},"8":{"start":{"line":19,"column":45},"end":{"line":19,"column":55}},"9":{"start":{"line":21,"column":17},"end":{"line":21,"column":53}},"10":{"start":{"line":21,"column":35},"end":{"line":21,"column":52}},"11":{"start":{"line":23,"column":2},"end":{"line":29,"column":3}},"12":{"start":{"line":24,"column":4},"end":{"line":28,"column":6}},"13":{"start":{"line":31,"column":25},"end":{"line":31,"column":86}},"14":{"start":{"line":33,"column":32},"end":{"line":38,"column":3}},"15":{"start":{"line":34,"column":4},"end":{"line":36,"column":5}},"16":{"start":{"line":35,"column":6},"end":{"line":35,"column":62}},"17":{"start":{"line":37,"column":4},"end":{"line":37,"column":38}},"18":{"start":{"line":40,"column":31},"end":{"line":45,"column":3}},"19":{"start":{"line":41,"column":4},"end":{"line":43,"column":5}},"20":{"start":{"line":42,"column":6},"end":{"line":42,"column":62}},"21":{"start":{"line":44,"column":4},"end":{"line":44,"column":37}},"22":{"start":{"line":48,"column":23},"end":{"line":48,"column":64}},"23":{"start":{"line":48,"column":46},"end":{"line":48,"column":63}},"24":{"start":{"line":49,"column":21},"end":{"line":49,"column":72}},"25":{"start":{"line":50,"column":21},"end":{"line":50,"column":89}},"26":{"start":{"line":52,"column":2},"end":{"line":178,"column":4}},"27":{"start":{"line":138,"column":16},"end":{"line":140,"column":17}},"28":{"start":{"line":139,"column":18},"end":{"line":139,"column":73}},"29":{"start":{"line":159,"column":16},"end":{"line":161,"column":17}},"30":{"start":{"line":160,"column":18},"end":{"line":160,"column":73}},"31":{"start":{"line":181,"column":15},"end":{"line":286,"column":2}}},"fnMap":{"0":{"name":"LessonDetailScreen","decl":{"start":{"line":12,"column":24},"end":{"line":12,"column":42}},"loc":{"start":{"line":12,"column":45},"end":{"line":179,"column":1}},"line":12},"1":{"name":"(anonymous_1)","decl":{"start":{"line":16,"column":36},"end":{"line":16,"column":37}},"loc":{"start":{"line":16,"column":47},"end":{"line":16,"column":61}},"line":16},"2":{"name":"(anonymous_2)","decl":{"start":{"line":17,"column":35},"end":{"line":17,"column":36}},"loc":{"start":{"line":17,"column":46},"end":{"line":17,"column":59}},"line":17},"3":{"name":"(anonymous_3)","decl":{"start":{"line":19,"column":34},"end":{"line":19,"column":35}},"loc":{"start":{"line":19,"column":45},"end":{"line":19,"column":55}},"line":19},"4":{"name":"(anonymous_4)","decl":{"start":{"line":21,"column":30},"end":{"line":21,"column":31}},"loc":{"start":{"line":21,"column":35},"end":{"line":21,"column":52}},"line":21},"5":{"name":"(anonymous_5)","decl":{"start":{"line":33,"column":32},"end":{"line":33,"column":33}},"loc":{"start":{"line":33,"column":38},"end":{"line":38,"column":3}},"line":33},"6":{"name":"(anonymous_6)","decl":{"start":{"line":40,"column":31},"end":{"line":40,"column":32}},"loc":{"start":{"line":40,"column":37},"end":{"line":45,"column":3}},"line":40},"7":{"name":"(anonymous_7)","decl":{"start":{"line":48,"column":41},"end":{"line":48,"column":42}},"loc":{"start":{"line":48,"column":46},"end":{"line":48,"column":63}},"line":48},"8":{"name":"(anonymous_8)","decl":{"start":{"line":137,"column":23},"end":{"line":137,"column":24}},"loc":{"start":{"line":137,"column":29},"end":{"line":141,"column":15}},"line":137},"9":{"name":"(anonymous_9)","decl":{"start":{"line":158,"column":23},"end":{"line":158,"column":24}},"loc":{"start":{"line":158,"column":29},"end":{"line":162,"column":15}},"line":158}},"branchMap":{"0":{"loc":{"start":{"line":23,"column":2},"end":{"line":29,"column":3}},"type":"if","locations":[{"start":{"line":23,"column":2},"end":{"line":29,"column":3}},{"start":{},"end":{}}],"line":23},"1":{"loc":{"start":{"line":31,"column":25},"end":{"line":31,"column":86}},"type":"binary-expr","locations":[{"start":{"line":31,"column":25},"end":{"line":31,"column":43}},{"start":{"line":31,"column":47},"end":{"line":31,"column":86}}],"line":31},"2":{"loc":{"start":{"line":34,"column":4},"end":{"line":36,"column":5}},"type":"if","locations":[{"start":{"line":34,"column":4},"end":{"line":36,"column":5}},{"start":{},"end":{}}],"line":34},"3":{"loc":{"start":{"line":41,"column":4},"end":{"line":43,"column":5}},"type":"if","locations":[{"start":{"line":41,"column":4},"end":{"line":43,"column":5}},{"start":{},"end":{}}],"line":41},"4":{"loc":{"start":{"line":49,"column":21},"end":{"line":49,"column":72}},"type":"cond-expr","locations":[{"start":{"line":49,"column":40},"end":{"line":49,"column":65}},{"start":{"line":49,"column":68},"end":{"line":49,"column":72}}],"line":49},"5":{"loc":{"start":{"line":50,"column":21},"end":{"line":50,"column":89}},"type":"cond-expr","locations":[{"start":{"line":50,"column":57},"end":{"line":50,"column":82}},{"start":{"line":50,"column":85},"end":{"line":50,"column":89}}],"line":50},"6":{"loc":{"start":{"line":68,"column":14},"end":{"line":71,"column":15}},"type":"binary-expr","locations":[{"start":{"line":68,"column":14},"end":{"line":68,"column":38}},{"start":{"line":68,"column":42},"end":{"line":71,"column":15}}],"line":68},"7":{"loc":{"start":{"line":75,"column":36},"end":{"line":75,"column":88}},"type":"cond-expr","locations":[{"start":{"line":75,"column":63},"end":{"line":75,"column":69}},{"start":{"line":75,"column":72},"end":{"line":75,"column":88}}],"line":75},"8":{"loc":{"start":{"line":79,"column":14},"end":{"line":79,"column":59}},"type":"binary-expr","locations":[{"start":{"line":79,"column":14},"end":{"line":79,"column":38}},{"start":{"line":79,"column":42},"end":{"line":79,"column":59}}],"line":79},"9":{"loc":{"start":{"line":81,"column":15},"end":{"line":81,"column":75}},"type":"cond-expr","locations":[{"start":{"line":81,"column":42},"end":{"line":81,"column":53}},{"start":{"line":81,"column":56},"end":{"line":81,"column":75}}],"line":81},"10":{"loc":{"start":{"line":89,"column":14},"end":{"line":92,"column":15}},"type":"binary-expr","locations":[{"start":{"line":89,"column":14},"end":{"line":89,"column":39}},{"start":{"line":89,"column":43},"end":{"line":92,"column":15}}],"line":89},"11":{"loc":{"start":{"line":98,"column":21},"end":{"line":98,"column":74}},"type":"cond-expr","locations":[{"start":{"line":98,"column":49},"end":{"line":98,"column":55}},{"start":{"line":98,"column":58},"end":{"line":98,"column":74}}],"line":98},"12":{"loc":{"start":{"line":99,"column":20},"end":{"line":99,"column":70}},"type":"cond-expr","locations":[{"start":{"line":99,"column":48},"end":{"line":99,"column":54}},{"start":{"line":99,"column":57},"end":{"line":99,"column":70}}],"line":99},"13":{"loc":{"start":{"line":104,"column":14},"end":{"line":104,"column":60}},"type":"binary-expr","locations":[{"start":{"line":104,"column":14},"end":{"line":104,"column":39}},{"start":{"line":104,"column":43},"end":{"line":104,"column":60}}],"line":104},"14":{"loc":{"start":{"line":106,"column":15},"end":{"line":106,"column":68}},"type":"cond-expr","locations":[{"start":{"line":106,"column":43},"end":{"line":106,"column":55}},{"start":{"line":106,"column":58},"end":{"line":106,"column":68}}],"line":106},"15":{"loc":{"start":{"line":118,"column":31},"end":{"line":118,"column":98}},"type":"cond-expr","locations":[{"start":{"line":118,"column":54},"end":{"line":118,"column":74}},{"start":{"line":118,"column":77},"end":{"line":118,"column":98}}],"line":118},"16":{"loc":{"start":{"line":122,"column":23},"end":{"line":122,"column":67}},"type":"cond-expr","locations":[{"start":{"line":122,"column":46},"end":{"line":122,"column":55}},{"start":{"line":122,"column":58},"end":{"line":122,"column":67}}],"line":122},"17":{"loc":{"start":{"line":128,"column":11},"end":{"line":130,"column":11}},"type":"binary-expr","locations":[{"start":{"line":128,"column":11},"end":{"line":128,"column":22}},{"start":{"line":129,"column":12},"end":{"line":129,"column":63}}],"line":128},"18":{"loc":{"start":{"line":134,"column":11},"end":{"line":153,"column":11}},"type":"cond-expr","locations":[{"start":{"line":135,"column":12},"end":{"line":150,"column":31}},{"start":{"line":152,"column":12},"end":{"line":152,"column":40}}],"line":134},"19":{"loc":{"start":{"line":138,"column":16},"end":{"line":140,"column":17}},"type":"if","locations":[{"start":{"line":138,"column":16},"end":{"line":140,"column":17}},{"start":{},"end":{}}],"line":138},"20":{"loc":{"start":{"line":155,"column":11},"end":{"line":174,"column":11}},"type":"cond-expr","locations":[{"start":{"line":156,"column":12},"end":{"line":171,"column":31}},{"start":{"line":173,"column":12},"end":{"line":173,"column":40}}],"line":155},"21":{"loc":{"start":{"line":159,"column":16},"end":{"line":161,"column":17}},"type":"if","locations":[{"start":{"line":159,"column":16},"end":{"line":161,"column":17}},{"start":{},"end":{}}],"line":159},"22":{"loc":{"start":{"line":249,"column":16},"end":{"line":249,"column":61}},"type":"cond-expr","locations":[{"start":{"line":249,"column":40},"end":{"line":249,"column":47}},{"start":{"line":249,"column":50},"end":{"line":249,"column":61}}],"line":249}},"s":{"0":0,"1":0,"2":0,"3":0,"4":0,"5":0,"6":0,"7":0,"8":0,"9":0,"10":0,"11":0,"12":0,"13":0,"14":0,"15":0,"16":0,"17":0,"18":0,"19":0,"20":0,"21":0,"22":0,"23":0,"24":0,"25":0,"26":0,"27":0,"28":0,"29":0,"30":0,"31":0},"f":{"0":0,"1":0,"2":0,"3":0,"4":0,"5":0,"6":0,"7":0,"8":0,"9":0},"b":{"0":[0,0],"1":[0,0],"2":[0,0],"3":[0,0],"4":[0,0],"5":[0,0],"6":[0,0],"7":[0,0],"8":[0,0],"9":[0,0],"10":[0,0],"11":[0,0],"12":[0,0],"13":[0,0],"14":[0,0],"15":[0,0],"16":[0,0],"17":[0,0],"18":[0,0],"19":[0,0],"20":[0,0],"21":[0,0],"22":[0,0]}}
,"/home/sdas/GitRepo/CardSwipe-v3/components/LessonCard.tsx": {"path":"/home/sdas/GitRepo/CardSwipe-v3/components/LessonCard.tsx","statementMap":{"0":{"start":{"line":13,"column":26},"end":{"line":13,"column":50}},"1":{"start":{"line":14,"column":24},"end":{"line":14,"column":27}},"2":{"start":{"line":31,"column":19},"end":{"line":31,"column":62}},"3":{"start":{"line":31,"column":47},"end":{"line":31,"column":61}},"4":{"start":{"line":32,"column":20},"end":{"line":32,"column":56}},"5":{"start":{"line":32,"column":45},"end":{"line":32,"column":55}},"6":{"start":{"line":33,"column":22},"end":{"line":33,"column":38}},"7":{"start":{"line":35,"column":25},"end":{"line":35,"column":87}},"8":{"start":{"line":37,"column":14},"end":{"line":37,"column":52}},"9":{"start":{"line":38,"column":18},"end":{"line":38,"column":55}},"10":{"start":{"line":39,"column":16},"end":{"line":39,"column":53}},"11":{"start":{"line":41,"column":29},"end":{"line":44,"column":3}},"12":{"start":{"line":46,"column":28},"end":{"line":92,"column":3}},"13":{"start":{"line":47,"column":43},"end":{"line":47,"column":60}},"14":{"start":{"line":49,"column":4},"end":{"line":91,"column":5}},"15":{"start":{"line":51,"column":6},"end":{"line":69,"column":7}},"16":{"start":{"line":53,"column":8},"end":{"line":58,"column":11}},"17":{"start":{"line":54,"column":10},"end":{"line":56,"column":11}},"18":{"start":{"line":55,"column":12},"end":{"line":55,"column":68}},"19":{"start":{"line":57,"column":10},"end":{"line":57,"column":25}},"20":{"start":{"line":59,"column":13},"end":{"line":69,"column":7}},"21":{"start":{"line":61,"column":8},"end":{"line":66,"column":11}},"22":{"start":{"line":62,"column":10},"end":{"line":64,"column":11}},"23":{"start":{"line":63,"column":12},"end":{"line":63,"column":68}},"24":{"start":{"line":65,"column":10},"end":{"line":65,"column":24}},"25":{"start":{"line":68,"column":8},"end":{"line":68,"column":24}},"26":{"start":{"line":72,"column":6},"end":{"line":90,"column":7}},"27":{"start":{"line":74,"column":8},"end":{"line":79,"column":11}},"28":{"start":{"line":75,"column":10},"end":{"line":77,"column":11}},"29":{"start":{"line":76,"column":12},"end":{"line":76,"column":67}},"30":{"start":{"line":78,"column":10},"end":{"line":78,"column":24}},"31":{"start":{"line":80,"column":13},"end":{"line":90,"column":7}},"32":{"start":{"line":82,"column":8},"end":{"line":87,"column":11}},"33":{"start":{"line":83,"column":10},"end":{"line":85,"column":11}},"34":{"start":{"line":84,"column":12},"end":{"line":84,"column":67}},"35":{"start":{"line":86,"column":10},"end":{"line":86,"column":22}},"36":{"start":{"line":89,"column":8},"end":{"line":89,"column":24}},"37":{"start":{"line":94,"column":23},"end":{"line":114,"column":3}},"38":{"start":{"line":95,"column":14},"end":{"line":95,"column":79}},"39":{"start":{"line":96,"column":14},"end":{"line":96,"column":78}},"40":{"start":{"line":98,"column":4},"end":{"line":113,"column":7}},"41":{"start":{"line":110,"column":6},"end":{"line":110,"column":17}},"42":{"start":{"line":111,"column":6},"end":{"line":111,"column":35}},"43":{"start":{"line":112,"column":6},"end":{"line":112,"column":26}},"44":{"start":{"line":116,"column":24},"end":{"line":122,"column":3}},"45":{"start":{"line":117,"column":4},"end":{"line":121,"column":15}},"46":{"start":{"line":124,"column":26},"end":{"line":129,"column":3}},"47":{"start":{"line":125,"column":4},"end":{"line":127,"column":5}},"48":{"start":{"line":126,"column":6},"end":{"line":126,"column":61}},"49":{"start":{"line":128,"column":4},"end":{"line":128,"column":40}},"50":{"start":{"line":132,"column":17},"end":{"line":136,"column":4}},"51":{"start":{"line":138,"column":22},"end":{"line":138,"column":29}},"52":{"start":{"line":141,"column":31},"end":{"line":145,"column":4}},"53":{"start":{"line":147,"column":32},"end":{"line":151,"column":4}},"54":{"start":{"line":154,"column":29},"end":{"line":158,"column":4}},"55":{"start":{"line":160,"column":30},"end":{"line":164,"column":4}},"56":{"start":{"line":166,"column":29},"end":{"line":170,"column":4}},"57":{"start":{"line":172,"column":31},"end":{"line":176,"column":4}},"58":{"start":{"line":179,"column":20},"end":{"line":192,"column":3}},"59":{"start":{"line":195,"column":49},"end":{"line":195,"column":99}},"60":{"start":{"line":196,"column":50},"end":{"line":196,"column":106}},"61":{"start":{"line":197,"column":25},"end":{"line":197,"column":76}},"62":{"start":{"line":199,"column":2},"end":{"line":291,"column":4}},"63":{"start":{"line":294,"column":15},"end":{"line":416,"column":2}}},"fnMap":{"0":{"name":"LessonCard","decl":{"start":{"line":24,"column":24},"end":{"line":24,"column":34}},"loc":{"start":{"line":30,"column":20},"end":{"line":292,"column":1}},"line":30},"1":{"name":"(anonymous_1)","decl":{"start":{"line":31,"column":36},"end":{"line":31,"column":37}},"loc":{"start":{"line":31,"column":47},"end":{"line":31,"column":61}},"line":31},"2":{"name":"(anonymous_2)","decl":{"start":{"line":32,"column":34},"end":{"line":32,"column":35}},"loc":{"start":{"line":32,"column":45},"end":{"line":32,"column":55}},"line":32},"3":{"name":"(anonymous_3)","decl":{"start":{"line":46,"column":28},"end":{"line":46,"column":29}},"loc":{"start":{"line":46,"column":44},"end":{"line":92,"column":3}},"line":46},"4":{"name":"(anonymous_4)","decl":{"start":{"line":53,"column":30},"end":{"line":53,"column":31}},"loc":{"start":{"line":53,"column":36},"end":{"line":58,"column":9}},"line":53},"5":{"name":"(anonymous_5)","decl":{"start":{"line":61,"column":29},"end":{"line":61,"column":30}},"loc":{"start":{"line":61,"column":35},"end":{"line":66,"column":9}},"line":61},"6":{"name":"(anonymous_6)","decl":{"start":{"line":74,"column":29},"end":{"line":74,"column":30}},"loc":{"start":{"line":74,"column":35},"end":{"line":79,"column":9}},"line":74},"7":{"name":"(anonymous_7)","decl":{"start":{"line":82,"column":27},"end":{"line":82,"column":28}},"loc":{"start":{"line":82,"column":33},"end":{"line":87,"column":9}},"line":82},"8":{"name":"(anonymous_8)","decl":{"start":{"line":94,"column":23},"end":{"line":94,"column":24}},"loc":{"start":{"line":94,"column":94},"end":{"line":114,"column":3}},"line":94},"9":{"name":"(anonymous_9)","decl":{"start":{"line":109,"column":13},"end":{"line":109,"column":14}},"loc":{"start":{"line":109,"column":19},"end":{"line":113,"column":5}},"line":109},"10":{"name":"(anonymous_10)","decl":{"start":{"line":116,"column":24},"end":{"line":116,"column":25}},"loc":{"start":{"line":116,"column":30},"end":{"line":122,"column":3}},"line":116},"11":{"name":"(anonymous_11)","decl":{"start":{"line":124,"column":26},"end":{"line":124,"column":27}},"loc":{"start":{"line":124,"column":32},"end":{"line":129,"column":3}},"line":124}},"branchMap":{"0":{"loc":{"start":{"line":35,"column":25},"end":{"line":35,"column":87}},"type":"binary-expr","locations":[{"start":{"line":35,"column":25},"end":{"line":35,"column":44}},{"start":{"line":35,"column":48},"end":{"line":35,"column":87}}],"line":35},"1":{"loc":{"start":{"line":49,"column":4},"end":{"line":91,"column":5}},"type":"if","locations":[{"start":{"line":49,"column":4},"end":{"line":91,"column":5}},{"start":{"line":70,"column":11},"end":{"line":91,"column":5}}],"line":49},"2":{"loc":{"start":{"line":51,"column":6},"end":{"line":69,"column":7}},"type":"if","locations":[{"start":{"line":51,"column":6},"end":{"line":69,"column":7}},{"start":{"line":59,"column":13},"end":{"line":69,"column":7}}],"line":51},"3":{"loc":{"start":{"line":54,"column":10},"end":{"line":56,"column":11}},"type":"if","locations":[{"start":{"line":54,"column":10},"end":{"line":56,"column":11}},{"start":{},"end":{}}],"line":54},"4":{"loc":{"start":{"line":59,"column":13},"end":{"line":69,"column":7}},"type":"if","locations":[{"start":{"line":59,"column":13},"end":{"line":69,"column":7}},{"start":{"line":67,"column":13},"end":{"line":69,"column":7}}],"line":59},"5":{"loc":{"start":{"line":62,"column":10},"end":{"line":64,"column":11}},"type":"if","locations":[{"start":{"line":62,"column":10},"end":{"line":64,"column":11}},{"start":{},"end":{}}],"line":62},"6":{"loc":{"start":{"line":72,"column":6},"end":{"line":90,"column":7}},"type":"if","locations":[{"start":{"line":72,"column":6},"end":{"line":90,"column":7}},{"start":{"line":80,"column":13},"end":{"line":90,"column":7}}],"line":72},"7":{"loc":{"start":{"line":75,"column":10},"end":{"line":77,"column":11}},"type":"if","locations":[{"start":{"line":75,"column":10},"end":{"line":77,"column":11}},{"start":{},"end":{}}],"line":75},"8":{"loc":{"start":{"line":80,"column":13},"end":{"line":90,"column":7}},"type":"if","locations":[{"start":{"line":80,"column":13},"end":{"line":90,"column":7}},{"start":{"line":88,"column":13},"end":{"line":90,"column":7}}],"line":80},"9":{"loc":{"start":{"line":83,"column":10},"end":{"line":85,"column":11}},"type":"if","locations":[{"start":{"line":83,"column":10},"end":{"line":85,"column":11}},{"start":{},"end":{}}],"line":83},"10":{"loc":{"start":{"line":95,"column":14},"end":{"line":95,"column":79}},"type":"cond-expr","locations":[{"start":{"line":95,"column":38},"end":{"line":95,"column":43}},{"start":{"line":95,"column":46},"end":{"line":95,"column":79}}],"line":95},"11":{"loc":{"start":{"line":95,"column":46},"end":{"line":95,"column":79}},"type":"cond-expr","locations":[{"start":{"line":95,"column":69},"end":{"line":95,"column":75}},{"start":{"line":95,"column":78},"end":{"line":95,"column":79}}],"line":95},"12":{"loc":{"start":{"line":96,"column":14},"end":{"line":96,"column":78}},"type":"cond-expr","locations":[{"start":{"line":96,"column":37},"end":{"line":96,"column":43}},{"start":{"line":96,"column":46},"end":{"line":96,"column":78}}],"line":96},"13":{"loc":{"start":{"line":96,"column":46},"end":{"line":96,"column":78}},"type":"cond-expr","locations":[{"start":{"line":96,"column":67},"end":{"line":96,"column":74}},{"start":{"line":96,"column":77},"end":{"line":96,"column":78}}],"line":96},"14":{"loc":{"start":{"line":125,"column":4},"end":{"line":127,"column":5}},"type":"if","locations":[{"start":{"line":125,"column":4},"end":{"line":127,"column":5}},{"start":{},"end":{}}],"line":125},"15":{"loc":{"start":{"line":197,"column":25},"end":{"line":197,"column":76}},"type":"cond-expr","locations":[{"start":{"line":197,"column":48},"end":{"line":197,"column":60}},{"start":{"line":197,"column":63},"end":{"line":197,"column":76}}],"line":197},"16":{"loc":{"start":{"line":234,"column":17},"end":{"line":238,"column":17}},"type":"binary-expr","locations":[{"start":{"line":234,"column":17},"end":{"line":234,"column":41}},{"start":{"line":235,"column":18},"end":{"line":237,"column":25}}],"line":234},"17":{"loc":{"start":{"line":239,"column":17},"end":{"line":243,"column":17}},"type":"binary-expr","locations":[{"start":{"line":239,"column":17},"end":{"line":239,"column":42}},{"start":{"line":240,"column":18},"end":{"line":242,"column":25}}],"line":239},"18":{"loc":{"start":{"line":250,"column":65},"end":{"line":250,"column":132}},"type":"cond-expr","locations":[{"start":{"line":250,"column":88},"end":{"line":250,"column":108}},{"start":{"line":250,"column":111},"end":{"line":250,"column":132}}],"line":250},"19":{"loc":{"start":{"line":251,"column":54},"end":{"line":251,"column":98}},"type":"cond-expr","locations":[{"start":{"line":251,"column":77},"end":{"line":251,"column":86}},{"start":{"line":251,"column":89},"end":{"line":251,"column":98}}],"line":251},"20":{"loc":{"start":{"line":253,"column":17},"end":{"line":253,"column":73}},"type":"cond-expr","locations":[{"start":{"line":253,"column":61},"end":{"line":253,"column":68}},{"start":{"line":253,"column":71},"end":{"line":253,"column":73}}],"line":253},"21":{"loc":{"start":{"line":353,"column":16},"end":{"line":353,"column":61}},"type":"cond-expr","locations":[{"start":{"line":353,"column":40},"end":{"line":353,"column":47}},{"start":{"line":353,"column":50},"end":{"line":353,"column":61}}],"line":353}},"s":{"0":0,"1":0,"2":0,"3":0,"4":0,"5":0,"6":0,"7":0,"8":0,"9":0,"10":0,"11":0,"12":0,"13":0,"14":0,"15":0,"16":0,"17":0,"18":0,"19":0,"20":0,"21":0,"22":0,"23":0,"24":0,"25":0,"26":0,"27":0,"28":0,"29":0,"30":0,"31":0,"32":0,"33":0,"34":0,"35":0,"36":0,"37":0,"38":0,"39":0,"40":0,"41":0,"42":0,"43":0,"44":0,"45":0,"46":0,"47":0,"48":0,"49":0,"50":0,"51":0,"52":0,"53":0,"54":0,"55":0,"56":0,"57":0,"58":0,"59":0,"60":0,"61":0,"62":0,"63":0},"f":{"0":0,"1":0,"2":0,"3":0,"4":0,"5":0,"6":0,"7":0,"8":0,"9":0,"10":0,"11":0},"b":{"0":[0,0],"1":[0,0],"2":[0,0],"3":[0,0],"4":[0,0],"5":[0,0],"6":[0,0],"7":[0,0],"8":[0,0],"9":[0,0],"10":[0,0],"11":[0,0],"12":[0,0],"13":[0,0],"14":[0,0],"15":[0,0],"16":[0,0],"17":[0,0],"18":[0,0],"19":[0,0],"20":[0,0],"21":[0,0]}}
,"/home/sdas/GitRepo/CardSwipe-v3/components/LessonList.tsx": {"path":"/home/sdas/GitRepo/CardSwipe-v3/components/LessonList.tsx","statementMap":{"0":{"start":{"line":16,"column":19},"end":{"line":16,"column":62}},"1":{"start":{"line":16,"column":47},"end":{"line":16,"column":61}},"2":{"start":{"line":17,"column":22},"end":{"line":17,"column":38}},"3":{"start":{"line":19,"column":26},"end":{"line":21,"column":13}},"4":{"start":{"line":20,"column":31},"end":{"line":20,"column":62}},"5":{"start":{"line":23,"column":28},"end":{"line":28,"column":3}},"6":{"start":{"line":24,"column":4},"end":{"line":26,"column":5}},"7":{"start":{"line":25,"column":6},"end":{"line":25,"column":61}},"8":{"start":{"line":27,"column":4},"end":{"line":27,"column":40}},"9":{"start":{"line":30,"column":2},"end":{"line":40,"column":3}},"10":{"start":{"line":31,"column":4},"end":{"line":39,"column":6}},"11":{"start":{"line":42,"column":2},"end":{"line":96,"column":4}},"12":{"start":{"line":45,"column":30},"end":{"line":45,"column":48}},"13":{"start":{"line":48,"column":31},"end":{"line":48,"column":91}},"14":{"start":{"line":50,"column":8},"end":{"line":93,"column":10}},"15":{"start":{"line":63,"column":27},"end":{"line":63,"column":50}},"16":{"start":{"line":99,"column":15},"end":{"line":150,"column":2}}},"fnMap":{"0":{"name":"LessonList","decl":{"start":{"line":15,"column":24},"end":{"line":15,"column":34}},"loc":{"start":{"line":15,"column":93},"end":{"line":97,"column":1}},"line":15},"1":{"name":"(anonymous_1)","decl":{"start":{"line":16,"column":36},"end":{"line":16,"column":37}},"loc":{"start":{"line":16,"column":47},"end":{"line":16,"column":61}},"line":16},"2":{"name":"(anonymous_2)","decl":{"start":{"line":20,"column":21},"end":{"line":20,"column":22}},"loc":{"start":{"line":20,"column":31},"end":{"line":20,"column":62}},"line":20},"3":{"name":"(anonymous_3)","decl":{"start":{"line":23,"column":28},"end":{"line":23,"column":29}},"loc":{"start":{"line":23,"column":48},"end":{"line":28,"column":3}},"line":23},"4":{"name":"(anonymous_4)","decl":{"start":{"line":45,"column":20},"end":{"line":45,"column":21}},"loc":{"start":{"line":45,"column":30},"end":{"line":45,"column":48}},"line":45},"5":{"name":"(anonymous_5)","decl":{"start":{"line":47,"column":18},"end":{"line":47,"column":19}},"loc":{"start":{"line":47,"column":32},"end":{"line":94,"column":7}},"line":47},"6":{"name":"(anonymous_6)","decl":{"start":{"line":63,"column":21},"end":{"line":63,"column":22}},"loc":{"start":{"line":63,"column":27},"end":{"line":63,"column":50}},"line":63}},"branchMap":{"0":{"loc":{"start":{"line":15,"column":46},"end":{"line":15,"column":72}},"type":"default-arg","locations":[{"start":{"line":15,"column":67},"end":{"line":15,"column":72}}],"line":15},"1":{"loc":{"start":{"line":19,"column":26},"end":{"line":21,"column":13}},"type":"cond-expr","locations":[{"start":{"line":20,"column":6},"end":{"line":20,"column":63}},{"start":{"line":21,"column":6},"end":{"line":21,"column":13}}],"line":19},"2":{"loc":{"start":{"line":24,"column":4},"end":{"line":26,"column":5}},"type":"if","locations":[{"start":{"line":24,"column":4},"end":{"line":26,"column":5}},{"start":{},"end":{}}],"line":24},"3":{"loc":{"start":{"line":30,"column":2},"end":{"line":40,"column":3}},"type":"if","locations":[{"start":{"line":30,"column":2},"end":{"line":40,"column":3}},{"start":{},"end":{}}],"line":30},"4":{"loc":{"start":{"line":34,"column":11},"end":{"line":36,"column":37}},"type":"cond-expr","locations":[{"start":{"line":35,"column":14},"end":{"line":35,"column":55}},{"start":{"line":36,"column":14},"end":{"line":36,"column":37}}],"line":34},"5":{"loc":{"start":{"line":48,"column":31},"end":{"line":48,"column":91}},"type":"binary-expr","locations":[{"start":{"line":48,"column":31},"end":{"line":48,"column":48}},{"start":{"line":48,"column":52},"end":{"line":48,"column":91}}],"line":48},"6":{"loc":{"start":{"line":58,"column":14},"end":{"line":61,"column":15}},"type":"binary-expr","locations":[{"start":{"line":58,"column":14},"end":{"line":58,"column":38}},{"start":{"line":58,"column":42},"end":{"line":61,"column":15}}],"line":58},"7":{"loc":{"start":{"line":78,"column":15},"end":{"line":82,"column":15}},"type":"binary-expr","locations":[{"start":{"line":78,"column":15},"end":{"line":78,"column":39}},{"start":{"line":79,"column":16},"end":{"line":81,"column":23}}],"line":78},"8":{"loc":{"start":{"line":84,"column":15},"end":{"line":88,"column":15}},"type":"binary-expr","locations":[{"start":{"line":84,"column":15},"end":{"line":84,"column":40}},{"start":{"line":85,"column":16},"end":{"line":87,"column":23}}],"line":84}},"s":{"0":0,"1":0,"2":0,"3":0,"4":0,"5":0,"6":0,"7":0,"8":0,"9":0,"10":0,"11":0,"12":0,"13":0,"14":0,"15":0,"16":0},"f":{"0":0,"1":0,"2":0,"3":0,"4":0,"5":0,"6":0},"b":{"0":[0],"1":[0,0],"2":[0,0],"3":[0,0],"4":[0,0],"5":[0,0],"6":[0,0],"7":[0,0],"8":[0,0]}}
,"/home/sdas/GitRepo/CardSwipe-v3/components/ProgressBar.tsx": {"path":"/home/sdas/GitRepo/CardSwipe-v3/components/ProgressBar.tsx","statementMap":{"0":{"start":{"line":8,"column":19},"end":{"line":8,"column":62}},"1":{"start":{"line":8,"column":47},"end":{"line":8,"column":61}},"2":{"start":{"line":9,"column":22},"end":{"line":9,"column":38}},"3":{"start":{"line":12,"column":25},"end":{"line":12,"column":80}},"4":{"start":{"line":12,"column":61},"end":{"line":12,"column":72}},"5":{"start":{"line":13,"column":23},"end":{"line":13,"column":37}},"6":{"start":{"line":14,"column":26},"end":{"line":14,"column":63}},"7":{"start":{"line":16,"column":2},"end":{"line":39,"column":4}},"8":{"start":{"line":42,"column":15},"end":{"line":67,"column":2}}},"fnMap":{"0":{"name":"ProgressBar","decl":{"start":{"line":7,"column":24},"end":{"line":7,"column":35}},"loc":{"start":{"line":7,"column":38},"end":{"line":40,"column":1}},"line":7},"1":{"name":"(anonymous_1)","decl":{"start":{"line":8,"column":36},"end":{"line":8,"column":37}},"loc":{"start":{"line":8,"column":47},"end":{"line":8,"column":61}},"line":8},"2":{"name":"(anonymous_2)","decl":{"start":{"line":12,"column":56},"end":{"line":12,"column":57}},"loc":{"start":{"line":12,"column":61},"end":{"line":12,"column":72}},"line":12}},"branchMap":{},"s":{"0":0,"1":0,"2":0,"3":0,"4":0,"5":0,"6":0,"7":0,"8":0},"f":{"0":0,"1":0,"2":0},"b":{}}
,"/home/sdas/GitRepo/CardSwipe-v3/components/QuizCard.tsx": {"path":"/home/sdas/GitRepo/CardSwipe-v3/components/QuizCard.tsx","statementMap":{"0":{"start":{"line":14,"column":46},"end":{"line":14,"column":75}},"1":{"start":{"line":15,"column":38},"end":{"line":15,"column":53}},"2":{"start":{"line":16,"column":20},"end":{"line":16,"column":62}},"3":{"start":{"line":16,"column":48},"end":{"line":16,"column":61}},"4":{"start":{"line":17,"column":22},"end":{"line":17,"column":38}},"5":{"start":{"line":19,"column":29},"end":{"line":33,"column":3}},"6":{"start":{"line":20,"column":4},"end":{"line":20,"column":27}},"7":{"start":{"line":20,"column":20},"end":{"line":20,"column":27}},"8":{"start":{"line":22,"column":4},"end":{"line":24,"column":5}},"9":{"start":{"line":23,"column":6},"end":{"line":23,"column":62}},"10":{"start":{"line":26,"column":4},"end":{"line":26,"column":30}},"11":{"start":{"line":27,"column":4},"end":{"line":27,"column":24}},"12":{"start":{"line":30,"column":4},"end":{"line":32,"column":5}},"13":{"start":{"line":31,"column":6},"end":{"line":31,"column":16}},"14":{"start":{"line":35,"column":25},"end":{"line":61,"column":3}},"15":{"start":{"line":36,"column":4},"end":{"line":38,"column":5}},"16":{"start":{"line":37,"column":6},"end":{"line":37,"column":101}},"17":{"start":{"line":40,"column":4},"end":{"line":48,"column":5}},"18":{"start":{"line":41,"column":6},"end":{"line":47,"column":8}},"19":{"start":{"line":50,"column":4},"end":{"line":58,"column":5}},"20":{"start":{"line":51,"column":6},"end":{"line":57,"column":8}},"21":{"start":{"line":60,"column":4},"end":{"line":60,"column":99}},"22":{"start":{"line":63,"column":2},"end":{"line":97,"column":4}},"23":{"start":{"line":70,"column":10},"end":{"line":78,"column":29}},"24":{"start":{"line":73,"column":27},"end":{"line":73,"column":53}},"25":{"start":{"line":100,"column":15},"end":{"line":148,"column":2}}},"fnMap":{"0":{"name":"QuizCard","decl":{"start":{"line":13,"column":24},"end":{"line":13,"column":32}},"loc":{"start":{"line":13,"column":68},"end":{"line":98,"column":1}},"line":13},"1":{"name":"(anonymous_1)","decl":{"start":{"line":16,"column":37},"end":{"line":16,"column":38}},"loc":{"start":{"line":16,"column":48},"end":{"line":16,"column":61}},"line":16},"2":{"name":"(anonymous_2)","decl":{"start":{"line":19,"column":29},"end":{"line":19,"column":30}},"loc":{"start":{"line":19,"column":49},"end":{"line":33,"column":3}},"line":19},"3":{"name":"(anonymous_3)","decl":{"start":{"line":35,"column":25},"end":{"line":35,"column":26}},"loc":{"start":{"line":35,"column":45},"end":{"line":61,"column":3}},"line":35},"4":{"name":"(anonymous_4)","decl":{"start":{"line":69,"column":26},"end":{"line":69,"column":27}},"loc":{"start":{"line":70,"column":10},"end":{"line":78,"column":29}},"line":70},"5":{"name":"(anonymous_5)","decl":{"start":{"line":73,"column":21},"end":{"line":73,"column":22}},"loc":{"start":{"line":73,"column":27},"end":{"line":73,"column":53}},"line":73}},"branchMap":{"0":{"loc":{"start":{"line":20,"column":4},"end":{"line":20,"column":27}},"type":"if","locations":[{"start":{"line":20,"column":4},"end":{"line":20,"column":27}},{"start":{},"end":{}}],"line":20},"1":{"loc":{"start":{"line":22,"column":4},"end":{"line":24,"column":5}},"type":"if","locations":[{"start":{"line":22,"column":4},"end":{"line":24,"column":5}},{"start":{},"end":{}}],"line":22},"2":{"loc":{"start":{"line":30,"column":4},"end":{"line":32,"column":5}},"type":"if","locations":[{"start":{"line":30,"column":4},"end":{"line":32,"column":5}},{"start":{},"end":{}}],"line":30},"3":{"loc":{"start":{"line":36,"column":4},"end":{"line":38,"column":5}},"type":"if","locations":[{"start":{"line":36,"column":4},"end":{"line":38,"column":5}},{"start":{},"end":{}}],"line":36},"4":{"loc":{"start":{"line":40,"column":4},"end":{"line":48,"column":5}},"type":"if","locations":[{"start":{"line":40,"column":4},"end":{"line":48,"column":5}},{"start":{},"end":{}}],"line":40},"5":{"loc":{"start":{"line":50,"column":4},"end":{"line":58,"column":5}},"type":"if","locations":[{"start":{"line":50,"column":4},"end":{"line":58,"column":5}},{"start":{},"end":{}}],"line":50},"6":{"loc":{"start":{"line":82,"column":7},"end":{"line":95,"column":7}},"type":"binary-expr","locations":[{"start":{"line":82,"column":7},"end":{"line":82,"column":17}},{"start":{"line":83,"column":8},"end":{"line":94,"column":15}}],"line":82},"7":{"loc":{"start":{"line":84,"column":11},"end":{"line":93,"column":11}},"type":"cond-expr","locations":[{"start":{"line":85,"column":12},"end":{"line":85,"column":101}},{"start":{"line":87,"column":12},"end":{"line":92,"column":19}}],"line":84}},"s":{"0":0,"1":0,"2":0,"3":0,"4":0,"5":0,"6":0,"7":0,"8":0,"9":0,"10":0,"11":0,"12":0,"13":0,"14":0,"15":0,"16":0,"17":0,"18":0,"19":0,"20":0,"21":0,"22":0,"23":0,"24":0,"25":0},"f":{"0":0,"1":0,"2":0,"3":0,"4":0,"5":0},"b":{"0":[0,0],"1":[0,0],"2":[0,0],"3":[0,0],"4":[0,0],"5":[0,0],"6":[0,0],"7":[0,0]}}
,"/home/sdas/GitRepo/CardSwipe-v3/components/StatsCard.tsx": {"path":"/home/sdas/GitRepo/CardSwipe-v3/components/StatsCard.tsx","statementMap":{"0":{"start":{"line":8,"column":25},"end":{"line":8,"column":43}},"1":{"start":{"line":9,"column":19},"end":{"line":9,"column":62}},"2":{"start":{"line":9,"column":47},"end":{"line":9,"column":61}},"3":{"start":{"line":10,"column":22},"end":{"line":10,"column":38}},"4":{"start":{"line":13,"column":25},"end":{"line":13,"column":80}},"5":{"start":{"line":13,"column":61},"end":{"line":13,"column":72}},"6":{"start":{"line":15,"column":2},"end":{"line":51,"column":4}},"7":{"start":{"line":54,"column":15},"end":{"line":88,"column":2}}},"fnMap":{"0":{"name":"StatsCard","decl":{"start":{"line":7,"column":24},"end":{"line":7,"column":33}},"loc":{"start":{"line":7,"column":36},"end":{"line":52,"column":1}},"line":7},"1":{"name":"(anonymous_1)","decl":{"start":{"line":9,"column":36},"end":{"line":9,"column":37}},"loc":{"start":{"line":9,"column":47},"end":{"line":9,"column":61}},"line":9},"2":{"name":"(anonymous_2)","decl":{"start":{"line":13,"column":56},"end":{"line":13,"column":57}},"loc":{"start":{"line":13,"column":61},"end":{"line":13,"column":72}},"line":13}},"branchMap":{},"s":{"0":0,"1":0,"2":0,"3":0,"4":0,"5":0,"6":0,"7":0},"f":{"0":0,"1":0,"2":0},"b":{}}
,"/home/sdas/GitRepo/CardSwipe-v3/components/XPNotification.tsx": {"path":"/home/sdas/GitRepo/CardSwipe-v3/components/XPNotification.tsx","statementMap":{"0":{"start":{"line":12,"column":18},"end":{"line":12,"column":55}},"1":{"start":{"line":13,"column":21},"end":{"line":13,"column":59}},"2":{"start":{"line":14,"column":16},"end":{"line":14,"column":55}},"3":{"start":{"line":16,"column":2},"end":{"line":60,"column":16}},"4":{"start":{"line":17,"column":4},"end":{"line":59,"column":5}},"5":{"start":{"line":19,"column":6},"end":{"line":58,"column":9}},"6":{"start":{"line":38,"column":8},"end":{"line":57,"column":17}},"7":{"start":{"line":39,"column":10},"end":{"line":56,"column":13}},"8":{"start":{"line":51,"column":12},"end":{"line":51,"column":25}},"9":{"start":{"line":53,"column":12},"end":{"line":53,"column":32}},"10":{"start":{"line":54,"column":12},"end":{"line":54,"column":36}},"11":{"start":{"line":55,"column":12},"end":{"line":55,"column":32}},"12":{"start":{"line":62,"column":2},"end":{"line":62,"column":28}},"13":{"start":{"line":62,"column":16},"end":{"line":62,"column":28}},"14":{"start":{"line":64,"column":2},"end":{"line":79,"column":4}},"15":{"start":{"line":82,"column":15},"end":{"line":110,"column":2}}},"fnMap":{"0":{"name":"XPNotification","decl":{"start":{"line":11,"column":24},"end":{"line":11,"column":38}},"loc":{"start":{"line":11,"column":95},"end":{"line":80,"column":1}},"line":11},"1":{"name":"(anonymous_1)","decl":{"start":{"line":16,"column":12},"end":{"line":16,"column":13}},"loc":{"start":{"line":16,"column":18},"end":{"line":60,"column":3}},"line":16},"2":{"name":"(anonymous_2)","decl":{"start":{"line":36,"column":15},"end":{"line":36,"column":16}},"loc":{"start":{"line":36,"column":21},"end":{"line":58,"column":7}},"line":36},"3":{"name":"(anonymous_3)","decl":{"start":{"line":38,"column":19},"end":{"line":38,"column":20}},"loc":{"start":{"line":38,"column":25},"end":{"line":57,"column":9}},"line":38},"4":{"name":"(anonymous_4)","decl":{"start":{"line":50,"column":19},"end":{"line":50,"column":20}},"loc":{"start":{"line":50,"column":25},"end":{"line":56,"column":11}},"line":50}},"branchMap":{"0":{"loc":{"start":{"line":17,"column":4},"end":{"line":59,"column":5}},"type":"if","locations":[{"start":{"line":17,"column":4},"end":{"line":59,"column":5}},{"start":{},"end":{}}],"line":17},"1":{"loc":{"start":{"line":62,"column":2},"end":{"line":62,"column":28}},"type":"if","locations":[{"start":{"line":62,"column":2},"end":{"line":62,"column":28}},{"start":{},"end":{}}],"line":62}},"s":{"0":0,"1":0,"2":0,"3":0,"4":0,"5":0,"6":0,"7":0,"8":0,"9":0,"10":0,"11":0,"12":0,"13":0,"14":0,"15":0},"f":{"0":0,"1":0,"2":0,"3":0,"4":0},"b":{"0":[0,0],"1":[0,0]}}
,"/home/sdas/GitRepo/CardSwipe-v3/hooks/useThemeColors.ts": {"path":"/home/sdas/GitRepo/CardSwipe-v3/hooks/useThemeColors.ts","statementMap":{"0":{"start":{"line":5,"column":15},"end":{"line":5,"column":51}},"1":{"start":{"line":5,"column":40},"end":{"line":5,"column":50}},"2":{"start":{"line":6,"column":2},"end":{"line":6,"column":22}}},"fnMap":{"0":{"name":"useThemeColors","decl":{"start":{"line":4,"column":16},"end":{"line":4,"column":30}},"loc":{"start":{"line":4,"column":33},"end":{"line":7,"column":1}},"line":4},"1":{"name":"(anonymous_1)","decl":{"start":{"line":5,"column":29},"end":{"line":5,"column":30}},"loc":{"start":{"line":5,"column":40},"end":{"line":5,"column":50}},"line":5}},"branchMap":{},"s":{"0":0,"1":0,"2":0},"f":{"0":0,"1":0},"b":{}}
,"/home/sdas/GitRepo/CardSwipe-v3/store/useProgressStore.ts": {"path":"/home/sdas/GitRepo/CardSwipe-v3/store/useProgressStore.ts","statementMap":{"0":{"start":{"line":29,"column":32},"end":{"line":148,"column":1}},"1":{"start":{"line":31,"column":19},"end":{"line":141,"column":5}},"2":{"start":{"line":40,"column":8},"end":{"line":61,"column":11}},"3":{"start":{"line":41,"column":33},"end":{"line":41,"column":100}},"4":{"start":{"line":44,"column":24},"end":{"line":44,"column":25}},"5":{"start":{"line":45,"column":10},"end":{"line":47,"column":11}},"6":{"start":{"line":46,"column":12},"end":{"line":46,"column":25}},"7":{"start":{"line":49,"column":10},"end":{"line":60,"column":12}},"8":{"start":{"line":64,"column":8},"end":{"line":64,"column":29}},"9":{"start":{"line":68,"column":8},"end":{"line":80,"column":11}},"10":{"start":{"line":69,"column":33},"end":{"line":69,"column":100}},"11":{"start":{"line":71,"column":10},"end":{"line":79,"column":12}},"12":{"start":{"line":84,"column":8},"end":{"line":86,"column":12}},"13":{"start":{"line":84,"column":24},"end":{"line":86,"column":9}},"14":{"start":{"line":90,"column":8},"end":{"line":92,"column":12}},"15":{"start":{"line":90,"column":24},"end":{"line":92,"column":9}},"16":{"start":{"line":96,"column":8},"end":{"line":102,"column":11}},"17":{"start":{"line":106,"column":8},"end":{"line":133,"column":11}},"18":{"start":{"line":107,"column":24},"end":{"line":107,"column":62}},"19":{"start":{"line":108,"column":27},"end":{"line":108,"column":50}},"20":{"start":{"line":110,"column":10},"end":{"line":112,"column":11}},"21":{"start":{"line":111,"column":12},"end":{"line":111,"column":59}},"22":{"start":{"line":114,"column":30},"end":{"line":114,"column":48}},"23":{"start":{"line":115,"column":27},"end":{"line":115,"column":42}},"24":{"start":{"line":118,"column":27},"end":{"line":118,"column":79}},"25":{"start":{"line":119,"column":27},"end":{"line":119,"column":70}},"26":{"start":{"line":122,"column":10},"end":{"line":124,"column":11}},"27":{"start":{"line":123,"column":12},"end":{"line":123,"column":44}},"28":{"start":{"line":127,"column":10},"end":{"line":129,"column":11}},"29":{"start":{"line":128,"column":12},"end":{"line":128,"column":74}},"30":{"start":{"line":132,"column":10},"end":{"line":132,"column":57}},"31":{"start":{"line":137,"column":8},"end":{"line":139,"column":12}},"32":{"start":{"line":137,"column":24},"end":{"line":139,"column":9}},"33":{"start":{"line":144,"column":39},"end":{"line":144,"column":51}}},"fnMap":{"0":{"name":"(anonymous_0)","decl":{"start":{"line":31,"column":4},"end":{"line":31,"column":5}},"loc":{"start":{"line":31,"column":19},"end":{"line":141,"column":5}},"line":31},"1":{"name":"(anonymous_1)","decl":{"start":{"line":39,"column":23},"end":{"line":39,"column":24}},"loc":{"start":{"line":39,"column":45},"end":{"line":65,"column":7}},"line":39},"2":{"name":"(anonymous_2)","decl":{"start":{"line":40,"column":12},"end":{"line":40,"column":13}},"loc":{"start":{"line":40,"column":23},"end":{"line":61,"column":9}},"line":40},"3":{"name":"(anonymous_3)","decl":{"start":{"line":67,"column":22},"end":{"line":67,"column":23}},"loc":{"start":{"line":67,"column":44},"end":{"line":81,"column":7}},"line":67},"4":{"name":"(anonymous_4)","decl":{"start":{"line":68,"column":12},"end":{"line":68,"column":13}},"loc":{"start":{"line":68,"column":23},"end":{"line":80,"column":9}},"line":68},"5":{"name":"(anonymous_5)","decl":{"start":{"line":83,"column":20},"end":{"line":83,"column":21}},"loc":{"start":{"line":83,"column":26},"end":{"line":87,"column":7}},"line":83},"6":{"name":"(anonymous_6)","decl":{"start":{"line":84,"column":12},"end":{"line":84,"column":13}},"loc":{"start":{"line":84,"column":24},"end":{"line":86,"column":9}},"line":84},"7":{"name":"(anonymous_7)","decl":{"start":{"line":89,"column":20},"end":{"line":89,"column":21}},"loc":{"start":{"line":89,"column":26},"end":{"line":93,"column":7}},"line":89},"8":{"name":"(anonymous_8)","decl":{"start":{"line":90,"column":12},"end":{"line":90,"column":13}},"loc":{"start":{"line":90,"column":24},"end":{"line":92,"column":9}},"line":90},"9":{"name":"(anonymous_9)","decl":{"start":{"line":95,"column":21},"end":{"line":95,"column":22}},"loc":{"start":{"line":95,"column":27},"end":{"line":103,"column":7}},"line":95},"10":{"name":"(anonymous_10)","decl":{"start":{"line":105,"column":20},"end":{"line":105,"column":21}},"loc":{"start":{"line":105,"column":26},"end":{"line":134,"column":7}},"line":105},"11":{"name":"(anonymous_11)","decl":{"start":{"line":106,"column":12},"end":{"line":106,"column":13}},"loc":{"start":{"line":106,"column":23},"end":{"line":133,"column":9}},"line":106},"12":{"name":"(anonymous_12)","decl":{"start":{"line":136,"column":13},"end":{"line":136,"column":14}},"loc":{"start":{"line":136,"column":33},"end":{"line":140,"column":7}},"line":136},"13":{"name":"(anonymous_13)","decl":{"start":{"line":137,"column":12},"end":{"line":137,"column":13}},"loc":{"start":{"line":137,"column":24},"end":{"line":139,"column":9}},"line":137},"14":{"name":"(anonymous_14)","decl":{"start":{"line":144,"column":33},"end":{"line":144,"column":34}},"loc":{"start":{"line":144,"column":39},"end":{"line":144,"column":51}},"line":144}},"branchMap":{"0":{"loc":{"start":{"line":41,"column":33},"end":{"line":41,"column":100}},"type":"binary-expr","locations":[{"start":{"line":41,"column":33},"end":{"line":41,"column":57}},{"start":{"line":41,"column":61},"end":{"line":41,"column":100}}],"line":41},"1":{"loc":{"start":{"line":45,"column":10},"end":{"line":47,"column":11}},"type":"if","locations":[{"start":{"line":45,"column":10},"end":{"line":47,"column":11}},{"start":{},"end":{}}],"line":45},"2":{"loc":{"start":{"line":69,"column":33},"end":{"line":69,"column":100}},"type":"binary-expr","locations":[{"start":{"line":69,"column":33},"end":{"line":69,"column":57}},{"start":{"line":69,"column":61},"end":{"line":69,"column":100}}],"line":69},"3":{"loc":{"start":{"line":110,"column":10},"end":{"line":112,"column":11}},"type":"if","locations":[{"start":{"line":110,"column":10},"end":{"line":112,"column":11}},{"start":{},"end":{}}],"line":110},"4":{"loc":{"start":{"line":122,"column":10},"end":{"line":124,"column":11}},"type":"if","locations":[{"start":{"line":122,"column":10},"end":{"line":124,"column":11}},{"start":{},"end":{}}],"line":122},"5":{"loc":{"start":{"line":127,"column":10},"end":{"line":129,"column":11}},"type":"if","locations":[{"start":{"line":127,"column":10},"end":{"line":129,"column":11}},{"start":{},"end":{}}],"line":127}},"s":{"0":1,"1":1,"2":4,"3":4,"4":4,"5":4,"6":3,"7":4,"8":4,"9":4,"10":4,"11":4,"12":33,"13":33,"14":2,"15":2,"16":13,"17":4,"18":4,"19":4,"20":4,"21":0,"22":4,"23":4,"24":4,"25":4,"26":4,"27":4,"28":0,"29":0,"30":0,"31":3,"32":3,"33":1},"f":{"0":1,"1":4,"2":4,"3":4,"4":4,"5":33,"6":33,"7":2,"8":2,"9":13,"10":4,"11":4,"12":3,"13":3,"14":1},"b":{"0":[4,3],"1":[3,1],"2":[4,3],"3":[0,4],"4":[4,0],"5":[0,0]},"_coverageSchema":"1a1c01bbd47fc00a2c39e90264f33305004495a9","hash":"8969b6c76bb74bd329715a18c63c73277090b6b5"}
,"/home/sdas/GitRepo/CardSwipe-v3/store/useThemeStore.ts": {"path":"/home/sdas/GitRepo/CardSwipe-v3/store/useThemeStore.ts","statementMap":{"0":{"start":{"line":15,"column":29},"end":{"line":35,"column":1}},"1":{"start":{"line":17,"column":14},"end":{"line":29,"column":5}},"2":{"start":{"line":21,"column":10},"end":{"line":23,"column":14}},"3":{"start":{"line":21,"column":26},"end":{"line":23,"column":11}},"4":{"start":{"line":26,"column":10},"end":{"line":26,"column":24}},"5":{"start":{"line":32,"column":39},"end":{"line":32,"column":51}}},"fnMap":{"0":{"name":"(anonymous_0)","decl":{"start":{"line":17,"column":4},"end":{"line":17,"column":5}},"loc":{"start":{"line":17,"column":14},"end":{"line":29,"column":5}},"line":17},"1":{"name":"(anonymous_1)","decl":{"start":{"line":20,"column":21},"end":{"line":20,"column":22}},"loc":{"start":{"line":20,"column":27},"end":{"line":24,"column":9}},"line":20},"2":{"name":"(anonymous_2)","decl":{"start":{"line":21,"column":14},"end":{"line":21,"column":15}},"loc":{"start":{"line":21,"column":26},"end":{"line":23,"column":11}},"line":21},"3":{"name":"(anonymous_3)","decl":{"start":{"line":25,"column":18},"end":{"line":25,"column":19}},"loc":{"start":{"line":25,"column":39},"end":{"line":27,"column":9}},"line":25},"4":{"name":"(anonymous_4)","decl":{"start":{"line":32,"column":33},"end":{"line":32,"column":34}},"loc":{"start":{"line":32,"column":39},"end":{"line":32,"column":51}},"line":32}},"branchMap":{"0":{"loc":{"start":{"line":22,"column":18},"end":{"line":22,"column":58}},"type":"cond-expr","locations":[{"start":{"line":22,"column":42},"end":{"line":22,"column":49}},{"start":{"line":22,"column":52},"end":{"line":22,"column":58}}],"line":22}},"s":{"0":0,"1":0,"2":0,"3":0,"4":0,"5":0},"f":{"0":0,"1":0,"2":0,"3":0,"4":0},"b":{"0":[0,0]}}
}
